[0.179s] Invoking command in '/home/li/ros2_ws/build/dummy_moveit_config': AMENT_PREFIX_PATH=/home/li/ros2_ws/install/dummy-ros2_description:/home/li/ros2_ws/install/pymoveit2:/home/li/ros2_ws/install/dummy_moveit_config:/home/li/ros2_ws/install/dummy_controller:/opt/ros/humble CMAKE_PREFIX_PATH=${CMAKE_PREFIX_PATH}:/home/li/ros2_ws/install/dummy_controller:/home/li/ros2_ws/install/dummy-ros2_description:/opt/ros/humble CONDA_PROMPT_MODIFIER=(base) PYTHONPATH=/home/li/ros2_ws/install/dummy-ros2_description/lib/python3.10/site-packages:/home/li/ros2_ws/install/pymoveit2/lib/python3.11/site-packages:/home/li/ros2_ws/install/dummy_controller/lib/python3.10/site-packages:/opt/ros/humble/lib/python3.10/site-packages:/opt/ros/humble/local/lib/python3.10/dist-packages /usr/bin/cmake --build /home/li/ros2_ws/build/dummy_moveit_config -- -j32 -l32
[0.250s] [35m[1mConsolidate compiler generated dependencies of target dummy_servo_cpp_interface_demo[0m
[0.251s] [35m[1mConsolidate compiler generated dependencies of target dummy_servo_keyboard_input[0m
[0.276s] [ 50%] Built target dummy_servo_keyboard_input
[0.285s] [100%] Built target dummy_servo_cpp_interface_demo
[0.297s] Invoked command in '/home/li/ros2_ws/build/dummy_moveit_config' returned '0': AMENT_PREFIX_PATH=/home/li/ros2_ws/install/dummy-ros2_description:/home/li/ros2_ws/install/pymoveit2:/home/li/ros2_ws/install/dummy_moveit_config:/home/li/ros2_ws/install/dummy_controller:/opt/ros/humble CMAKE_PREFIX_PATH=${CMAKE_PREFIX_PATH}:/home/li/ros2_ws/install/dummy_controller:/home/li/ros2_ws/install/dummy-ros2_description:/opt/ros/humble CONDA_PROMPT_MODIFIER=(base) PYTHONPATH=/home/li/ros2_ws/install/dummy-ros2_description/lib/python3.10/site-packages:/home/li/ros2_ws/install/pymoveit2/lib/python3.11/site-packages:/home/li/ros2_ws/install/dummy_controller/lib/python3.10/site-packages:/opt/ros/humble/lib/python3.10/site-packages:/opt/ros/humble/local/lib/python3.10/dist-packages /usr/bin/cmake --build /home/li/ros2_ws/build/dummy_moveit_config -- -j32 -l32
[0.308s] Invoking command in '/home/li/ros2_ws/build/dummy_moveit_config': AMENT_PREFIX_PATH=/home/li/ros2_ws/install/dummy-ros2_description:/home/li/ros2_ws/install/pymoveit2:/home/li/ros2_ws/install/dummy_moveit_config:/home/li/ros2_ws/install/dummy_controller:/opt/ros/humble CMAKE_PREFIX_PATH=${CMAKE_PREFIX_PATH}:/home/li/ros2_ws/install/dummy_controller:/home/li/ros2_ws/install/dummy-ros2_description:/opt/ros/humble CONDA_PROMPT_MODIFIER=(base) PYTHONPATH=/home/li/ros2_ws/install/dummy-ros2_description/lib/python3.10/site-packages:/home/li/ros2_ws/install/pymoveit2/lib/python3.11/site-packages:/home/li/ros2_ws/install/dummy_controller/lib/python3.10/site-packages:/opt/ros/humble/lib/python3.10/site-packages:/opt/ros/humble/local/lib/python3.10/dist-packages /usr/bin/cmake --install /home/li/ros2_ws/build/dummy_moveit_config
[0.317s] -- Install configuration: ""
[0.317s] -- Up-to-date: /home/li/ros2_ws/install/dummy_moveit_config/lib/dummy_moveit_config/dummy_servo_keyboard_input
[0.318s] -- Up-to-date: /home/li/ros2_ws/install/dummy_moveit_config/lib/dummy_moveit_config/dummy_servo_cpp_interface_demo
[0.318s] -- Up-to-date: /home/li/ros2_ws/install/dummy_moveit_config/share/ament_index/resource_index/package_run_dependencies/dummy_moveit_config
[0.318s] -- Up-to-date: /home/li/ros2_ws/install/dummy_moveit_config/share/ament_index/resource_index/parent_prefix_path/dummy_moveit_config
[0.318s] -- Up-to-date: /home/li/ros2_ws/install/dummy_moveit_config/share/dummy_moveit_config/environment/ament_prefix_path.sh
[0.318s] -- Up-to-date: /home/li/ros2_ws/install/dummy_moveit_config/share/dummy_moveit_config/environment/ament_prefix_path.dsv
[0.318s] -- Up-to-date: /home/li/ros2_ws/install/dummy_moveit_config/share/dummy_moveit_config/environment/path.sh
[0.318s] -- Up-to-date: /home/li/ros2_ws/install/dummy_moveit_config/share/dummy_moveit_config/environment/path.dsv
[0.318s] -- Up-to-date: /home/li/ros2_ws/install/dummy_moveit_config/share/dummy_moveit_config/local_setup.bash
[0.318s] -- Up-to-date: /home/li/ros2_ws/install/dummy_moveit_config/share/dummy_moveit_config/local_setup.sh
[0.318s] -- Up-to-date: /home/li/ros2_ws/install/dummy_moveit_config/share/dummy_moveit_config/local_setup.zsh
[0.318s] -- Up-to-date: /home/li/ros2_ws/install/dummy_moveit_config/share/dummy_moveit_config/local_setup.dsv
[0.318s] -- Installing: /home/li/ros2_ws/install/dummy_moveit_config/share/dummy_moveit_config/package.dsv
[0.318s] -- Up-to-date: /home/li/ros2_ws/install/dummy_moveit_config/share/ament_index/resource_index/packages/dummy_moveit_config
[0.318s] -- Up-to-date: /home/li/ros2_ws/install/dummy_moveit_config/share/dummy_moveit_config/cmake/dummy_moveit_configConfig.cmake
[0.318s] -- Up-to-date: /home/li/ros2_ws/install/dummy_moveit_config/share/dummy_moveit_config/cmake/dummy_moveit_configConfig-version.cmake
[0.318s] -- Up-to-date: /home/li/ros2_ws/install/dummy_moveit_config/share/dummy_moveit_config/package.xml
[0.318s] -- Up-to-date: /home/li/ros2_ws/install/dummy_moveit_config/share/dummy_moveit_config/launch
[0.318s] -- Up-to-date: /home/li/ros2_ws/install/dummy_moveit_config/share/dummy_moveit_config/launch/demo.launch.py
[0.318s] -- Up-to-date: /home/li/ros2_ws/install/dummy_moveit_config/share/dummy_moveit_config/launch/demo_custom.launch.py
[0.318s] -- Up-to-date: /home/li/ros2_ws/install/dummy_moveit_config/share/dummy_moveit_config/launch/servo_cpp_interface_demo.launch.py
[0.319s] -- Up-to-date: /home/li/ros2_ws/install/dummy_moveit_config/share/dummy_moveit_config/launch/spawn_controllers.launch.py
[0.319s] -- Up-to-date: /home/li/ros2_ws/install/dummy_moveit_config/share/dummy_moveit_config/launch/setup_assistant.launch.py
[0.319s] -- Up-to-date: /home/li/ros2_ws/install/dummy_moveit_config/share/dummy_moveit_config/launch/static_virtual_joint_tfs.launch.py
[0.319s] -- Up-to-date: /home/li/ros2_ws/install/dummy_moveit_config/share/dummy_moveit_config/launch/warehouse_db.launch.py
[0.319s] -- Up-to-date: /home/li/ros2_ws/install/dummy_moveit_config/share/dummy_moveit_config/launch/moveit_rviz.launch.py
[0.319s] -- Up-to-date: /home/li/ros2_ws/install/dummy_moveit_config/share/dummy_moveit_config/launch/move_group.launch.py
[0.319s] -- Up-to-date: /home/li/ros2_ws/install/dummy_moveit_config/share/dummy_moveit_config/launch/rsp.launch.py
[0.319s] -- Up-to-date: /home/li/ros2_ws/install/dummy_moveit_config/share/dummy_moveit_config/config
[0.319s] -- Up-to-date: /home/li/ros2_ws/install/dummy_moveit_config/share/dummy_moveit_config/config/moveit.rviz
[0.319s] -- Up-to-date: /home/li/ros2_ws/install/dummy_moveit_config/share/dummy_moveit_config/config/dummy-ros2.srdf
[0.319s] -- Up-to-date: /home/li/ros2_ws/install/dummy_moveit_config/share/dummy_moveit_config/config/joint_limits.yaml
[0.319s] -- Up-to-date: /home/li/ros2_ws/install/dummy_moveit_config/share/dummy_moveit_config/config/dummy-ros2.ros2_control.xacro
[0.319s] -- Up-to-date: /home/li/ros2_ws/install/dummy_moveit_config/share/dummy_moveit_config/config/kinematics.yaml
[0.319s] -- Up-to-date: /home/li/ros2_ws/install/dummy_moveit_config/share/dummy_moveit_config/config/moveit_empty.rviz
[0.319s] -- Up-to-date: /home/li/ros2_ws/install/dummy_moveit_config/share/dummy_moveit_config/config/dummy-ros2.urdf.xacro
[0.319s] -- Installing: /home/li/ros2_ws/install/dummy_moveit_config/share/dummy_moveit_config/config/moveit_controllers.yaml
[0.319s] -- Up-to-date: /home/li/ros2_ws/install/dummy_moveit_config/share/dummy_moveit_config/config/initial_positions.yaml
[0.319s] -- Up-to-date: /home/li/ros2_ws/install/dummy_moveit_config/share/dummy_moveit_config/config/pilz_cartesian_limits.yaml
[0.319s] -- Up-to-date: /home/li/ros2_ws/install/dummy_moveit_config/share/dummy_moveit_config/config/ros2_controllers.yaml
[0.319s] -- Up-to-date: /home/li/ros2_ws/install/dummy_moveit_config/share/dummy_moveit_config/config/dummy_simulated_config.yaml
[0.319s] -- Up-to-date: /home/li/ros2_ws/install/dummy_moveit_config/share/dummy_moveit_config/.setup_assistant
[0.320s] Invoked command in '/home/li/ros2_ws/build/dummy_moveit_config' returned '0': AMENT_PREFIX_PATH=/home/li/ros2_ws/install/dummy-ros2_description:/home/li/ros2_ws/install/pymoveit2:/home/li/ros2_ws/install/dummy_moveit_config:/home/li/ros2_ws/install/dummy_controller:/opt/ros/humble CMAKE_PREFIX_PATH=${CMAKE_PREFIX_PATH}:/home/li/ros2_ws/install/dummy_controller:/home/li/ros2_ws/install/dummy-ros2_description:/opt/ros/humble CONDA_PROMPT_MODIFIER=(base) PYTHONPATH=/home/li/ros2_ws/install/dummy-ros2_description/lib/python3.10/site-packages:/home/li/ros2_ws/install/pymoveit2/lib/python3.11/site-packages:/home/li/ros2_ws/install/dummy_controller/lib/python3.10/site-packages:/opt/ros/humble/lib/python3.10/site-packages:/opt/ros/humble/local/lib/python3.10/dist-packages /usr/bin/cmake --install /home/li/ros2_ws/build/dummy_moveit_config
