[0.404s] Invoking command in '/home/li/ros2_ws/src/dummy_controller': CONDA_PROMPT_MODIFIER=(base) PYTHONPATH=/home/li/ros2_ws/build/dummy_controller/prefix_override:/usr/lib/python3/dist-packages/colcon_core/task/python/colcon_distutils_commands:/home/li/ros2_ws/install/dummy_controller/lib/python3.10/site-packages:${PYTHONPATH} /usr/bin/python3 -W ignore:setup.py install is deprecated -W ignore:easy_install command is deprecated setup.py egg_info --egg-base ../../build/dummy_controller build --build-base /home/li/ros2_ws/build/dummy_controller/build install --record /home/li/ros2_ws/build/dummy_controller/install.log --single-version-externally-managed install_data
[0.555s] running egg_info
[0.555s] writing ../../build/dummy_controller/dummy_controller.egg-info/PKG-INFO
[0.555s] writing dependency_links to ../../build/dummy_controller/dummy_controller.egg-info/dependency_links.txt
[0.555s] writing entry points to ../../build/dummy_controller/dummy_controller.egg-info/entry_points.txt
[0.555s] writing requirements to ../../build/dummy_controller/dummy_controller.egg-info/requires.txt
[0.555s] writing top-level names to ../../build/dummy_controller/dummy_controller.egg-info/top_level.txt
[0.557s] reading manifest file '../../build/dummy_controller/dummy_controller.egg-info/SOURCES.txt'
[0.558s] writing manifest file '../../build/dummy_controller/dummy_controller.egg-info/SOURCES.txt'
[0.558s] running build
[0.558s] running build_py
[0.558s] copying dummy_controller/dummy_cli_tool/fibre/remote_object.py -> /home/li/ros2_ws/build/dummy_controller/build/lib/dummy_controller/dummy_cli_tool/fibre
[0.559s] running install
[0.559s] running install_lib
[0.560s] copying /home/li/ros2_ws/build/dummy_controller/build/lib/dummy_controller/dummy_cli_tool/fibre/remote_object.py -> /home/li/ros2_ws/install/dummy_controller/lib/python3.10/site-packages/dummy_controller/dummy_cli_tool/fibre
[0.560s] byte-compiling /home/li/ros2_ws/install/dummy_controller/lib/python3.10/site-packages/dummy_controller/dummy_cli_tool/fibre/remote_object.py to remote_object.cpython-310.pyc
[0.562s] running install_data
[0.562s] running install_egg_info
[0.563s] removing '/home/li/ros2_ws/install/dummy_controller/lib/python3.10/site-packages/dummy_controller-0.0.0-py3.10.egg-info' (and everything under it)
[0.563s] Copying ../../build/dummy_controller/dummy_controller.egg-info to /home/li/ros2_ws/install/dummy_controller/lib/python3.10/site-packages/dummy_controller-0.0.0-py3.10.egg-info
[0.564s] running install_scripts
[0.574s] Installing add_collision_object script to /home/li/ros2_ws/install/dummy_controller/lib/dummy_controller
[0.574s] Installing dummy_arm_controller script to /home/li/ros2_ws/install/dummy_controller/lib/dummy_controller
[0.575s] Installing moveit_server script to /home/li/ros2_ws/install/dummy_controller/lib/dummy_controller
[0.575s] writing list of installed files to '/home/li/ros2_ws/build/dummy_controller/install.log'
[0.588s] Invoked command in '/home/li/ros2_ws/src/dummy_controller' returned '0': CONDA_PROMPT_MODIFIER=(base) PYTHONPATH=/home/li/ros2_ws/build/dummy_controller/prefix_override:/usr/lib/python3/dist-packages/colcon_core/task/python/colcon_distutils_commands:/home/li/ros2_ws/install/dummy_controller/lib/python3.10/site-packages:${PYTHONPATH} /usr/bin/python3 -W ignore:setup.py install is deprecated -W ignore:easy_install command is deprecated setup.py egg_info --egg-base ../../build/dummy_controller build --build-base /home/li/ros2_ws/build/dummy_controller/build install --record /home/li/ros2_ws/build/dummy_controller/install.log --single-version-externally-managed install_data
