running develop
running egg_info
creating dummy_controller.egg-info
writing dummy_controller.egg-info/PKG-INFO
writing dependency_links to dummy_controller.egg-info/dependency_links.txt
writing entry points to dummy_controller.egg-info/entry_points.txt
writing requirements to dummy_controller.egg-info/requires.txt
writing top-level names to dummy_controller.egg-info/top_level.txt
writing manifest file 'dummy_controller.egg-info/SOURCES.txt'
reading manifest file 'dummy_controller.egg-info/SOURCES.txt'
writing manifest file 'dummy_controller.egg-info/SOURCES.txt'
running build_ext
Creating /home/li/ros2_ws/install/dummy_controller/lib/python3.10/site-packages/dummy-controller.egg-link (link to .)
Installing add_collision_object script to /home/li/ros2_ws/install/dummy_controller/lib/dummy_controller
Installing dummy_arm_controller script to /home/li/ros2_ws/install/dummy_controller/lib/dummy_controller
Installing moveit_server script to /home/li/ros2_ws/install/dummy_controller/lib/dummy_controller

Installed /home/li/ros2_ws/build/dummy_controller
running symlink_data
creating /home/li/ros2_ws/install/dummy_controller/share/ament_index
creating /home/li/ros2_ws/install/dummy_controller/share/ament_index/resource_index
creating /home/li/ros2_ws/install/dummy_controller/share/ament_index/resource_index/packages
symbolically linking /home/li/ros2_ws/build/dummy_controller/resource/dummy_controller -> /home/li/ros2_ws/install/dummy_controller/share/ament_index/resource_index/packages
symbolically linking /home/li/ros2_ws/build/dummy_controller/package.xml -> /home/li/ros2_ws/install/dummy_controller/share/dummy_controller
creating /home/li/ros2_ws/install/dummy_controller/share/dummy_controller/dummy_cli_tool
symbolically linking /home/li/ros2_ws/build/dummy_controller/dummy_controller/dummy_cli_tool/zadig-2.5.exe -> /home/li/ros2_ws/install/dummy_controller/share/dummy_controller/dummy_cli_tool
