running develop
running egg_info
writing dummy_ros2_description.egg-info/PKG-INFO
writing dependency_links to dummy_ros2_description.egg-info/dependency_links.txt
writing entry points to dummy_ros2_description.egg-info/entry_points.txt
writing requirements to dummy_ros2_description.egg-info/requires.txt
writing top-level names to dummy_ros2_description.egg-info/top_level.txt
reading manifest file 'dummy_ros2_description.egg-info/SOURCES.txt'
writing manifest file 'dummy_ros2_description.egg-info/SOURCES.txt'
running build_ext
Creating /home/li/ros2_ws/install/dummy-ros2_description/lib/python3.10/site-packages/dummy-ros2-description.egg-link (link to .)

Installed /home/li/ros2_ws/build/dummy-ros2_description
running symlink_data
symbolically linking /home/li/ros2_ws/build/dummy-ros2_description/resource/dummy-ros2_description -> /home/li/ros2_ws/install/dummy-ros2_description/share/ament_index/resource_index/packages
symbolically linking /home/li/ros2_ws/build/dummy-ros2_description/package.xml -> /home/li/ros2_ws/install/dummy-ros2_description/share/dummy-ros2_description
symbolically linking /home/li/ros2_ws/build/dummy-ros2_description/launch/gazebo.launch.py -> /home/li/ros2_ws/install/dummy-ros2_description/share/dummy-ros2_description/launch
symbolically linking /home/li/ros2_ws/build/dummy-ros2_description/launch/display.launch.py -> /home/li/ros2_ws/install/dummy-ros2_description/share/dummy-ros2_description/launch
symbolically linking /home/li/ros2_ws/build/dummy-ros2_description/urdf/materials.xacro -> /home/li/ros2_ws/install/dummy-ros2_description/share/dummy-ros2_description/urdf
symbolically linking /home/li/ros2_ws/build/dummy-ros2_description/urdf/dummy-ros2.xacro -> /home/li/ros2_ws/install/dummy-ros2_description/share/dummy-ros2_description/urdf
symbolically linking /home/li/ros2_ws/build/dummy-ros2_description/urdf/dummy-ros2.trans -> /home/li/ros2_ws/install/dummy-ros2_description/share/dummy-ros2_description/urdf
symbolically linking /home/li/ros2_ws/build/dummy-ros2_description/urdf/dummy-ros2.gazebo -> /home/li/ros2_ws/install/dummy-ros2_description/share/dummy-ros2_description/urdf
symbolically linking /home/li/ros2_ws/build/dummy-ros2_description/meshes/link1_1_1.stl -> /home/li/ros2_ws/install/dummy-ros2_description/share/dummy-ros2_description/meshes
symbolically linking /home/li/ros2_ws/build/dummy-ros2_description/meshes/frames_2025-04-20_15.12.18.gv -> /home/li/ros2_ws/install/dummy-ros2_description/share/dummy-ros2_description/meshes
symbolically linking /home/li/ros2_ws/build/dummy-ros2_description/meshes/link5_1_1.stl -> /home/li/ros2_ws/install/dummy-ros2_description/share/dummy-ros2_description/meshes
symbolically linking /home/li/ros2_ws/build/dummy-ros2_description/meshes/link4_1_1.stl -> /home/li/ros2_ws/install/dummy-ros2_description/share/dummy-ros2_description/meshes
symbolically linking /home/li/ros2_ws/build/dummy-ros2_description/meshes/base_link.stl -> /home/li/ros2_ws/install/dummy-ros2_description/share/dummy-ros2_description/meshes
symbolically linking /home/li/ros2_ws/build/dummy-ros2_description/meshes/frames_2025-04-20_15.20.01.pdf -> /home/li/ros2_ws/install/dummy-ros2_description/share/dummy-ros2_description/meshes
symbolically linking /home/li/ros2_ws/build/dummy-ros2_description/meshes/link6_1_1.stl -> /home/li/ros2_ws/install/dummy-ros2_description/share/dummy-ros2_description/meshes
symbolically linking /home/li/ros2_ws/build/dummy-ros2_description/meshes/link3_1_1.stl -> /home/li/ros2_ws/install/dummy-ros2_description/share/dummy-ros2_description/meshes
symbolically linking /home/li/ros2_ws/build/dummy-ros2_description/meshes/frames_2025-04-20_15.12.18.pdf -> /home/li/ros2_ws/install/dummy-ros2_description/share/dummy-ros2_description/meshes
symbolically linking /home/li/ros2_ws/build/dummy-ros2_description/meshes/frames_2025-04-20_15.20.01.gv -> /home/li/ros2_ws/install/dummy-ros2_description/share/dummy-ros2_description/meshes
symbolically linking /home/li/ros2_ws/build/dummy-ros2_description/meshes/link2_1_1.stl -> /home/li/ros2_ws/install/dummy-ros2_description/share/dummy-ros2_description/meshes
symbolically linking /home/li/ros2_ws/build/dummy-ros2_description/config/display.rviz -> /home/li/ros2_ws/install/dummy-ros2_description/share/dummy-ros2_description/config
