[0.368s] Invoking command in '/home/li/ros2_ws/build/dummy_controller': CONDA_PROMPT_MODIFIER=(base) PYTHONPATH=/home/li/ros2_ws/build/dummy_controller/prefix_override:/usr/lib/python3/dist-packages/colcon_core/task/python/colcon_distutils_commands:/home/li/ros2_ws/install/dummy_controller/lib/python3.10/site-packages:${PYTHONPATH} /usr/bin/python3 -W ignore:setup.py install is deprecated -W ignore:easy_install command is deprecated setup.py develop --editable --build-directory /home/li/ros2_ws/build/dummy_controller/build --no-deps symlink_data --force
[0.520s] running develop
[0.625s] running egg_info
[0.625s] writing dummy_controller.egg-info/PKG-INFO
[0.625s] writing dependency_links to dummy_controller.egg-info/dependency_links.txt
[0.625s] writing entry points to dummy_controller.egg-info/entry_points.txt
[0.625s] writing requirements to dummy_controller.egg-info/requires.txt
[0.625s] writing top-level names to dummy_controller.egg-info/top_level.txt
[0.627s] reading manifest file 'dummy_controller.egg-info/SOURCES.txt'
[0.627s] writing manifest file 'dummy_controller.egg-info/SOURCES.txt'
[0.628s] running build_ext
[0.628s] Creating /home/li/ros2_ws/install/dummy_controller/lib/python3.10/site-packages/dummy-controller.egg-link (link to .)
[0.628s] Installing add_collision_object script to /home/li/ros2_ws/install/dummy_controller/lib/dummy_controller
[0.629s] Installing dummy_arm_controller script to /home/li/ros2_ws/install/dummy_controller/lib/dummy_controller
[0.629s] Installing moveit_server script to /home/li/ros2_ws/install/dummy_controller/lib/dummy_controller
[0.629s] 
[0.629s] Installed /home/li/ros2_ws/build/dummy_controller
[0.629s] running symlink_data
[0.629s] symbolically linking /home/li/ros2_ws/build/dummy_controller/resource/dummy_controller -> /home/li/ros2_ws/install/dummy_controller/share/ament_index/resource_index/packages
[0.629s] symbolically linking /home/li/ros2_ws/build/dummy_controller/package.xml -> /home/li/ros2_ws/install/dummy_controller/share/dummy_controller
[0.644s] Invoked command in '/home/li/ros2_ws/build/dummy_controller' returned '0': CONDA_PROMPT_MODIFIER=(base) PYTHONPATH=/home/li/ros2_ws/build/dummy_controller/prefix_override:/usr/lib/python3/dist-packages/colcon_core/task/python/colcon_distutils_commands:/home/li/ros2_ws/install/dummy_controller/lib/python3.10/site-packages:${PYTHONPATH} /usr/bin/python3 -W ignore:setup.py install is deprecated -W ignore:easy_install command is deprecated setup.py develop --editable --build-directory /home/li/ros2_ws/build/dummy_controller/build --no-deps symlink_data --force
