[0.006s] Invoking command in '/home/li/ros2_ws/build/pymoveit2': CMAKE_PREFIX_PATH=${CMAKE_PREFIX_PATH}:/home/li/ros2_ws/install/dummy-ros2_description:/home/li/ros2_ws/install/dummy_controller:/opt/ros/humble CONDA_PROMPT_MODIFIER=(base) /usr/bin/cmake /home/li/ros2_ws/src/dummy_server -DCMAKE_INSTALL_PREFIX=/home/li/ros2_ws/install/pymoveit2
[0.041s] -- The C compiler identification is GNU 11.4.0
[0.074s] -- The CXX compiler identification is GNU 11.4.0
[0.078s] -- Detecting C compiler ABI info
[0.124s] -- Detecting C compiler ABI info - done
[0.128s] -- Check for working C compiler: /usr/bin/cc - skipped
[0.128s] -- Detecting C compile features
[0.128s] -- Detecting C compile features - done
[0.130s] -- Detecting CXX compiler ABI info
[0.182s] -- Detecting CXX compiler ABI info - done
[0.186s] -- Check for working CXX compiler: /usr/bin/c++ - skipped
[0.186s] -- Detecting CXX compile features
[0.186s] -- Detecting CXX compile features - done
[0.188s] -- Found ament_cmake: 1.3.11 (/opt/ros/humble/share/ament_cmake/cmake)
[0.379s] -- Found Python3: /mnt/mydisk/anaconda3/bin/python3 (found version "3.11.7") found components: Interpreter 
[0.552s] -- Configuring done
[0.554s] -- Generating done
[0.555s] -- Build files have been written to: /home/li/ros2_ws/build/pymoveit2
[0.559s] Invoked command in '/home/li/ros2_ws/build/pymoveit2' returned '0': CMAKE_PREFIX_PATH=${CMAKE_PREFIX_PATH}:/home/li/ros2_ws/install/dummy-ros2_description:/home/li/ros2_ws/install/dummy_controller:/opt/ros/humble CONDA_PROMPT_MODIFIER=(base) /usr/bin/cmake /home/li/ros2_ws/src/dummy_server -DCMAKE_INSTALL_PREFIX=/home/li/ros2_ws/install/pymoveit2
[0.560s] Invoking command in '/home/li/ros2_ws/build/pymoveit2': CMAKE_PREFIX_PATH=${CMAKE_PREFIX_PATH}:/home/li/ros2_ws/install/dummy-ros2_description:/home/li/ros2_ws/install/dummy_controller:/opt/ros/humble CONDA_PROMPT_MODIFIER=(base) /usr/bin/cmake --build /home/li/ros2_ws/build/pymoveit2 -- -j32 -l32
[0.599s] Built target ament_cmake_python_copy_pymoveit2
[0.804s] running egg_info
[0.805s] creating pymoveit2.egg-info
[0.813s] writing pymoveit2.egg-info/PKG-INFO
[0.813s] writing dependency_links to pymoveit2.egg-info/dependency_links.txt
[0.813s] writing top-level names to pymoveit2.egg-info/top_level.txt
[0.813s] writing manifest file 'pymoveit2.egg-info/SOURCES.txt'
[0.838s] reading manifest file 'pymoveit2.egg-info/SOURCES.txt'
[0.838s] writing manifest file 'pymoveit2.egg-info/SOURCES.txt'
[0.854s] Built target ament_cmake_python_build_pymoveit2_egg
[0.863s] Invoked command in '/home/li/ros2_ws/build/pymoveit2' returned '0': CMAKE_PREFIX_PATH=${CMAKE_PREFIX_PATH}:/home/li/ros2_ws/install/dummy-ros2_description:/home/li/ros2_ws/install/dummy_controller:/opt/ros/humble CONDA_PROMPT_MODIFIER=(base) /usr/bin/cmake --build /home/li/ros2_ws/build/pymoveit2 -- -j32 -l32
[0.870s] Invoking command in '/home/li/ros2_ws/build/pymoveit2': CMAKE_PREFIX_PATH=${CMAKE_PREFIX_PATH}:/home/li/ros2_ws/install/dummy-ros2_description:/home/li/ros2_ws/install/dummy_controller:/opt/ros/humble CONDA_PROMPT_MODIFIER=(base) /usr/bin/cmake --install /home/li/ros2_ws/build/pymoveit2
[0.875s] -- Install configuration: ""
[0.875s] -- Installing: /home/li/ros2_ws/install/pymoveit2/share/pymoveit2/environment/pythonpath.sh
[0.875s] -- Installing: /home/li/ros2_ws/install/pymoveit2/share/pymoveit2/environment/pythonpath.dsv
[0.875s] -- Installing: /home/li/ros2_ws/install/pymoveit2/lib/python3.11/site-packages/pymoveit2-4.0.0-py3.11.egg-info
[0.875s] -- Installing: /home/li/ros2_ws/install/pymoveit2/lib/python3.11/site-packages/pymoveit2-4.0.0-py3.11.egg-info/top_level.txt
[0.876s] -- Installing: /home/li/ros2_ws/install/pymoveit2/lib/python3.11/site-packages/pymoveit2-4.0.0-py3.11.egg-info/PKG-INFO
[0.876s] -- Installing: /home/li/ros2_ws/install/pymoveit2/lib/python3.11/site-packages/pymoveit2-4.0.0-py3.11.egg-info/SOURCES.txt
[0.876s] -- Installing: /home/li/ros2_ws/install/pymoveit2/lib/python3.11/site-packages/pymoveit2-4.0.0-py3.11.egg-info/dependency_links.txt
[0.876s] -- Installing: /home/li/ros2_ws/install/pymoveit2/lib/python3.11/site-packages/pymoveit2
[0.876s] -- Installing: /home/li/ros2_ws/install/pymoveit2/lib/python3.11/site-packages/pymoveit2/gripper_command.py
[0.876s] -- Installing: /home/li/ros2_ws/install/pymoveit2/lib/python3.11/site-packages/pymoveit2/moveit2_gripper.py
[0.876s] -- Installing: /home/li/ros2_ws/install/pymoveit2/lib/python3.11/site-packages/pymoveit2/moveit2.py
[0.876s] -- Installing: /home/li/ros2_ws/install/pymoveit2/lib/python3.11/site-packages/pymoveit2/utils.py
[0.876s] -- Installing: /home/li/ros2_ws/install/pymoveit2/lib/python3.11/site-packages/pymoveit2/moveit2_servo.py
[0.876s] -- Installing: /home/li/ros2_ws/install/pymoveit2/lib/python3.11/site-packages/pymoveit2/__init__.py
[0.876s] -- Installing: /home/li/ros2_ws/install/pymoveit2/lib/python3.11/site-packages/pymoveit2/gripper_interface.py
[0.876s] -- Installing: /home/li/ros2_ws/install/pymoveit2/lib/python3.11/site-packages/pymoveit2/robots
[0.876s] -- Installing: /home/li/ros2_ws/install/pymoveit2/lib/python3.11/site-packages/pymoveit2/robots/lbr.py
[0.877s] -- Installing: /home/li/ros2_ws/install/pymoveit2/lib/python3.11/site-packages/pymoveit2/robots/ur.py
[0.877s] -- Installing: /home/li/ros2_ws/install/pymoveit2/lib/python3.11/site-packages/pymoveit2/robots/panda.py
[0.877s] -- Installing: /home/li/ros2_ws/install/pymoveit2/lib/python3.11/site-packages/pymoveit2/robots/phantomx_pincher.py
[0.877s] -- Installing: /home/li/ros2_ws/install/pymoveit2/lib/python3.11/site-packages/pymoveit2/robots/.dummy.py.swp
[0.877s] -- Installing: /home/li/ros2_ws/install/pymoveit2/lib/python3.11/site-packages/pymoveit2/robots/crane_x7.py
[0.877s] -- Installing: /home/li/ros2_ws/install/pymoveit2/lib/python3.11/site-packages/pymoveit2/robots/__init__.py
[0.877s] -- Installing: /home/li/ros2_ws/install/pymoveit2/lib/python3.11/site-packages/pymoveit2/robots/kinova.py
[0.877s] -- Installing: /home/li/ros2_ws/install/pymoveit2/lib/python3.11/site-packages/pymoveit2/robots/dummy.py
[0.911s] Listing '/home/li/ros2_ws/install/pymoveit2/lib/python3.11/site-packages/pymoveit2'...
[0.911s] Compiling '/home/li/ros2_ws/install/pymoveit2/lib/python3.11/site-packages/pymoveit2/__init__.py'...
[0.911s] Compiling '/home/li/ros2_ws/install/pymoveit2/lib/python3.11/site-packages/pymoveit2/gripper_command.py'...
[0.911s] Compiling '/home/li/ros2_ws/install/pymoveit2/lib/python3.11/site-packages/pymoveit2/gripper_interface.py'...
[0.911s] Compiling '/home/li/ros2_ws/install/pymoveit2/lib/python3.11/site-packages/pymoveit2/moveit2.py'...
[0.911s] Compiling '/home/li/ros2_ws/install/pymoveit2/lib/python3.11/site-packages/pymoveit2/moveit2_gripper.py'...
[0.911s] Compiling '/home/li/ros2_ws/install/pymoveit2/lib/python3.11/site-packages/pymoveit2/moveit2_servo.py'...
[0.911s] Listing '/home/li/ros2_ws/install/pymoveit2/lib/python3.11/site-packages/pymoveit2/robots'...
[0.911s] Compiling '/home/li/ros2_ws/install/pymoveit2/lib/python3.11/site-packages/pymoveit2/robots/__init__.py'...
[0.911s] Compiling '/home/li/ros2_ws/install/pymoveit2/lib/python3.11/site-packages/pymoveit2/robots/crane_x7.py'...
[0.911s] Compiling '/home/li/ros2_ws/install/pymoveit2/lib/python3.11/site-packages/pymoveit2/robots/dummy.py'...
[0.911s] Compiling '/home/li/ros2_ws/install/pymoveit2/lib/python3.11/site-packages/pymoveit2/robots/kinova.py'...
[0.911s] Compiling '/home/li/ros2_ws/install/pymoveit2/lib/python3.11/site-packages/pymoveit2/robots/lbr.py'...
[0.911s] Compiling '/home/li/ros2_ws/install/pymoveit2/lib/python3.11/site-packages/pymoveit2/robots/panda.py'...
[0.911s] Compiling '/home/li/ros2_ws/install/pymoveit2/lib/python3.11/site-packages/pymoveit2/robots/phantomx_pincher.py'...
[0.911s] Compiling '/home/li/ros2_ws/install/pymoveit2/lib/python3.11/site-packages/pymoveit2/robots/ur.py'...
[0.911s] Compiling '/home/li/ros2_ws/install/pymoveit2/lib/python3.11/site-packages/pymoveit2/utils.py'...
[0.914s] -- Installing: /home/li/ros2_ws/install/pymoveit2/lib/pymoveit2/ex_allow_collisions.py
[0.914s] -- Installing: /home/li/ros2_ws/install/pymoveit2/lib/pymoveit2/ex_clear_planning_scene.py
[0.914s] -- Installing: /home/li/ros2_ws/install/pymoveit2/lib/pymoveit2/ex_collision_mesh.py
[0.914s] -- Installing: /home/li/ros2_ws/install/pymoveit2/lib/pymoveit2/ex_collision_primitive.py
[0.914s] -- Installing: /home/li/ros2_ws/install/pymoveit2/lib/pymoveit2/ex_fk.py
[0.914s] -- Installing: /home/li/ros2_ws/install/pymoveit2/lib/pymoveit2/ex_gripper.py
[0.914s] -- Installing: /home/li/ros2_ws/install/pymoveit2/lib/pymoveit2/ex_ik.py
[0.914s] -- Installing: /home/li/ros2_ws/install/pymoveit2/lib/pymoveit2/ex_joint_goal.py
[0.914s] -- Installing: /home/li/ros2_ws/install/pymoveit2/lib/pymoveit2/ex_orientation_path_constraint.py
[0.915s] -- Installing: /home/li/ros2_ws/install/pymoveit2/lib/pymoveit2/ex_pose_goal.py
[0.915s] -- Installing: /home/li/ros2_ws/install/pymoveit2/lib/pymoveit2/ex_servo.py
[0.915s] -- Installing: /home/li/ros2_ws/install/pymoveit2/lib/pymoveit2/ex_collision_custom.py
[0.915s] -- Installing: /home/li/ros2_ws/install/pymoveit2/lib/pymoveit2/ex_pose_goal_custom.py
[0.915s] -- Installing: /home/li/ros2_ws/install/pymoveit2/share/ament_index/resource_index/package_run_dependencies/pymoveit2
[0.915s] -- Installing: /home/li/ros2_ws/install/pymoveit2/share/ament_index/resource_index/parent_prefix_path/pymoveit2
[0.915s] -- Installing: /home/li/ros2_ws/install/pymoveit2/share/pymoveit2/environment/ament_prefix_path.sh
[0.915s] -- Installing: /home/li/ros2_ws/install/pymoveit2/share/pymoveit2/environment/ament_prefix_path.dsv
[0.915s] -- Installing: /home/li/ros2_ws/install/pymoveit2/share/pymoveit2/environment/path.sh
[0.915s] -- Installing: /home/li/ros2_ws/install/pymoveit2/share/pymoveit2/environment/path.dsv
[0.915s] -- Installing: /home/li/ros2_ws/install/pymoveit2/share/pymoveit2/local_setup.bash
[0.916s] -- Installing: /home/li/ros2_ws/install/pymoveit2/share/pymoveit2/local_setup.sh
[0.916s] -- Installing: /home/li/ros2_ws/install/pymoveit2/share/pymoveit2/local_setup.zsh
[0.916s] -- Installing: /home/li/ros2_ws/install/pymoveit2/share/pymoveit2/local_setup.dsv
[0.916s] -- Installing: /home/li/ros2_ws/install/pymoveit2/share/pymoveit2/package.dsv
[0.916s] -- Installing: /home/li/ros2_ws/install/pymoveit2/share/ament_index/resource_index/packages/pymoveit2
[0.916s] -- Installing: /home/li/ros2_ws/install/pymoveit2/share/pymoveit2/cmake/pymoveit2Config.cmake
[0.916s] -- Installing: /home/li/ros2_ws/install/pymoveit2/share/pymoveit2/cmake/pymoveit2Config-version.cmake
[0.916s] -- Installing: /home/li/ros2_ws/install/pymoveit2/share/pymoveit2/package.xml
[0.918s] Invoked command in '/home/li/ros2_ws/build/pymoveit2' returned '0': CMAKE_PREFIX_PATH=${CMAKE_PREFIX_PATH}:/home/li/ros2_ws/install/dummy-ros2_description:/home/li/ros2_ws/install/dummy_controller:/opt/ros/humble CONDA_PROMPT_MODIFIER=(base) /usr/bin/cmake --install /home/li/ros2_ws/build/pymoveit2
