/usr/lib/python3/dist-packages/setuptools/dist.py:723: UserWarning: Usage of dash-separated 'script-dir' will not be supported in future versions. Please use the underscore name 'script_dir' instead
  warnings.warn(
running egg_info
creating ../../build/dummy-ros2_description/dummy_ros2_description.egg-info
writing ../../build/dummy-ros2_description/dummy_ros2_description.egg-info/PKG-INFO
writing dependency_links to ../../build/dummy-ros2_description/dummy_ros2_description.egg-info/dependency_links.txt
writing entry points to ../../build/dummy-ros2_description/dummy_ros2_description.egg-info/entry_points.txt
writing requirements to ../../build/dummy-ros2_description/dummy_ros2_description.egg-info/requires.txt
writing top-level names to ../../build/dummy-ros2_description/dummy_ros2_description.egg-info/top_level.txt
writing manifest file '../../build/dummy-ros2_description/dummy_ros2_description.egg-info/SOURCES.txt'
reading manifest file '../../build/dummy-ros2_description/dummy_ros2_description.egg-info/SOURCES.txt'
writing manifest file '../../build/dummy-ros2_description/dummy_ros2_description.egg-info/SOURCES.txt'
running build
running build_py
creating /home/li/ros2_ws/build/dummy-ros2_description/build
creating /home/li/ros2_ws/build/dummy-ros2_description/build/lib
creating /home/li/ros2_ws/build/dummy-ros2_description/build/lib/dummy-ros2_description
copying dummy-ros2_description/__init__.py -> /home/li/ros2_ws/build/dummy-ros2_description/build/lib/dummy-ros2_description
running install
running install_lib
creating /home/li/ros2_ws/install/dummy-ros2_description/lib/python3.10/site-packages/dummy-ros2_description
copying /home/li/ros2_ws/build/dummy-ros2_description/build/lib/dummy-ros2_description/__init__.py -> /home/li/ros2_ws/install/dummy-ros2_description/lib/python3.10/site-packages/dummy-ros2_description
byte-compiling /home/li/ros2_ws/install/dummy-ros2_description/lib/python3.10/site-packages/dummy-ros2_description/__init__.py to __init__.cpython-310.pyc
running install_data
creating /home/li/ros2_ws/install/dummy-ros2_description/share/ament_index
creating /home/li/ros2_ws/install/dummy-ros2_description/share/ament_index/resource_index
creating /home/li/ros2_ws/install/dummy-ros2_description/share/ament_index/resource_index/packages
copying resource/dummy-ros2_description -> /home/li/ros2_ws/install/dummy-ros2_description/share/ament_index/resource_index/packages
copying package.xml -> /home/li/ros2_ws/install/dummy-ros2_description/share/dummy-ros2_description
creating /home/li/ros2_ws/install/dummy-ros2_description/share/dummy-ros2_description/launch
copying launch/gazebo.launch.py -> /home/li/ros2_ws/install/dummy-ros2_description/share/dummy-ros2_description/launch
copying launch/display.launch.py -> /home/li/ros2_ws/install/dummy-ros2_description/share/dummy-ros2_description/launch
creating /home/li/ros2_ws/install/dummy-ros2_description/share/dummy-ros2_description/urdf
copying urdf/materials.xacro -> /home/li/ros2_ws/install/dummy-ros2_description/share/dummy-ros2_description/urdf
copying urdf/dummy-ros2.xacro -> /home/li/ros2_ws/install/dummy-ros2_description/share/dummy-ros2_description/urdf
copying urdf/dummy-ros2.trans -> /home/li/ros2_ws/install/dummy-ros2_description/share/dummy-ros2_description/urdf
copying urdf/dummy-ros2.gazebo -> /home/li/ros2_ws/install/dummy-ros2_description/share/dummy-ros2_description/urdf
creating /home/li/ros2_ws/install/dummy-ros2_description/share/dummy-ros2_description/meshes
copying meshes/link1_1_1.stl -> /home/li/ros2_ws/install/dummy-ros2_description/share/dummy-ros2_description/meshes
copying meshes/frames_2025-04-20_15.12.18.gv -> /home/li/ros2_ws/install/dummy-ros2_description/share/dummy-ros2_description/meshes
copying meshes/link5_1_1.stl -> /home/li/ros2_ws/install/dummy-ros2_description/share/dummy-ros2_description/meshes
copying meshes/link4_1_1.stl -> /home/li/ros2_ws/install/dummy-ros2_description/share/dummy-ros2_description/meshes
copying meshes/base_link.stl -> /home/li/ros2_ws/install/dummy-ros2_description/share/dummy-ros2_description/meshes
copying meshes/frames_2025-04-20_15.20.01.pdf -> /home/li/ros2_ws/install/dummy-ros2_description/share/dummy-ros2_description/meshes
copying meshes/link6_1_1.stl -> /home/li/ros2_ws/install/dummy-ros2_description/share/dummy-ros2_description/meshes
copying meshes/link3_1_1.stl -> /home/li/ros2_ws/install/dummy-ros2_description/share/dummy-ros2_description/meshes
copying meshes/frames_2025-04-20_15.12.18.pdf -> /home/li/ros2_ws/install/dummy-ros2_description/share/dummy-ros2_description/meshes
copying meshes/frames_2025-04-20_15.20.01.gv -> /home/li/ros2_ws/install/dummy-ros2_description/share/dummy-ros2_description/meshes
copying meshes/link2_1_1.stl -> /home/li/ros2_ws/install/dummy-ros2_description/share/dummy-ros2_description/meshes
creating /home/li/ros2_ws/install/dummy-ros2_description/share/dummy-ros2_description/config
copying config/display.rviz -> /home/li/ros2_ws/install/dummy-ros2_description/share/dummy-ros2_description/config
running install_egg_info
Copying ../../build/dummy-ros2_description/dummy_ros2_description.egg-info to /home/li/ros2_ws/install/dummy-ros2_description/lib/python3.10/site-packages/dummy_ros2_description-0.0.0-py3.10.egg-info
running install_scripts
writing list of installed files to '/home/li/ros2_ws/build/dummy-ros2_description/install.log'
