[0.376s] Invoking command in '/home/li/ros2_ws/src/dummy-ros2_description': CONDA_PROMPT_MODIFIER=(base) PYTHONPATH=/home/li/ros2_ws/build/dummy-ros2_description/prefix_override:/usr/lib/python3/dist-packages/colcon_core/task/python/colcon_distutils_commands:/home/li/ros2_ws/install/dummy-ros2_description/lib/python3.10/site-packages:${PYTHONPATH} /usr/bin/python3 -W ignore:setup.py install is deprecated -W ignore:easy_install command is deprecated setup.py egg_info --egg-base ../../build/dummy-ros2_description build --build-base /home/li/ros2_ws/build/dummy-ros2_description/build install --record /home/li/ros2_ws/build/dummy-ros2_description/install.log --install-scripts $base/lib/dummy-ros2_description --single-version-externally-managed install_data
[0.512s] /usr/lib/python3/dist-packages/setuptools/dist.py:723: UserWarning: Usage of dash-separated 'script-dir' will not be supported in future versions. Please use the underscore name 'script_dir' instead
[0.512s]   warnings.warn(
[0.516s] running egg_info
[0.516s] creating ../../build/dummy-ros2_description/dummy_ros2_description.egg-info
[0.516s] writing ../../build/dummy-ros2_description/dummy_ros2_description.egg-info/PKG-INFO
[0.516s] writing dependency_links to ../../build/dummy-ros2_description/dummy_ros2_description.egg-info/dependency_links.txt
[0.517s] writing entry points to ../../build/dummy-ros2_description/dummy_ros2_description.egg-info/entry_points.txt
[0.517s] writing requirements to ../../build/dummy-ros2_description/dummy_ros2_description.egg-info/requires.txt
[0.517s] writing top-level names to ../../build/dummy-ros2_description/dummy_ros2_description.egg-info/top_level.txt
[0.517s] writing manifest file '../../build/dummy-ros2_description/dummy_ros2_description.egg-info/SOURCES.txt'
[0.518s] reading manifest file '../../build/dummy-ros2_description/dummy_ros2_description.egg-info/SOURCES.txt'
[0.519s] writing manifest file '../../build/dummy-ros2_description/dummy_ros2_description.egg-info/SOURCES.txt'
[0.519s] running build
[0.519s] running build_py
[0.519s] creating /home/li/ros2_ws/build/dummy-ros2_description/build
[0.519s] creating /home/li/ros2_ws/build/dummy-ros2_description/build/lib
[0.519s] creating /home/li/ros2_ws/build/dummy-ros2_description/build/lib/dummy-ros2_description
[0.519s] copying dummy-ros2_description/__init__.py -> /home/li/ros2_ws/build/dummy-ros2_description/build/lib/dummy-ros2_description
[0.519s] running install
[0.519s] running install_lib
[0.519s] creating /home/li/ros2_ws/install/dummy-ros2_description/lib/python3.10/site-packages/dummy-ros2_description
[0.519s] copying /home/li/ros2_ws/build/dummy-ros2_description/build/lib/dummy-ros2_description/__init__.py -> /home/li/ros2_ws/install/dummy-ros2_description/lib/python3.10/site-packages/dummy-ros2_description
[0.520s] byte-compiling /home/li/ros2_ws/install/dummy-ros2_description/lib/python3.10/site-packages/dummy-ros2_description/__init__.py to __init__.cpython-310.pyc
[0.520s] running install_data
[0.520s] creating /home/li/ros2_ws/install/dummy-ros2_description/share/ament_index
[0.520s] creating /home/li/ros2_ws/install/dummy-ros2_description/share/ament_index/resource_index
[0.520s] creating /home/li/ros2_ws/install/dummy-ros2_description/share/ament_index/resource_index/packages
[0.520s] copying resource/dummy-ros2_description -> /home/li/ros2_ws/install/dummy-ros2_description/share/ament_index/resource_index/packages
[0.520s] copying package.xml -> /home/li/ros2_ws/install/dummy-ros2_description/share/dummy-ros2_description
[0.520s] creating /home/li/ros2_ws/install/dummy-ros2_description/share/dummy-ros2_description/launch
[0.520s] copying launch/gazebo.launch.py -> /home/li/ros2_ws/install/dummy-ros2_description/share/dummy-ros2_description/launch
[0.520s] copying launch/display.launch.py -> /home/li/ros2_ws/install/dummy-ros2_description/share/dummy-ros2_description/launch
[0.520s] creating /home/li/ros2_ws/install/dummy-ros2_description/share/dummy-ros2_description/urdf
[0.520s] copying urdf/materials.xacro -> /home/li/ros2_ws/install/dummy-ros2_description/share/dummy-ros2_description/urdf
[0.520s] copying urdf/dummy-ros2.xacro -> /home/li/ros2_ws/install/dummy-ros2_description/share/dummy-ros2_description/urdf
[0.520s] copying urdf/dummy-ros2.trans -> /home/li/ros2_ws/install/dummy-ros2_description/share/dummy-ros2_description/urdf
[0.520s] copying urdf/dummy-ros2.gazebo -> /home/li/ros2_ws/install/dummy-ros2_description/share/dummy-ros2_description/urdf
[0.520s] creating /home/li/ros2_ws/install/dummy-ros2_description/share/dummy-ros2_description/meshes
[0.520s] copying meshes/link1_1_1.stl -> /home/li/ros2_ws/install/dummy-ros2_description/share/dummy-ros2_description/meshes
[0.521s] copying meshes/frames_2025-04-20_15.12.18.gv -> /home/li/ros2_ws/install/dummy-ros2_description/share/dummy-ros2_description/meshes
[0.521s] copying meshes/link5_1_1.stl -> /home/li/ros2_ws/install/dummy-ros2_description/share/dummy-ros2_description/meshes
[0.521s] copying meshes/link4_1_1.stl -> /home/li/ros2_ws/install/dummy-ros2_description/share/dummy-ros2_description/meshes
[0.522s] copying meshes/base_link.stl -> /home/li/ros2_ws/install/dummy-ros2_description/share/dummy-ros2_description/meshes
[0.523s] copying meshes/frames_2025-04-20_15.20.01.pdf -> /home/li/ros2_ws/install/dummy-ros2_description/share/dummy-ros2_description/meshes
[0.523s] copying meshes/link6_1_1.stl -> /home/li/ros2_ws/install/dummy-ros2_description/share/dummy-ros2_description/meshes
[0.523s] copying meshes/link3_1_1.stl -> /home/li/ros2_ws/install/dummy-ros2_description/share/dummy-ros2_description/meshes
[0.523s] copying meshes/frames_2025-04-20_15.12.18.pdf -> /home/li/ros2_ws/install/dummy-ros2_description/share/dummy-ros2_description/meshes
[0.523s] copying meshes/frames_2025-04-20_15.20.01.gv -> /home/li/ros2_ws/install/dummy-ros2_description/share/dummy-ros2_description/meshes
[0.524s] copying meshes/link2_1_1.stl -> /home/li/ros2_ws/install/dummy-ros2_description/share/dummy-ros2_description/meshes
[0.524s] creating /home/li/ros2_ws/install/dummy-ros2_description/share/dummy-ros2_description/config
[0.524s] copying config/display.rviz -> /home/li/ros2_ws/install/dummy-ros2_description/share/dummy-ros2_description/config
[0.524s] running install_egg_info
[0.525s] Copying ../../build/dummy-ros2_description/dummy_ros2_description.egg-info to /home/li/ros2_ws/install/dummy-ros2_description/lib/python3.10/site-packages/dummy_ros2_description-0.0.0-py3.10.egg-info
[0.526s] running install_scripts
[0.536s] writing list of installed files to '/home/li/ros2_ws/build/dummy-ros2_description/install.log'
[0.548s] Invoked command in '/home/li/ros2_ws/src/dummy-ros2_description' returned '0': CONDA_PROMPT_MODIFIER=(base) PYTHONPATH=/home/li/ros2_ws/build/dummy-ros2_description/prefix_override:/usr/lib/python3/dist-packages/colcon_core/task/python/colcon_distutils_commands:/home/li/ros2_ws/install/dummy-ros2_description/lib/python3.10/site-packages:${PYTHONPATH} /usr/bin/python3 -W ignore:setup.py install is deprecated -W ignore:easy_install command is deprecated setup.py egg_info --egg-base ../../build/dummy-ros2_description build --build-base /home/li/ros2_ws/build/dummy-ros2_description/build install --record /home/li/ros2_ws/build/dummy-ros2_description/install.log --install-scripts $base/lib/dummy-ros2_description --single-version-externally-managed install_data
