[0.062s] DEBUG:colcon:Command line arguments: ['/usr/bin/colcon', 'build', '--packages-select', 'dummy-ros2_description', 'dummy_moveit_config']
[0.063s] DEBUG:colcon:Parsed command line arguments: Namespace(log_base=None, log_level=None, verb_name='build', build_base='build', install_base='install', merge_install=False, symlink_install=False, test_result_base=None, continue_on_error=False, executor='parallel', parallel_workers=32, event_handlers=None, ignore_user_meta=False, metas=['./colcon.meta'], base_paths=['.'], packages_ignore=None, packages_ignore_regex=None, paths=None, packages_up_to=None, packages_up_to_regex=None, packages_above=None, packages_above_and_dependencies=None, packages_above_depth=None, packages_select_by_dep=None, packages_skip_by_dep=None, packages_skip_up_to=None, packages_select_build_failed=False, packages_skip_build_finished=False, packages_select_test_failures=False, packages_skip_test_passed=False, packages_select=['dummy-ros2_description', 'dummy_moveit_config'], packages_skip=None, packages_select_regex=None, packages_skip_regex=None, packages_start=None, packages_end=None, allow_overriding=[], cmake_args=None, cmake_target=None, cmake_target_skip_unavailable=False, cmake_clean_cache=False, cmake_clean_first=False, cmake_force_configure=False, ament_cmake_args=None, catkin_cmake_args=None, catkin_skip_building_tests=False, mixin_files=None, mixin=None, verb_parser=<colcon_mixin.mixin.mixin_argument.MixinArgumentDecorator object at 0x7a048eb9d060>, verb_extension=<colcon_core.verb.build.BuildVerb object at 0x7a048eb9cbb0>, main=<bound method BuildVerb.main of <colcon_core.verb.build.BuildVerb object at 0x7a048eb9cbb0>>, mixin_verb=('build',))
[0.183s] Level 1:colcon.colcon_core.package_discovery:discover_packages(colcon_meta) check parameters
[0.183s] Level 1:colcon.colcon_core.package_discovery:discover_packages(recursive) check parameters
[0.183s] Level 1:colcon.colcon_core.package_discovery:discover_packages(ignore) check parameters
[0.183s] Level 1:colcon.colcon_core.package_discovery:discover_packages(path) check parameters
[0.183s] Level 1:colcon.colcon_core.package_discovery:discover_packages(colcon_meta) discover
[0.183s] Level 1:colcon.colcon_core.package_discovery:discover_packages(recursive) discover
[0.183s] INFO:colcon.colcon_core.package_discovery:Crawling recursively for packages in '/home/li/ros2_ws'
[0.183s] Level 1:colcon.colcon_core.package_identification:_identify(.) by extensions ['ignore', 'ignore_ament_install']
[0.183s] Level 1:colcon.colcon_core.package_identification:_identify(.) by extension 'ignore'
[0.183s] Level 1:colcon.colcon_core.package_identification:_identify(.) by extension 'ignore_ament_install'
[0.183s] Level 1:colcon.colcon_core.package_identification:_identify(.) by extensions ['colcon_pkg']
[0.183s] Level 1:colcon.colcon_core.package_identification:_identify(.) by extension 'colcon_pkg'
[0.183s] Level 1:colcon.colcon_core.package_identification:_identify(.) by extensions ['colcon_meta']
[0.183s] Level 1:colcon.colcon_core.package_identification:_identify(.) by extension 'colcon_meta'
[0.183s] Level 1:colcon.colcon_core.package_identification:_identify(.) by extensions ['ros']
[0.183s] Level 1:colcon.colcon_core.package_identification:_identify(.) by extension 'ros'
[0.190s] Level 1:colcon.colcon_core.package_identification:_identify(.) by extensions ['cmake', 'python']
[0.190s] Level 1:colcon.colcon_core.package_identification:_identify(.) by extension 'cmake'
[0.190s] Level 1:colcon.colcon_core.package_identification:_identify(.) by extension 'python'
[0.190s] Level 1:colcon.colcon_core.package_identification:_identify(.) by extensions ['python_setup_py']
[0.190s] Level 1:colcon.colcon_core.package_identification:_identify(.) by extension 'python_setup_py'
[0.190s] Level 1:colcon.colcon_core.package_identification:_identify(build) by extensions ['ignore', 'ignore_ament_install']
[0.190s] Level 1:colcon.colcon_core.package_identification:_identify(build) by extension 'ignore'
[0.190s] Level 1:colcon.colcon_core.package_identification:_identify(build) ignored
[0.190s] Level 1:colcon.colcon_core.package_identification:_identify(install) by extensions ['ignore', 'ignore_ament_install']
[0.190s] Level 1:colcon.colcon_core.package_identification:_identify(install) by extension 'ignore'
[0.190s] Level 1:colcon.colcon_core.package_identification:_identify(install) ignored
[0.190s] Level 1:colcon.colcon_core.package_identification:_identify(log) by extensions ['ignore', 'ignore_ament_install']
[0.190s] Level 1:colcon.colcon_core.package_identification:_identify(log) by extension 'ignore'
[0.190s] Level 1:colcon.colcon_core.package_identification:_identify(log) ignored
[0.190s] Level 1:colcon.colcon_core.package_identification:_identify(src) by extensions ['ignore', 'ignore_ament_install']
[0.190s] Level 1:colcon.colcon_core.package_identification:_identify(src) by extension 'ignore'
[0.190s] Level 1:colcon.colcon_core.package_identification:_identify(src) by extension 'ignore_ament_install'
[0.190s] Level 1:colcon.colcon_core.package_identification:_identify(src) by extensions ['colcon_pkg']
[0.190s] Level 1:colcon.colcon_core.package_identification:_identify(src) by extension 'colcon_pkg'
[0.190s] Level 1:colcon.colcon_core.package_identification:_identify(src) by extensions ['colcon_meta']
[0.190s] Level 1:colcon.colcon_core.package_identification:_identify(src) by extension 'colcon_meta'
[0.190s] Level 1:colcon.colcon_core.package_identification:_identify(src) by extensions ['ros']
[0.190s] Level 1:colcon.colcon_core.package_identification:_identify(src) by extension 'ros'
[0.190s] Level 1:colcon.colcon_core.package_identification:_identify(src) by extensions ['cmake', 'python']
[0.190s] Level 1:colcon.colcon_core.package_identification:_identify(src) by extension 'cmake'
[0.190s] Level 1:colcon.colcon_core.package_identification:_identify(src) by extension 'python'
[0.190s] Level 1:colcon.colcon_core.package_identification:_identify(src) by extensions ['python_setup_py']
[0.190s] Level 1:colcon.colcon_core.package_identification:_identify(src) by extension 'python_setup_py'
[0.191s] Level 1:colcon.colcon_core.package_identification:_identify(src/dummy-ros2_description) by extensions ['ignore', 'ignore_ament_install']
[0.191s] Level 1:colcon.colcon_core.package_identification:_identify(src/dummy-ros2_description) by extension 'ignore'
[0.191s] Level 1:colcon.colcon_core.package_identification:_identify(src/dummy-ros2_description) by extension 'ignore_ament_install'
[0.191s] Level 1:colcon.colcon_core.package_identification:_identify(src/dummy-ros2_description) by extensions ['colcon_pkg']
[0.191s] Level 1:colcon.colcon_core.package_identification:_identify(src/dummy-ros2_description) by extension 'colcon_pkg'
[0.191s] Level 1:colcon.colcon_core.package_identification:_identify(src/dummy-ros2_description) by extensions ['colcon_meta']
[0.191s] Level 1:colcon.colcon_core.package_identification:_identify(src/dummy-ros2_description) by extension 'colcon_meta'
[0.191s] Level 1:colcon.colcon_core.package_identification:_identify(src/dummy-ros2_description) by extensions ['ros']
[0.191s] Level 1:colcon.colcon_core.package_identification:_identify(src/dummy-ros2_description) by extension 'ros'
[0.192s] DEBUG:colcon.colcon_core.package_identification:Package 'src/dummy-ros2_description' with type 'ros.ament_python' and name 'dummy-ros2_description'
[0.192s] Level 1:colcon.colcon_core.package_identification:_identify(src/dummy_controller) by extensions ['ignore', 'ignore_ament_install']
[0.192s] Level 1:colcon.colcon_core.package_identification:_identify(src/dummy_controller) by extension 'ignore'
[0.192s] Level 1:colcon.colcon_core.package_identification:_identify(src/dummy_controller) by extension 'ignore_ament_install'
[0.192s] Level 1:colcon.colcon_core.package_identification:_identify(src/dummy_controller) by extensions ['colcon_pkg']
[0.192s] Level 1:colcon.colcon_core.package_identification:_identify(src/dummy_controller) by extension 'colcon_pkg'
[0.192s] Level 1:colcon.colcon_core.package_identification:_identify(src/dummy_controller) by extensions ['colcon_meta']
[0.192s] Level 1:colcon.colcon_core.package_identification:_identify(src/dummy_controller) by extension 'colcon_meta'
[0.192s] Level 1:colcon.colcon_core.package_identification:_identify(src/dummy_controller) by extensions ['ros']
[0.192s] Level 1:colcon.colcon_core.package_identification:_identify(src/dummy_controller) by extension 'ros'
[0.193s] DEBUG:colcon.colcon_core.package_identification:Package 'src/dummy_controller' with type 'ros.ament_python' and name 'dummy_controller'
[0.193s] Level 1:colcon.colcon_core.package_identification:_identify(src/dummy_moveit_config) by extensions ['ignore', 'ignore_ament_install']
[0.193s] Level 1:colcon.colcon_core.package_identification:_identify(src/dummy_moveit_config) by extension 'ignore'
[0.193s] Level 1:colcon.colcon_core.package_identification:_identify(src/dummy_moveit_config) by extension 'ignore_ament_install'
[0.193s] Level 1:colcon.colcon_core.package_identification:_identify(src/dummy_moveit_config) by extensions ['colcon_pkg']
[0.193s] Level 1:colcon.colcon_core.package_identification:_identify(src/dummy_moveit_config) by extension 'colcon_pkg'
[0.193s] Level 1:colcon.colcon_core.package_identification:_identify(src/dummy_moveit_config) by extensions ['colcon_meta']
[0.193s] Level 1:colcon.colcon_core.package_identification:_identify(src/dummy_moveit_config) by extension 'colcon_meta'
[0.193s] Level 1:colcon.colcon_core.package_identification:_identify(src/dummy_moveit_config) by extensions ['ros']
[0.193s] Level 1:colcon.colcon_core.package_identification:_identify(src/dummy_moveit_config) by extension 'ros'
[0.194s] DEBUG:colcon.colcon_core.package_identification:Package 'src/dummy_moveit_config' with type 'ros.ament_cmake' and name 'dummy_moveit_config'
[0.194s] Level 1:colcon.colcon_core.package_identification:_identify(src/dummy_server) by extensions ['ignore', 'ignore_ament_install']
[0.194s] Level 1:colcon.colcon_core.package_identification:_identify(src/dummy_server) by extension 'ignore'
[0.194s] Level 1:colcon.colcon_core.package_identification:_identify(src/dummy_server) by extension 'ignore_ament_install'
[0.194s] Level 1:colcon.colcon_core.package_identification:_identify(src/dummy_server) by extensions ['colcon_pkg']
[0.194s] Level 1:colcon.colcon_core.package_identification:_identify(src/dummy_server) by extension 'colcon_pkg'
[0.194s] Level 1:colcon.colcon_core.package_identification:_identify(src/dummy_server) by extensions ['colcon_meta']
[0.194s] Level 1:colcon.colcon_core.package_identification:_identify(src/dummy_server) by extension 'colcon_meta'
[0.194s] Level 1:colcon.colcon_core.package_identification:_identify(src/dummy_server) by extensions ['ros']
[0.194s] Level 1:colcon.colcon_core.package_identification:_identify(src/dummy_server) by extension 'ros'
[0.194s] DEBUG:colcon.colcon_core.package_identification:Package 'src/dummy_server' with type 'ros.ament_cmake' and name 'pymoveit2'
[0.194s] Level 1:colcon.colcon_core.package_discovery:discover_packages(recursive) using defaults
[0.194s] Level 1:colcon.colcon_core.package_discovery:discover_packages(ignore) discover
[0.194s] Level 1:colcon.colcon_core.package_discovery:discover_packages(ignore) using defaults
[0.194s] Level 1:colcon.colcon_core.package_discovery:discover_packages(path) discover
[0.194s] Level 1:colcon.colcon_core.package_discovery:discover_packages(path) using defaults
[0.206s] INFO:colcon.colcon_core.package_selection:Skipping not selected package 'dummy_controller' in 'src/dummy_controller'
[0.206s] INFO:colcon.colcon_core.package_selection:Skipping not selected package 'pymoveit2' in 'src/dummy_server'
[0.206s] Level 1:colcon.colcon_core.package_discovery:discover_packages(prefix_path) check parameters
[0.206s] Level 1:colcon.colcon_core.package_discovery:discover_packages(prefix_path) discover
[0.207s] DEBUG:colcon.colcon_installed_package_information.package_discovery:Found 4 installed packages in /home/li/ros2_ws/install
[0.208s] DEBUG:colcon.colcon_installed_package_information.package_discovery:Found 384 installed packages in /opt/ros/humble
[0.209s] Level 1:colcon.colcon_core.package_discovery:discover_packages(prefix_path) using defaults
[0.236s] Level 5:colcon.colcon_core.verb:set package 'dummy-ros2_description' build argument 'cmake_args' from command line to 'None'
[0.236s] Level 5:colcon.colcon_core.verb:set package 'dummy-ros2_description' build argument 'cmake_target' from command line to 'None'
[0.236s] Level 5:colcon.colcon_core.verb:set package 'dummy-ros2_description' build argument 'cmake_target_skip_unavailable' from command line to 'False'
[0.236s] Level 5:colcon.colcon_core.verb:set package 'dummy-ros2_description' build argument 'cmake_clean_cache' from command line to 'False'
[0.236s] Level 5:colcon.colcon_core.verb:set package 'dummy-ros2_description' build argument 'cmake_clean_first' from command line to 'False'
[0.236s] Level 5:colcon.colcon_core.verb:set package 'dummy-ros2_description' build argument 'cmake_force_configure' from command line to 'False'
[0.236s] Level 5:colcon.colcon_core.verb:set package 'dummy-ros2_description' build argument 'ament_cmake_args' from command line to 'None'
[0.236s] Level 5:colcon.colcon_core.verb:set package 'dummy-ros2_description' build argument 'catkin_cmake_args' from command line to 'None'
[0.236s] Level 5:colcon.colcon_core.verb:set package 'dummy-ros2_description' build argument 'catkin_skip_building_tests' from command line to 'False'
[0.236s] DEBUG:colcon.colcon_core.verb:Building package 'dummy-ros2_description' with the following arguments: {'ament_cmake_args': None, 'build_base': '/home/li/ros2_ws/build/dummy-ros2_description', 'catkin_cmake_args': None, 'catkin_skip_building_tests': False, 'cmake_args': None, 'cmake_clean_cache': False, 'cmake_clean_first': False, 'cmake_force_configure': False, 'cmake_target': None, 'cmake_target_skip_unavailable': False, 'install_base': '/home/li/ros2_ws/install/dummy-ros2_description', 'merge_install': False, 'path': '/home/li/ros2_ws/src/dummy-ros2_description', 'symlink_install': False, 'test_result_base': None}
[0.236s] Level 5:colcon.colcon_core.verb:set package 'dummy_moveit_config' build argument 'cmake_args' from command line to 'None'
[0.237s] Level 5:colcon.colcon_core.verb:set package 'dummy_moveit_config' build argument 'cmake_target' from command line to 'None'
[0.237s] Level 5:colcon.colcon_core.verb:set package 'dummy_moveit_config' build argument 'cmake_target_skip_unavailable' from command line to 'False'
[0.237s] Level 5:colcon.colcon_core.verb:set package 'dummy_moveit_config' build argument 'cmake_clean_cache' from command line to 'False'
[0.237s] Level 5:colcon.colcon_core.verb:set package 'dummy_moveit_config' build argument 'cmake_clean_first' from command line to 'False'
[0.237s] Level 5:colcon.colcon_core.verb:set package 'dummy_moveit_config' build argument 'cmake_force_configure' from command line to 'False'
[0.237s] Level 5:colcon.colcon_core.verb:set package 'dummy_moveit_config' build argument 'ament_cmake_args' from command line to 'None'
[0.237s] Level 5:colcon.colcon_core.verb:set package 'dummy_moveit_config' build argument 'catkin_cmake_args' from command line to 'None'
[0.237s] Level 5:colcon.colcon_core.verb:set package 'dummy_moveit_config' build argument 'catkin_skip_building_tests' from command line to 'False'
[0.237s] DEBUG:colcon.colcon_core.verb:Building package 'dummy_moveit_config' with the following arguments: {'ament_cmake_args': None, 'build_base': '/home/li/ros2_ws/build/dummy_moveit_config', 'catkin_cmake_args': None, 'catkin_skip_building_tests': False, 'cmake_args': None, 'cmake_clean_cache': False, 'cmake_clean_first': False, 'cmake_force_configure': False, 'cmake_target': None, 'cmake_target_skip_unavailable': False, 'install_base': '/home/li/ros2_ws/install/dummy_moveit_config', 'merge_install': False, 'path': '/home/li/ros2_ws/src/dummy_moveit_config', 'symlink_install': False, 'test_result_base': None}
[0.237s] INFO:colcon.colcon_core.executor:Executing jobs using 'parallel' executor
[0.237s] DEBUG:colcon.colcon_parallel_executor.executor.parallel:run_until_complete
[0.238s] INFO:colcon.colcon_ros.task.ament_python.build:Building ROS package in '/home/li/ros2_ws/src/dummy-ros2_description' with build type 'ament_python'
[0.238s] Level 1:colcon.colcon_core.shell:create_environment_hook('dummy-ros2_description', 'ament_prefix_path')
[0.239s] INFO:colcon.colcon_core.plugin_system:Skipping extension 'colcon_core.shell.bat': Not used on non-Windows systems
[0.239s] INFO:colcon.colcon_core.shell:Creating environment hook '/home/li/ros2_ws/install/dummy-ros2_description/share/dummy-ros2_description/hook/ament_prefix_path.ps1'
[0.239s] INFO:colcon.colcon_core.shell:Creating environment descriptor '/home/li/ros2_ws/install/dummy-ros2_description/share/dummy-ros2_description/hook/ament_prefix_path.dsv'
[0.240s] INFO:colcon.colcon_core.shell:Creating environment hook '/home/li/ros2_ws/install/dummy-ros2_description/share/dummy-ros2_description/hook/ament_prefix_path.sh'
[0.240s] INFO:colcon.colcon_core.shell:Skip shell extension 'powershell' for command environment: Not usable outside of PowerShell
[0.240s] DEBUG:colcon.colcon_core.shell:Skip shell extension 'dsv' for command environment
[0.412s] INFO:colcon.colcon_core.task.python.build:Building Python package in '/home/li/ros2_ws/src/dummy-ros2_description'
[0.412s] INFO:colcon.colcon_core.shell:Skip shell extension 'powershell' for command environment: Not usable outside of PowerShell
[0.412s] DEBUG:colcon.colcon_core.shell:Skip shell extension 'dsv' for command environment
[0.652s] DEBUG:colcon.colcon_core.event_handler.log_command:Invoking command in '/home/li/ros2_ws/src/dummy-ros2_description': CONDA_PROMPT_MODIFIER=(base) PYTHONPATH=/home/li/ros2_ws/build/dummy-ros2_description/prefix_override:/usr/lib/python3/dist-packages/colcon_core/task/python/colcon_distutils_commands:/home/li/ros2_ws/install/dummy-ros2_description/lib/python3.10/site-packages:${PYTHONPATH} /usr/bin/python3 -W ignore:setup.py install is deprecated -W ignore:easy_install command is deprecated setup.py egg_info --egg-base ../../build/dummy-ros2_description build --build-base /home/li/ros2_ws/build/dummy-ros2_description/build install --record /home/li/ros2_ws/build/dummy-ros2_description/install.log --install-scripts $base/lib/dummy-ros2_description --single-version-externally-managed install_data
[0.842s] DEBUG:colcon.colcon_core.event_handler.log_command:Invoked command in '/home/li/ros2_ws/src/dummy-ros2_description' returned '0': CONDA_PROMPT_MODIFIER=(base) PYTHONPATH=/home/li/ros2_ws/build/dummy-ros2_description/prefix_override:/usr/lib/python3/dist-packages/colcon_core/task/python/colcon_distutils_commands:/home/li/ros2_ws/install/dummy-ros2_description/lib/python3.10/site-packages:${PYTHONPATH} /usr/bin/python3 -W ignore:setup.py install is deprecated -W ignore:easy_install command is deprecated setup.py egg_info --egg-base ../../build/dummy-ros2_description build --build-base /home/li/ros2_ws/build/dummy-ros2_description/build install --record /home/li/ros2_ws/build/dummy-ros2_description/install.log --install-scripts $base/lib/dummy-ros2_description --single-version-externally-managed install_data
[0.844s] Level 1:colcon.colcon_core.environment:checking '/home/li/ros2_ws/install/dummy-ros2_description' for CMake module files
[0.844s] Level 1:colcon.colcon_core.environment:checking '/home/li/ros2_ws/install/dummy-ros2_description' for CMake config files
[0.844s] Level 1:colcon.colcon_core.environment:checking '/home/li/ros2_ws/install/dummy-ros2_description/lib'
[0.844s] Level 1:colcon.colcon_core.environment:checking '/home/li/ros2_ws/install/dummy-ros2_description/bin'
[0.844s] Level 1:colcon.colcon_core.environment:checking '/home/li/ros2_ws/install/dummy-ros2_description/lib/pkgconfig/dummy-ros2_description.pc'
[0.845s] Level 1:colcon.colcon_core.environment:checking '/home/li/ros2_ws/install/dummy-ros2_description/lib/python3.10/site-packages'
[0.845s] Level 1:colcon.colcon_core.shell:create_environment_hook('dummy-ros2_description', 'pythonpath')
[0.845s] INFO:colcon.colcon_core.shell:Creating environment hook '/home/li/ros2_ws/install/dummy-ros2_description/share/dummy-ros2_description/hook/pythonpath.ps1'
[0.845s] INFO:colcon.colcon_core.shell:Creating environment descriptor '/home/li/ros2_ws/install/dummy-ros2_description/share/dummy-ros2_description/hook/pythonpath.dsv'
[0.845s] INFO:colcon.colcon_core.shell:Creating environment hook '/home/li/ros2_ws/install/dummy-ros2_description/share/dummy-ros2_description/hook/pythonpath.sh'
[0.845s] Level 1:colcon.colcon_core.environment:checking '/home/li/ros2_ws/install/dummy-ros2_description/bin'
[0.846s] Level 1:colcon.colcon_core.environment:create_environment_scripts_only(dummy-ros2_description)
[0.846s] INFO:colcon.colcon_core.shell:Creating package script '/home/li/ros2_ws/install/dummy-ros2_description/share/dummy-ros2_description/package.ps1'
[0.846s] INFO:colcon.colcon_core.shell:Creating package descriptor '/home/li/ros2_ws/install/dummy-ros2_description/share/dummy-ros2_description/package.dsv'
[0.846s] INFO:colcon.colcon_core.shell:Creating package script '/home/li/ros2_ws/install/dummy-ros2_description/share/dummy-ros2_description/package.sh'
[0.847s] INFO:colcon.colcon_core.shell:Creating package script '/home/li/ros2_ws/install/dummy-ros2_description/share/dummy-ros2_description/package.bash'
[0.847s] INFO:colcon.colcon_core.shell:Creating package script '/home/li/ros2_ws/install/dummy-ros2_description/share/dummy-ros2_description/package.zsh'
[0.847s] Level 1:colcon.colcon_core.environment:create_file_with_runtime_dependencies(/home/li/ros2_ws/install/dummy-ros2_description/share/colcon-core/packages/dummy-ros2_description)
[0.848s] INFO:colcon.colcon_ros.task.ament_cmake.build:Building ROS package in '/home/li/ros2_ws/src/dummy_moveit_config' with build type 'ament_cmake'
[0.848s] INFO:colcon.colcon_cmake.task.cmake.build:Building CMake package in '/home/li/ros2_ws/src/dummy_moveit_config'
[0.848s] INFO:colcon.colcon_core.shell:Skip shell extension 'powershell' for command environment: Not usable outside of PowerShell
[0.848s] DEBUG:colcon.colcon_core.shell:Skip shell extension 'dsv' for command environment
[0.861s] DEBUG:colcon.colcon_core.event_handler.log_command:Invoking command in '/home/li/ros2_ws/build/dummy_moveit_config': AMENT_PREFIX_PATH=/home/li/ros2_ws/install/dummy-ros2_description:/home/li/ros2_ws/install/pymoveit2:/home/li/ros2_ws/install/dummy_moveit_config:/home/li/ros2_ws/install/dummy_controller:/opt/ros/humble CMAKE_PREFIX_PATH=${CMAKE_PREFIX_PATH}:/home/li/ros2_ws/install/dummy_controller:/home/li/ros2_ws/install/dummy-ros2_description:/opt/ros/humble CONDA_PROMPT_MODIFIER=(base) PYTHONPATH=/home/li/ros2_ws/install/dummy-ros2_description/lib/python3.10/site-packages:/home/li/ros2_ws/install/pymoveit2/lib/python3.11/site-packages:/home/li/ros2_ws/install/dummy_controller/lib/python3.10/site-packages:/opt/ros/humble/lib/python3.10/site-packages:/opt/ros/humble/local/lib/python3.10/dist-packages /usr/bin/cmake --build /home/li/ros2_ws/build/dummy_moveit_config -- -j32 -l32
[0.968s] DEBUG:colcon.colcon_core.event_handler.log_command:Invoked command in '/home/li/ros2_ws/build/dummy_moveit_config' returned '0': AMENT_PREFIX_PATH=/home/li/ros2_ws/install/dummy-ros2_description:/home/li/ros2_ws/install/pymoveit2:/home/li/ros2_ws/install/dummy_moveit_config:/home/li/ros2_ws/install/dummy_controller:/opt/ros/humble CMAKE_PREFIX_PATH=${CMAKE_PREFIX_PATH}:/home/li/ros2_ws/install/dummy_controller:/home/li/ros2_ws/install/dummy-ros2_description:/opt/ros/humble CONDA_PROMPT_MODIFIER=(base) PYTHONPATH=/home/li/ros2_ws/install/dummy-ros2_description/lib/python3.10/site-packages:/home/li/ros2_ws/install/pymoveit2/lib/python3.11/site-packages:/home/li/ros2_ws/install/dummy_controller/lib/python3.10/site-packages:/opt/ros/humble/lib/python3.10/site-packages:/opt/ros/humble/local/lib/python3.10/dist-packages /usr/bin/cmake --build /home/li/ros2_ws/build/dummy_moveit_config -- -j32 -l32
[0.980s] DEBUG:colcon.colcon_core.event_handler.log_command:Invoking command in '/home/li/ros2_ws/build/dummy_moveit_config': AMENT_PREFIX_PATH=/home/li/ros2_ws/install/dummy-ros2_description:/home/li/ros2_ws/install/pymoveit2:/home/li/ros2_ws/install/dummy_moveit_config:/home/li/ros2_ws/install/dummy_controller:/opt/ros/humble CMAKE_PREFIX_PATH=${CMAKE_PREFIX_PATH}:/home/li/ros2_ws/install/dummy_controller:/home/li/ros2_ws/install/dummy-ros2_description:/opt/ros/humble CONDA_PROMPT_MODIFIER=(base) PYTHONPATH=/home/li/ros2_ws/install/dummy-ros2_description/lib/python3.10/site-packages:/home/li/ros2_ws/install/pymoveit2/lib/python3.11/site-packages:/home/li/ros2_ws/install/dummy_controller/lib/python3.10/site-packages:/opt/ros/humble/lib/python3.10/site-packages:/opt/ros/humble/local/lib/python3.10/dist-packages /usr/bin/cmake --install /home/li/ros2_ws/build/dummy_moveit_config
[0.991s] Level 1:colcon.colcon_core.environment:create_environment_scripts_only(dummy_moveit_config)
[0.991s] Level 1:colcon.colcon_core.environment:checking '/home/li/ros2_ws/install/dummy_moveit_config' for CMake module files
[0.991s] DEBUG:colcon.colcon_core.event_handler.log_command:Invoked command in '/home/li/ros2_ws/build/dummy_moveit_config' returned '0': AMENT_PREFIX_PATH=/home/li/ros2_ws/install/dummy-ros2_description:/home/li/ros2_ws/install/pymoveit2:/home/li/ros2_ws/install/dummy_moveit_config:/home/li/ros2_ws/install/dummy_controller:/opt/ros/humble CMAKE_PREFIX_PATH=${CMAKE_PREFIX_PATH}:/home/li/ros2_ws/install/dummy_controller:/home/li/ros2_ws/install/dummy-ros2_description:/opt/ros/humble CONDA_PROMPT_MODIFIER=(base) PYTHONPATH=/home/li/ros2_ws/install/dummy-ros2_description/lib/python3.10/site-packages:/home/li/ros2_ws/install/pymoveit2/lib/python3.11/site-packages:/home/li/ros2_ws/install/dummy_controller/lib/python3.10/site-packages:/opt/ros/humble/lib/python3.10/site-packages:/opt/ros/humble/local/lib/python3.10/dist-packages /usr/bin/cmake --install /home/li/ros2_ws/build/dummy_moveit_config
[0.992s] Level 1:colcon.colcon_core.environment:checking '/home/li/ros2_ws/install/dummy_moveit_config' for CMake config files
[0.992s] Level 1:colcon.colcon_core.shell:create_environment_hook('dummy_moveit_config', 'cmake_prefix_path')
[0.992s] INFO:colcon.colcon_core.shell:Creating environment hook '/home/li/ros2_ws/install/dummy_moveit_config/share/dummy_moveit_config/hook/cmake_prefix_path.ps1'
[0.992s] INFO:colcon.colcon_core.shell:Creating environment descriptor '/home/li/ros2_ws/install/dummy_moveit_config/share/dummy_moveit_config/hook/cmake_prefix_path.dsv'
[0.992s] INFO:colcon.colcon_core.shell:Creating environment hook '/home/li/ros2_ws/install/dummy_moveit_config/share/dummy_moveit_config/hook/cmake_prefix_path.sh'
[0.993s] Level 1:colcon.colcon_core.environment:checking '/home/li/ros2_ws/install/dummy_moveit_config/lib'
[0.993s] Level 1:colcon.colcon_core.environment:checking '/home/li/ros2_ws/install/dummy_moveit_config/bin'
[0.993s] Level 1:colcon.colcon_core.environment:checking '/home/li/ros2_ws/install/dummy_moveit_config/lib/pkgconfig/dummy_moveit_config.pc'
[0.993s] Level 1:colcon.colcon_core.environment:checking '/home/li/ros2_ws/install/dummy_moveit_config/lib/python3.10/site-packages'
[0.993s] Level 1:colcon.colcon_core.environment:checking '/home/li/ros2_ws/install/dummy_moveit_config/bin'
[0.993s] INFO:colcon.colcon_core.shell:Creating package script '/home/li/ros2_ws/install/dummy_moveit_config/share/dummy_moveit_config/package.ps1'
[0.994s] INFO:colcon.colcon_core.shell:Creating package descriptor '/home/li/ros2_ws/install/dummy_moveit_config/share/dummy_moveit_config/package.dsv'
[0.994s] INFO:colcon.colcon_core.shell:Creating package script '/home/li/ros2_ws/install/dummy_moveit_config/share/dummy_moveit_config/package.sh'
[0.994s] INFO:colcon.colcon_core.shell:Creating package script '/home/li/ros2_ws/install/dummy_moveit_config/share/dummy_moveit_config/package.bash'
[0.994s] INFO:colcon.colcon_core.shell:Creating package script '/home/li/ros2_ws/install/dummy_moveit_config/share/dummy_moveit_config/package.zsh'
[0.994s] Level 1:colcon.colcon_core.environment:create_file_with_runtime_dependencies(/home/li/ros2_ws/install/dummy_moveit_config/share/colcon-core/packages/dummy_moveit_config)
[0.995s] Level 1:colcon.colcon_core.environment:create_environment_scripts_only(dummy_moveit_config)
[0.995s] Level 1:colcon.colcon_core.environment:checking '/home/li/ros2_ws/install/dummy_moveit_config' for CMake module files
[0.995s] Level 1:colcon.colcon_core.environment:checking '/home/li/ros2_ws/install/dummy_moveit_config' for CMake config files
[0.995s] Level 1:colcon.colcon_core.shell:create_environment_hook('dummy_moveit_config', 'cmake_prefix_path')
[0.995s] INFO:colcon.colcon_core.shell:Creating environment hook '/home/li/ros2_ws/install/dummy_moveit_config/share/dummy_moveit_config/hook/cmake_prefix_path.ps1'
[0.999s] INFO:colcon.colcon_core.shell:Creating environment descriptor '/home/li/ros2_ws/install/dummy_moveit_config/share/dummy_moveit_config/hook/cmake_prefix_path.dsv'
[0.999s] INFO:colcon.colcon_core.shell:Creating environment hook '/home/li/ros2_ws/install/dummy_moveit_config/share/dummy_moveit_config/hook/cmake_prefix_path.sh'
[0.999s] Level 1:colcon.colcon_core.environment:checking '/home/li/ros2_ws/install/dummy_moveit_config/lib'
[0.999s] Level 1:colcon.colcon_core.environment:checking '/home/li/ros2_ws/install/dummy_moveit_config/bin'
[0.999s] Level 1:colcon.colcon_core.environment:checking '/home/li/ros2_ws/install/dummy_moveit_config/lib/pkgconfig/dummy_moveit_config.pc'
[0.999s] Level 1:colcon.colcon_core.environment:checking '/home/li/ros2_ws/install/dummy_moveit_config/lib/python3.10/site-packages'
[1.000s] Level 1:colcon.colcon_core.environment:checking '/home/li/ros2_ws/install/dummy_moveit_config/bin'
[1.000s] INFO:colcon.colcon_core.shell:Creating package script '/home/li/ros2_ws/install/dummy_moveit_config/share/dummy_moveit_config/package.ps1'
[1.000s] INFO:colcon.colcon_core.shell:Creating package descriptor '/home/li/ros2_ws/install/dummy_moveit_config/share/dummy_moveit_config/package.dsv'
[1.000s] INFO:colcon.colcon_core.shell:Creating package script '/home/li/ros2_ws/install/dummy_moveit_config/share/dummy_moveit_config/package.sh'
[1.000s] INFO:colcon.colcon_core.shell:Creating package script '/home/li/ros2_ws/install/dummy_moveit_config/share/dummy_moveit_config/package.bash'
[1.001s] INFO:colcon.colcon_core.shell:Creating package script '/home/li/ros2_ws/install/dummy_moveit_config/share/dummy_moveit_config/package.zsh'
[1.001s] Level 1:colcon.colcon_core.environment:create_file_with_runtime_dependencies(/home/li/ros2_ws/install/dummy_moveit_config/share/colcon-core/packages/dummy_moveit_config)
[1.001s] DEBUG:colcon.colcon_parallel_executor.executor.parallel:closing loop
[1.001s] DEBUG:colcon.colcon_parallel_executor.executor.parallel:loop closed
[1.001s] DEBUG:colcon.colcon_parallel_executor.executor.parallel:run_until_complete finished with '0'
[1.001s] DEBUG:colcon.colcon_core.event_reactor:joining thread
[1.005s] INFO:colcon.colcon_core.plugin_system:Skipping extension 'colcon_notification.desktop_notification.terminal_notifier': Not used on non-Darwin systems
[1.005s] INFO:colcon.colcon_core.plugin_system:Skipping extension 'colcon_notification.desktop_notification.win32': Not used on non-Windows systems
[1.005s] INFO:colcon.colcon_notification.desktop_notification:Sending desktop notification using 'notify2'
[1.012s] DEBUG:colcon.colcon_core.event_reactor:joined thread
[1.012s] INFO:colcon.colcon_core.shell:Creating prefix script '/home/li/ros2_ws/install/local_setup.ps1'
[1.012s] INFO:colcon.colcon_core.shell:Creating prefix util module '/home/li/ros2_ws/install/_local_setup_util_ps1.py'
[1.013s] INFO:colcon.colcon_core.shell:Creating prefix chain script '/home/li/ros2_ws/install/setup.ps1'
[1.014s] INFO:colcon.colcon_core.shell:Creating prefix script '/home/li/ros2_ws/install/local_setup.sh'
[1.014s] INFO:colcon.colcon_core.shell:Creating prefix util module '/home/li/ros2_ws/install/_local_setup_util_sh.py'
[1.014s] INFO:colcon.colcon_core.shell:Creating prefix chain script '/home/li/ros2_ws/install/setup.sh'
[1.015s] INFO:colcon.colcon_core.shell:Creating prefix script '/home/li/ros2_ws/install/local_setup.bash'
[1.015s] INFO:colcon.colcon_core.shell:Creating prefix chain script '/home/li/ros2_ws/install/setup.bash'
[1.016s] INFO:colcon.colcon_core.shell:Creating prefix script '/home/li/ros2_ws/install/local_setup.zsh'
[1.016s] INFO:colcon.colcon_core.shell:Creating prefix chain script '/home/li/ros2_ws/install/setup.zsh'
