[0.414s] Invoking command in '/home/li/ros2_ws/src/dummy-ros2_description': CONDA_PROMPT_MODIFIER=(base) PYTHONPATH=/home/li/ros2_ws/build/dummy-ros2_description/prefix_override:/usr/lib/python3/dist-packages/colcon_core/task/python/colcon_distutils_commands:/home/li/ros2_ws/install/dummy-ros2_description/lib/python3.10/site-packages:${PYTHONPATH} /usr/bin/python3 -W ignore:setup.py install is deprecated -W ignore:easy_install command is deprecated setup.py egg_info --egg-base ../../build/dummy-ros2_description build --build-base /home/li/ros2_ws/build/dummy-ros2_description/build install --record /home/li/ros2_ws/build/dummy-ros2_description/install.log --install-scripts $base/lib/dummy-ros2_description --single-version-externally-managed install_data
[0.568s] /usr/lib/python3/dist-packages/setuptools/dist.py:723: UserWarning: Usage of dash-separated 'script-dir' will not be supported in future versions. Please use the underscore name 'script_dir' instead
[0.568s]   warnings.warn(
[0.572s] running egg_info
[0.573s] writing ../../build/dummy-ros2_description/dummy_ros2_description.egg-info/PKG-INFO
[0.573s] writing dependency_links to ../../build/dummy-ros2_description/dummy_ros2_description.egg-info/dependency_links.txt
[0.573s] writing entry points to ../../build/dummy-ros2_description/dummy_ros2_description.egg-info/entry_points.txt
[0.573s] writing requirements to ../../build/dummy-ros2_description/dummy_ros2_description.egg-info/requires.txt
[0.573s] writing top-level names to ../../build/dummy-ros2_description/dummy_ros2_description.egg-info/top_level.txt
[0.575s] reading manifest file '../../build/dummy-ros2_description/dummy_ros2_description.egg-info/SOURCES.txt'
[0.575s] writing manifest file '../../build/dummy-ros2_description/dummy_ros2_description.egg-info/SOURCES.txt'
[0.575s] running build
[0.576s] running build_py
[0.576s] running install
[0.576s] running install_lib
[0.576s] running install_data
[0.576s] copying urdf/dummy-ros2.xacro -> /home/li/ros2_ws/install/dummy-ros2_description/share/dummy-ros2_description/urdf
[0.577s] running install_egg_info
[0.578s] removing '/home/li/ros2_ws/install/dummy-ros2_description/lib/python3.10/site-packages/dummy_ros2_description-0.0.0-py3.10.egg-info' (and everything under it)
[0.578s] Copying ../../build/dummy-ros2_description/dummy_ros2_description.egg-info to /home/li/ros2_ws/install/dummy-ros2_description/lib/python3.10/site-packages/dummy_ros2_description-0.0.0-py3.10.egg-info
[0.579s] running install_scripts
[0.591s] writing list of installed files to '/home/li/ros2_ws/build/dummy-ros2_description/install.log'
[0.605s] Invoked command in '/home/li/ros2_ws/src/dummy-ros2_description' returned '0': CONDA_PROMPT_MODIFIER=(base) PYTHONPATH=/home/li/ros2_ws/build/dummy-ros2_description/prefix_override:/usr/lib/python3/dist-packages/colcon_core/task/python/colcon_distutils_commands:/home/li/ros2_ws/install/dummy-ros2_description/lib/python3.10/site-packages:${PYTHONPATH} /usr/bin/python3 -W ignore:setup.py install is deprecated -W ignore:easy_install command is deprecated setup.py egg_info --egg-base ../../build/dummy-ros2_description build --build-base /home/li/ros2_ws/build/dummy-ros2_description/build install --record /home/li/ros2_ws/build/dummy-ros2_description/install.log --install-scripts $base/lib/dummy-ros2_description --single-version-externally-managed install_data
