[0.070s] DEBUG:colcon:Command line arguments: ['/usr/bin/colcon', 'build']
[0.070s] DEBUG:colcon:Parsed command line arguments: Namespace(log_base=None, log_level=None, verb_name='build', build_base='build', install_base='install', merge_install=False, symlink_install=False, test_result_base=None, continue_on_error=False, executor='parallel', parallel_workers=32, event_handlers=None, ignore_user_meta=False, metas=['./colcon.meta'], base_paths=['.'], packages_ignore=None, packages_ignore_regex=None, paths=None, packages_up_to=None, packages_up_to_regex=None, packages_above=None, packages_above_and_dependencies=None, packages_above_depth=None, packages_select_by_dep=None, packages_skip_by_dep=None, packages_skip_up_to=None, packages_select_build_failed=False, packages_skip_build_finished=False, packages_select_test_failures=False, packages_skip_test_passed=False, packages_select=None, packages_skip=None, packages_select_regex=None, packages_skip_regex=None, packages_start=None, packages_end=None, allow_overriding=[], cmake_args=None, cmake_target=None, cmake_target_skip_unavailable=False, cmake_clean_cache=False, cmake_clean_first=False, cmake_force_configure=False, ament_cmake_args=None, catkin_cmake_args=None, catkin_skip_building_tests=False, mixin_files=None, mixin=None, verb_parser=<colcon_mixin.mixin.mixin_argument.MixinArgumentDecorator object at 0x7d438a1a8160>, verb_extension=<colcon_core.verb.build.BuildVerb object at 0x7d438a17bc70>, main=<bound method BuildVerb.main of <colcon_core.verb.build.BuildVerb object at 0x7d438a17bc70>>, mixin_verb=('build',))
[0.177s] Level 1:colcon.colcon_core.package_discovery:discover_packages(colcon_meta) check parameters
[0.177s] Level 1:colcon.colcon_core.package_discovery:discover_packages(recursive) check parameters
[0.177s] Level 1:colcon.colcon_core.package_discovery:discover_packages(ignore) check parameters
[0.178s] Level 1:colcon.colcon_core.package_discovery:discover_packages(path) check parameters
[0.178s] Level 1:colcon.colcon_core.package_discovery:discover_packages(colcon_meta) discover
[0.178s] Level 1:colcon.colcon_core.package_discovery:discover_packages(recursive) discover
[0.178s] INFO:colcon.colcon_core.package_discovery:Crawling recursively for packages in '/home/li/ros2_ws'
[0.178s] Level 1:colcon.colcon_core.package_identification:_identify(.) by extensions ['ignore', 'ignore_ament_install']
[0.178s] Level 1:colcon.colcon_core.package_identification:_identify(.) by extension 'ignore'
[0.178s] Level 1:colcon.colcon_core.package_identification:_identify(.) by extension 'ignore_ament_install'
[0.178s] Level 1:colcon.colcon_core.package_identification:_identify(.) by extensions ['colcon_pkg']
[0.178s] Level 1:colcon.colcon_core.package_identification:_identify(.) by extension 'colcon_pkg'
[0.178s] Level 1:colcon.colcon_core.package_identification:_identify(.) by extensions ['colcon_meta']
[0.178s] Level 1:colcon.colcon_core.package_identification:_identify(.) by extension 'colcon_meta'
[0.178s] Level 1:colcon.colcon_core.package_identification:_identify(.) by extensions ['ros']
[0.178s] Level 1:colcon.colcon_core.package_identification:_identify(.) by extension 'ros'
[0.183s] Level 1:colcon.colcon_core.package_identification:_identify(.) by extensions ['cmake', 'python']
[0.183s] Level 1:colcon.colcon_core.package_identification:_identify(.) by extension 'cmake'
[0.183s] Level 1:colcon.colcon_core.package_identification:_identify(.) by extension 'python'
[0.183s] Level 1:colcon.colcon_core.package_identification:_identify(.) by extensions ['python_setup_py']
[0.183s] Level 1:colcon.colcon_core.package_identification:_identify(.) by extension 'python_setup_py'
[0.183s] Level 1:colcon.colcon_core.package_identification:_identify(build) by extensions ['ignore', 'ignore_ament_install']
[0.183s] Level 1:colcon.colcon_core.package_identification:_identify(build) by extension 'ignore'
[0.183s] Level 1:colcon.colcon_core.package_identification:_identify(build) ignored
[0.184s] Level 1:colcon.colcon_core.package_identification:_identify(install) by extensions ['ignore', 'ignore_ament_install']
[0.184s] Level 1:colcon.colcon_core.package_identification:_identify(install) by extension 'ignore'
[0.184s] Level 1:colcon.colcon_core.package_identification:_identify(install) ignored
[0.184s] Level 1:colcon.colcon_core.package_identification:_identify(log) by extensions ['ignore', 'ignore_ament_install']
[0.184s] Level 1:colcon.colcon_core.package_identification:_identify(log) by extension 'ignore'
[0.184s] Level 1:colcon.colcon_core.package_identification:_identify(log) ignored
[0.184s] Level 1:colcon.colcon_core.package_identification:_identify(src) by extensions ['ignore', 'ignore_ament_install']
[0.184s] Level 1:colcon.colcon_core.package_identification:_identify(src) by extension 'ignore'
[0.184s] Level 1:colcon.colcon_core.package_identification:_identify(src) by extension 'ignore_ament_install'
[0.184s] Level 1:colcon.colcon_core.package_identification:_identify(src) by extensions ['colcon_pkg']
[0.184s] Level 1:colcon.colcon_core.package_identification:_identify(src) by extension 'colcon_pkg'
[0.184s] Level 1:colcon.colcon_core.package_identification:_identify(src) by extensions ['colcon_meta']
[0.184s] Level 1:colcon.colcon_core.package_identification:_identify(src) by extension 'colcon_meta'
[0.184s] Level 1:colcon.colcon_core.package_identification:_identify(src) by extensions ['ros']
[0.184s] Level 1:colcon.colcon_core.package_identification:_identify(src) by extension 'ros'
[0.184s] Level 1:colcon.colcon_core.package_identification:_identify(src) by extensions ['cmake', 'python']
[0.184s] Level 1:colcon.colcon_core.package_identification:_identify(src) by extension 'cmake'
[0.184s] Level 1:colcon.colcon_core.package_identification:_identify(src) by extension 'python'
[0.184s] Level 1:colcon.colcon_core.package_identification:_identify(src) by extensions ['python_setup_py']
[0.184s] Level 1:colcon.colcon_core.package_identification:_identify(src) by extension 'python_setup_py'
[0.184s] Level 1:colcon.colcon_core.package_identification:_identify(src/dummy-ros2_description) by extensions ['ignore', 'ignore_ament_install']
[0.184s] Level 1:colcon.colcon_core.package_identification:_identify(src/dummy-ros2_description) by extension 'ignore'
[0.184s] Level 1:colcon.colcon_core.package_identification:_identify(src/dummy-ros2_description) by extension 'ignore_ament_install'
[0.184s] Level 1:colcon.colcon_core.package_identification:_identify(src/dummy-ros2_description) by extensions ['colcon_pkg']
[0.184s] Level 1:colcon.colcon_core.package_identification:_identify(src/dummy-ros2_description) by extension 'colcon_pkg'
[0.184s] Level 1:colcon.colcon_core.package_identification:_identify(src/dummy-ros2_description) by extensions ['colcon_meta']
[0.184s] Level 1:colcon.colcon_core.package_identification:_identify(src/dummy-ros2_description) by extension 'colcon_meta'
[0.184s] Level 1:colcon.colcon_core.package_identification:_identify(src/dummy-ros2_description) by extensions ['ros']
[0.184s] Level 1:colcon.colcon_core.package_identification:_identify(src/dummy-ros2_description) by extension 'ros'
[0.186s] DEBUG:colcon.colcon_core.package_identification:Package 'src/dummy-ros2_description' with type 'ros.ament_python' and name 'dummy-ros2_description'
[0.186s] Level 1:colcon.colcon_core.package_identification:_identify(src/dummy_controller) by extensions ['ignore', 'ignore_ament_install']
[0.186s] Level 1:colcon.colcon_core.package_identification:_identify(src/dummy_controller) by extension 'ignore'
[0.186s] Level 1:colcon.colcon_core.package_identification:_identify(src/dummy_controller) by extension 'ignore_ament_install'
[0.186s] Level 1:colcon.colcon_core.package_identification:_identify(src/dummy_controller) by extensions ['colcon_pkg']
[0.186s] Level 1:colcon.colcon_core.package_identification:_identify(src/dummy_controller) by extension 'colcon_pkg'
[0.186s] Level 1:colcon.colcon_core.package_identification:_identify(src/dummy_controller) by extensions ['colcon_meta']
[0.186s] Level 1:colcon.colcon_core.package_identification:_identify(src/dummy_controller) by extension 'colcon_meta'
[0.186s] Level 1:colcon.colcon_core.package_identification:_identify(src/dummy_controller) by extensions ['ros']
[0.186s] Level 1:colcon.colcon_core.package_identification:_identify(src/dummy_controller) by extension 'ros'
[0.186s] DEBUG:colcon.colcon_core.package_identification:Package 'src/dummy_controller' with type 'ros.ament_python' and name 'dummy_controller'
[0.186s] Level 1:colcon.colcon_core.package_identification:_identify(src/dummy_moveit_config) by extensions ['ignore', 'ignore_ament_install']
[0.186s] Level 1:colcon.colcon_core.package_identification:_identify(src/dummy_moveit_config) by extension 'ignore'
[0.186s] Level 1:colcon.colcon_core.package_identification:_identify(src/dummy_moveit_config) by extension 'ignore_ament_install'
[0.186s] Level 1:colcon.colcon_core.package_identification:_identify(src/dummy_moveit_config) by extensions ['colcon_pkg']
[0.186s] Level 1:colcon.colcon_core.package_identification:_identify(src/dummy_moveit_config) by extension 'colcon_pkg'
[0.186s] Level 1:colcon.colcon_core.package_identification:_identify(src/dummy_moveit_config) by extensions ['colcon_meta']
[0.186s] Level 1:colcon.colcon_core.package_identification:_identify(src/dummy_moveit_config) by extension 'colcon_meta'
[0.186s] Level 1:colcon.colcon_core.package_identification:_identify(src/dummy_moveit_config) by extensions ['ros']
[0.186s] Level 1:colcon.colcon_core.package_identification:_identify(src/dummy_moveit_config) by extension 'ros'
[0.187s] DEBUG:colcon.colcon_core.package_identification:Package 'src/dummy_moveit_config' with type 'ros.ament_cmake' and name 'dummy_moveit_config'
[0.187s] Level 1:colcon.colcon_core.package_identification:_identify(src/dummy_server) by extensions ['ignore', 'ignore_ament_install']
[0.187s] Level 1:colcon.colcon_core.package_identification:_identify(src/dummy_server) by extension 'ignore'
[0.187s] Level 1:colcon.colcon_core.package_identification:_identify(src/dummy_server) by extension 'ignore_ament_install'
[0.187s] Level 1:colcon.colcon_core.package_identification:_identify(src/dummy_server) by extensions ['colcon_pkg']
[0.187s] Level 1:colcon.colcon_core.package_identification:_identify(src/dummy_server) by extension 'colcon_pkg'
[0.187s] Level 1:colcon.colcon_core.package_identification:_identify(src/dummy_server) by extensions ['colcon_meta']
[0.187s] Level 1:colcon.colcon_core.package_identification:_identify(src/dummy_server) by extension 'colcon_meta'
[0.187s] Level 1:colcon.colcon_core.package_identification:_identify(src/dummy_server) by extensions ['ros']
[0.187s] Level 1:colcon.colcon_core.package_identification:_identify(src/dummy_server) by extension 'ros'
[0.187s] DEBUG:colcon.colcon_core.package_identification:Package 'src/dummy_server' with type 'ros.ament_cmake' and name 'pymoveit2'
[0.187s] Level 1:colcon.colcon_core.package_discovery:discover_packages(recursive) using defaults
[0.187s] Level 1:colcon.colcon_core.package_discovery:discover_packages(ignore) discover
[0.187s] Level 1:colcon.colcon_core.package_discovery:discover_packages(ignore) using defaults
[0.187s] Level 1:colcon.colcon_core.package_discovery:discover_packages(path) discover
[0.187s] Level 1:colcon.colcon_core.package_discovery:discover_packages(path) using defaults
[0.207s] Level 1:colcon.colcon_core.package_discovery:discover_packages(prefix_path) check parameters
[0.207s] Level 1:colcon.colcon_core.package_discovery:discover_packages(prefix_path) discover
[0.209s] DEBUG:colcon.colcon_installed_package_information.package_discovery:Found 384 installed packages in /opt/ros/humble
[0.210s] Level 1:colcon.colcon_core.package_discovery:discover_packages(prefix_path) using defaults
[0.233s] Level 5:colcon.colcon_core.verb:set package 'dummy-ros2_description' build argument 'cmake_args' from command line to 'None'
[0.234s] Level 5:colcon.colcon_core.verb:set package 'dummy-ros2_description' build argument 'cmake_target' from command line to 'None'
[0.234s] Level 5:colcon.colcon_core.verb:set package 'dummy-ros2_description' build argument 'cmake_target_skip_unavailable' from command line to 'False'
[0.234s] Level 5:colcon.colcon_core.verb:set package 'dummy-ros2_description' build argument 'cmake_clean_cache' from command line to 'False'
[0.234s] Level 5:colcon.colcon_core.verb:set package 'dummy-ros2_description' build argument 'cmake_clean_first' from command line to 'False'
[0.234s] Level 5:colcon.colcon_core.verb:set package 'dummy-ros2_description' build argument 'cmake_force_configure' from command line to 'False'
[0.234s] Level 5:colcon.colcon_core.verb:set package 'dummy-ros2_description' build argument 'ament_cmake_args' from command line to 'None'
[0.234s] Level 5:colcon.colcon_core.verb:set package 'dummy-ros2_description' build argument 'catkin_cmake_args' from command line to 'None'
[0.234s] Level 5:colcon.colcon_core.verb:set package 'dummy-ros2_description' build argument 'catkin_skip_building_tests' from command line to 'False'
[0.234s] DEBUG:colcon.colcon_core.verb:Building package 'dummy-ros2_description' with the following arguments: {'ament_cmake_args': None, 'build_base': '/home/li/ros2_ws/build/dummy-ros2_description', 'catkin_cmake_args': None, 'catkin_skip_building_tests': False, 'cmake_args': None, 'cmake_clean_cache': False, 'cmake_clean_first': False, 'cmake_force_configure': False, 'cmake_target': None, 'cmake_target_skip_unavailable': False, 'install_base': '/home/li/ros2_ws/install/dummy-ros2_description', 'merge_install': False, 'path': '/home/li/ros2_ws/src/dummy-ros2_description', 'symlink_install': False, 'test_result_base': None}
[0.234s] Level 5:colcon.colcon_core.verb:set package 'dummy_controller' build argument 'cmake_args' from command line to 'None'
[0.234s] Level 5:colcon.colcon_core.verb:set package 'dummy_controller' build argument 'cmake_target' from command line to 'None'
[0.234s] Level 5:colcon.colcon_core.verb:set package 'dummy_controller' build argument 'cmake_target_skip_unavailable' from command line to 'False'
[0.234s] Level 5:colcon.colcon_core.verb:set package 'dummy_controller' build argument 'cmake_clean_cache' from command line to 'False'
[0.234s] Level 5:colcon.colcon_core.verb:set package 'dummy_controller' build argument 'cmake_clean_first' from command line to 'False'
[0.234s] Level 5:colcon.colcon_core.verb:set package 'dummy_controller' build argument 'cmake_force_configure' from command line to 'False'
[0.234s] Level 5:colcon.colcon_core.verb:set package 'dummy_controller' build argument 'ament_cmake_args' from command line to 'None'
[0.234s] Level 5:colcon.colcon_core.verb:set package 'dummy_controller' build argument 'catkin_cmake_args' from command line to 'None'
[0.234s] Level 5:colcon.colcon_core.verb:set package 'dummy_controller' build argument 'catkin_skip_building_tests' from command line to 'False'
[0.234s] DEBUG:colcon.colcon_core.verb:Building package 'dummy_controller' with the following arguments: {'ament_cmake_args': None, 'build_base': '/home/li/ros2_ws/build/dummy_controller', 'catkin_cmake_args': None, 'catkin_skip_building_tests': False, 'cmake_args': None, 'cmake_clean_cache': False, 'cmake_clean_first': False, 'cmake_force_configure': False, 'cmake_target': None, 'cmake_target_skip_unavailable': False, 'install_base': '/home/li/ros2_ws/install/dummy_controller', 'merge_install': False, 'path': '/home/li/ros2_ws/src/dummy_controller', 'symlink_install': False, 'test_result_base': None}
[0.234s] Level 5:colcon.colcon_core.verb:set package 'pymoveit2' build argument 'cmake_args' from command line to 'None'
[0.234s] Level 5:colcon.colcon_core.verb:set package 'pymoveit2' build argument 'cmake_target' from command line to 'None'
[0.234s] Level 5:colcon.colcon_core.verb:set package 'pymoveit2' build argument 'cmake_target_skip_unavailable' from command line to 'False'
[0.234s] Level 5:colcon.colcon_core.verb:set package 'pymoveit2' build argument 'cmake_clean_cache' from command line to 'False'
[0.234s] Level 5:colcon.colcon_core.verb:set package 'pymoveit2' build argument 'cmake_clean_first' from command line to 'False'
[0.234s] Level 5:colcon.colcon_core.verb:set package 'pymoveit2' build argument 'cmake_force_configure' from command line to 'False'
[0.234s] Level 5:colcon.colcon_core.verb:set package 'pymoveit2' build argument 'ament_cmake_args' from command line to 'None'
[0.234s] Level 5:colcon.colcon_core.verb:set package 'pymoveit2' build argument 'catkin_cmake_args' from command line to 'None'
[0.234s] Level 5:colcon.colcon_core.verb:set package 'pymoveit2' build argument 'catkin_skip_building_tests' from command line to 'False'
[0.234s] DEBUG:colcon.colcon_core.verb:Building package 'pymoveit2' with the following arguments: {'ament_cmake_args': None, 'build_base': '/home/li/ros2_ws/build/pymoveit2', 'catkin_cmake_args': None, 'catkin_skip_building_tests': False, 'cmake_args': None, 'cmake_clean_cache': False, 'cmake_clean_first': False, 'cmake_force_configure': False, 'cmake_target': None, 'cmake_target_skip_unavailable': False, 'install_base': '/home/li/ros2_ws/install/pymoveit2', 'merge_install': False, 'path': '/home/li/ros2_ws/src/dummy_server', 'symlink_install': False, 'test_result_base': None}
[0.234s] Level 5:colcon.colcon_core.verb:set package 'dummy_moveit_config' build argument 'cmake_args' from command line to 'None'
[0.234s] Level 5:colcon.colcon_core.verb:set package 'dummy_moveit_config' build argument 'cmake_target' from command line to 'None'
[0.234s] Level 5:colcon.colcon_core.verb:set package 'dummy_moveit_config' build argument 'cmake_target_skip_unavailable' from command line to 'False'
[0.234s] Level 5:colcon.colcon_core.verb:set package 'dummy_moveit_config' build argument 'cmake_clean_cache' from command line to 'False'
[0.234s] Level 5:colcon.colcon_core.verb:set package 'dummy_moveit_config' build argument 'cmake_clean_first' from command line to 'False'
[0.234s] Level 5:colcon.colcon_core.verb:set package 'dummy_moveit_config' build argument 'cmake_force_configure' from command line to 'False'
[0.234s] Level 5:colcon.colcon_core.verb:set package 'dummy_moveit_config' build argument 'ament_cmake_args' from command line to 'None'
[0.234s] Level 5:colcon.colcon_core.verb:set package 'dummy_moveit_config' build argument 'catkin_cmake_args' from command line to 'None'
[0.234s] Level 5:colcon.colcon_core.verb:set package 'dummy_moveit_config' build argument 'catkin_skip_building_tests' from command line to 'False'
[0.234s] DEBUG:colcon.colcon_core.verb:Building package 'dummy_moveit_config' with the following arguments: {'ament_cmake_args': None, 'build_base': '/home/li/ros2_ws/build/dummy_moveit_config', 'catkin_cmake_args': None, 'catkin_skip_building_tests': False, 'cmake_args': None, 'cmake_clean_cache': False, 'cmake_clean_first': False, 'cmake_force_configure': False, 'cmake_target': None, 'cmake_target_skip_unavailable': False, 'install_base': '/home/li/ros2_ws/install/dummy_moveit_config', 'merge_install': False, 'path': '/home/li/ros2_ws/src/dummy_moveit_config', 'symlink_install': False, 'test_result_base': None}
[0.235s] INFO:colcon.colcon_core.executor:Executing jobs using 'parallel' executor
[0.235s] DEBUG:colcon.colcon_parallel_executor.executor.parallel:run_until_complete
[0.236s] INFO:colcon.colcon_ros.task.ament_python.build:Building ROS package in '/home/li/ros2_ws/src/dummy-ros2_description' with build type 'ament_python'
[0.236s] Level 1:colcon.colcon_core.shell:create_environment_hook('dummy-ros2_description', 'ament_prefix_path')
[0.237s] INFO:colcon.colcon_core.plugin_system:Skipping extension 'colcon_core.shell.bat': Not used on non-Windows systems
[0.238s] INFO:colcon.colcon_core.shell:Creating environment hook '/home/li/ros2_ws/install/dummy-ros2_description/share/dummy-ros2_description/hook/ament_prefix_path.ps1'
[0.238s] INFO:colcon.colcon_core.shell:Creating environment descriptor '/home/li/ros2_ws/install/dummy-ros2_description/share/dummy-ros2_description/hook/ament_prefix_path.dsv'
[0.238s] INFO:colcon.colcon_core.shell:Creating environment hook '/home/li/ros2_ws/install/dummy-ros2_description/share/dummy-ros2_description/hook/ament_prefix_path.sh'
[0.239s] INFO:colcon.colcon_core.shell:Skip shell extension 'powershell' for command environment: Not usable outside of PowerShell
[0.239s] DEBUG:colcon.colcon_core.shell:Skip shell extension 'dsv' for command environment
[0.241s] INFO:colcon.colcon_ros.task.ament_python.build:Building ROS package in '/home/li/ros2_ws/src/dummy_controller' with build type 'ament_python'
[0.241s] Level 1:colcon.colcon_core.shell:create_environment_hook('dummy_controller', 'ament_prefix_path')
[0.241s] INFO:colcon.colcon_core.shell:Creating environment hook '/home/li/ros2_ws/install/dummy_controller/share/dummy_controller/hook/ament_prefix_path.ps1'
[0.241s] INFO:colcon.colcon_core.shell:Creating environment descriptor '/home/li/ros2_ws/install/dummy_controller/share/dummy_controller/hook/ament_prefix_path.dsv'
[0.242s] INFO:colcon.colcon_core.shell:Creating environment hook '/home/li/ros2_ws/install/dummy_controller/share/dummy_controller/hook/ament_prefix_path.sh'
[0.242s] INFO:colcon.colcon_core.shell:Skip shell extension 'powershell' for command environment: Not usable outside of PowerShell
[0.242s] DEBUG:colcon.colcon_core.shell:Skip shell extension 'dsv' for command environment
[0.244s] INFO:colcon.colcon_ros.task.ament_cmake.build:Building ROS package in '/home/li/ros2_ws/src/dummy_server' with build type 'ament_cmake'
[0.244s] INFO:colcon.colcon_cmake.task.cmake.build:Building CMake package in '/home/li/ros2_ws/src/dummy_server'
[0.244s] INFO:colcon.colcon_core.shell:Skip shell extension 'powershell' for command environment: Not usable outside of PowerShell
[0.244s] DEBUG:colcon.colcon_core.shell:Skip shell extension 'dsv' for command environment
[0.414s] INFO:colcon.colcon_core.task.python.build:Building Python package in '/home/li/ros2_ws/src/dummy-ros2_description'
[0.415s] INFO:colcon.colcon_core.shell:Skip shell extension 'powershell' for command environment: Not usable outside of PowerShell
[0.415s] DEBUG:colcon.colcon_core.shell:Skip shell extension 'dsv' for command environment
[0.571s] INFO:colcon.colcon_core.task.python.build:Building Python package in '/home/li/ros2_ws/src/dummy_controller'
[0.572s] INFO:colcon.colcon_core.shell:Skip shell extension 'powershell' for command environment: Not usable outside of PowerShell
[0.572s] DEBUG:colcon.colcon_core.shell:Skip shell extension 'dsv' for command environment
[0.575s] DEBUG:colcon.colcon_core.event_handler.log_command:Invoking command in '/home/li/ros2_ws/build/pymoveit2': CMAKE_PREFIX_PATH=/opt/ros/humble CONDA_PROMPT_MODIFIER=(base) /usr/bin/cmake --build /home/li/ros2_ws/build/pymoveit2 -- -j32 -l32
[0.876s] DEBUG:colcon.colcon_core.event_handler.log_command:Invoking command in '/home/li/ros2_ws/src/dummy_controller': CONDA_PROMPT_MODIFIER=(base) PYTHONPATH=/home/li/ros2_ws/build/dummy_controller/prefix_override:/usr/lib/python3/dist-packages/colcon_core/task/python/colcon_distutils_commands:/home/li/ros2_ws/install/dummy_controller/lib/python3.10/site-packages:${PYTHONPATH} /usr/bin/python3 -W ignore:setup.py install is deprecated -W ignore:easy_install command is deprecated setup.py egg_info --egg-base ../../build/dummy_controller build --build-base /home/li/ros2_ws/build/dummy_controller/build install --record /home/li/ros2_ws/build/dummy_controller/install.log --single-version-externally-managed install_data
[0.876s] DEBUG:colcon.colcon_core.event_handler.log_command:Invoking command in '/home/li/ros2_ws/src/dummy-ros2_description': CONDA_PROMPT_MODIFIER=(base) PYTHONPATH=/home/li/ros2_ws/build/dummy-ros2_description/prefix_override:/usr/lib/python3/dist-packages/colcon_core/task/python/colcon_distutils_commands:/home/li/ros2_ws/install/dummy-ros2_description/lib/python3.10/site-packages:${PYTHONPATH} /usr/bin/python3 -W ignore:setup.py install is deprecated -W ignore:easy_install command is deprecated setup.py egg_info --egg-base ../../build/dummy-ros2_description build --build-base /home/li/ros2_ws/build/dummy-ros2_description/build install --record /home/li/ros2_ws/build/dummy-ros2_description/install.log --install-scripts $base/lib/dummy-ros2_description --single-version-externally-managed install_data
[0.924s] DEBUG:colcon.colcon_core.event_handler.log_command:Invoked command in '/home/li/ros2_ws/build/pymoveit2' returned '0': CMAKE_PREFIX_PATH=/opt/ros/humble CONDA_PROMPT_MODIFIER=(base) /usr/bin/cmake --build /home/li/ros2_ws/build/pymoveit2 -- -j32 -l32
[0.935s] DEBUG:colcon.colcon_core.event_handler.log_command:Invoking command in '/home/li/ros2_ws/build/pymoveit2': CMAKE_PREFIX_PATH=/opt/ros/humble CONDA_PROMPT_MODIFIER=(base) /usr/bin/cmake --install /home/li/ros2_ws/build/pymoveit2
[0.973s] Level 1:colcon.colcon_core.environment:create_environment_scripts_only(pymoveit2)
[0.973s] DEBUG:colcon.colcon_core.event_handler.log_command:Invoked command in '/home/li/ros2_ws/build/pymoveit2' returned '0': CMAKE_PREFIX_PATH=/opt/ros/humble CONDA_PROMPT_MODIFIER=(base) /usr/bin/cmake --install /home/li/ros2_ws/build/pymoveit2
[0.976s] Level 1:colcon.colcon_core.environment:checking '/home/li/ros2_ws/install/pymoveit2' for CMake module files
[0.976s] Level 1:colcon.colcon_core.environment:checking '/home/li/ros2_ws/install/pymoveit2' for CMake config files
[0.976s] Level 1:colcon.colcon_core.shell:create_environment_hook('pymoveit2', 'cmake_prefix_path')
[0.976s] INFO:colcon.colcon_core.shell:Creating environment hook '/home/li/ros2_ws/install/pymoveit2/share/pymoveit2/hook/cmake_prefix_path.ps1'
[0.976s] INFO:colcon.colcon_core.shell:Creating environment descriptor '/home/li/ros2_ws/install/pymoveit2/share/pymoveit2/hook/cmake_prefix_path.dsv'
[0.977s] INFO:colcon.colcon_core.shell:Creating environment hook '/home/li/ros2_ws/install/pymoveit2/share/pymoveit2/hook/cmake_prefix_path.sh'
[0.977s] Level 1:colcon.colcon_core.environment:checking '/home/li/ros2_ws/install/pymoveit2/lib'
[0.977s] Level 1:colcon.colcon_core.environment:checking '/home/li/ros2_ws/install/pymoveit2/bin'
[0.977s] Level 1:colcon.colcon_core.environment:checking '/home/li/ros2_ws/install/pymoveit2/lib/pkgconfig/pymoveit2.pc'
[0.977s] Level 1:colcon.colcon_core.environment:checking '/home/li/ros2_ws/install/pymoveit2/lib/python3.10/site-packages'
[0.977s] Level 1:colcon.colcon_core.environment:checking '/home/li/ros2_ws/install/pymoveit2/bin'
[0.978s] INFO:colcon.colcon_core.shell:Creating package script '/home/li/ros2_ws/install/pymoveit2/share/pymoveit2/package.ps1'
[0.978s] INFO:colcon.colcon_core.shell:Creating package descriptor '/home/li/ros2_ws/install/pymoveit2/share/pymoveit2/package.dsv'
[0.978s] INFO:colcon.colcon_core.shell:Creating package script '/home/li/ros2_ws/install/pymoveit2/share/pymoveit2/package.sh'
[0.979s] INFO:colcon.colcon_core.shell:Creating package script '/home/li/ros2_ws/install/pymoveit2/share/pymoveit2/package.bash'
[0.979s] INFO:colcon.colcon_core.shell:Creating package script '/home/li/ros2_ws/install/pymoveit2/share/pymoveit2/package.zsh'
[0.980s] Level 1:colcon.colcon_core.environment:create_file_with_runtime_dependencies(/home/li/ros2_ws/install/pymoveit2/share/colcon-core/packages/pymoveit2)
[0.980s] Level 1:colcon.colcon_core.environment:create_environment_scripts_only(pymoveit2)
[0.980s] Level 1:colcon.colcon_core.environment:checking '/home/li/ros2_ws/install/pymoveit2' for CMake module files
[0.980s] Level 1:colcon.colcon_core.environment:checking '/home/li/ros2_ws/install/pymoveit2' for CMake config files
[0.981s] Level 1:colcon.colcon_core.shell:create_environment_hook('pymoveit2', 'cmake_prefix_path')
[0.981s] INFO:colcon.colcon_core.shell:Creating environment hook '/home/li/ros2_ws/install/pymoveit2/share/pymoveit2/hook/cmake_prefix_path.ps1'
[0.981s] INFO:colcon.colcon_core.shell:Creating environment descriptor '/home/li/ros2_ws/install/pymoveit2/share/pymoveit2/hook/cmake_prefix_path.dsv'
[0.981s] INFO:colcon.colcon_core.shell:Creating environment hook '/home/li/ros2_ws/install/pymoveit2/share/pymoveit2/hook/cmake_prefix_path.sh'
[0.981s] Level 1:colcon.colcon_core.environment:checking '/home/li/ros2_ws/install/pymoveit2/lib'
[0.981s] Level 1:colcon.colcon_core.environment:checking '/home/li/ros2_ws/install/pymoveit2/bin'
[0.981s] Level 1:colcon.colcon_core.environment:checking '/home/li/ros2_ws/install/pymoveit2/lib/pkgconfig/pymoveit2.pc'
[0.981s] Level 1:colcon.colcon_core.environment:checking '/home/li/ros2_ws/install/pymoveit2/lib/python3.10/site-packages'
[0.982s] Level 1:colcon.colcon_core.environment:checking '/home/li/ros2_ws/install/pymoveit2/bin'
[0.982s] INFO:colcon.colcon_core.shell:Creating package script '/home/li/ros2_ws/install/pymoveit2/share/pymoveit2/package.ps1'
[0.982s] INFO:colcon.colcon_core.shell:Creating package descriptor '/home/li/ros2_ws/install/pymoveit2/share/pymoveit2/package.dsv'
[0.982s] INFO:colcon.colcon_core.shell:Creating package script '/home/li/ros2_ws/install/pymoveit2/share/pymoveit2/package.sh'
[0.982s] INFO:colcon.colcon_core.shell:Creating package script '/home/li/ros2_ws/install/pymoveit2/share/pymoveit2/package.bash'
[0.983s] INFO:colcon.colcon_core.shell:Creating package script '/home/li/ros2_ws/install/pymoveit2/share/pymoveit2/package.zsh'
[0.983s] Level 1:colcon.colcon_core.environment:create_file_with_runtime_dependencies(/home/li/ros2_ws/install/pymoveit2/share/colcon-core/packages/pymoveit2)
[1.053s] Level 1:colcon.colcon_core.environment:checking '/home/li/ros2_ws/install/dummy-ros2_description' for CMake module files
[1.054s] DEBUG:colcon.colcon_core.event_handler.log_command:Invoked command in '/home/li/ros2_ws/src/dummy-ros2_description' returned '0': CONDA_PROMPT_MODIFIER=(base) PYTHONPATH=/home/li/ros2_ws/build/dummy-ros2_description/prefix_override:/usr/lib/python3/dist-packages/colcon_core/task/python/colcon_distutils_commands:/home/li/ros2_ws/install/dummy-ros2_description/lib/python3.10/site-packages:${PYTHONPATH} /usr/bin/python3 -W ignore:setup.py install is deprecated -W ignore:easy_install command is deprecated setup.py egg_info --egg-base ../../build/dummy-ros2_description build --build-base /home/li/ros2_ws/build/dummy-ros2_description/build install --record /home/li/ros2_ws/build/dummy-ros2_description/install.log --install-scripts $base/lib/dummy-ros2_description --single-version-externally-managed install_data
[1.054s] Level 1:colcon.colcon_core.environment:checking '/home/li/ros2_ws/install/dummy-ros2_description' for CMake config files
[1.055s] Level 1:colcon.colcon_core.environment:checking '/home/li/ros2_ws/install/dummy-ros2_description/lib'
[1.055s] Level 1:colcon.colcon_core.environment:checking '/home/li/ros2_ws/install/dummy-ros2_description/bin'
[1.055s] Level 1:colcon.colcon_core.environment:checking '/home/li/ros2_ws/install/dummy-ros2_description/lib/pkgconfig/dummy-ros2_description.pc'
[1.055s] Level 1:colcon.colcon_core.environment:checking '/home/li/ros2_ws/install/dummy-ros2_description/lib/python3.10/site-packages'
[1.055s] Level 1:colcon.colcon_core.shell:create_environment_hook('dummy-ros2_description', 'pythonpath')
[1.055s] INFO:colcon.colcon_core.shell:Creating environment hook '/home/li/ros2_ws/install/dummy-ros2_description/share/dummy-ros2_description/hook/pythonpath.ps1'
[1.055s] INFO:colcon.colcon_core.shell:Creating environment descriptor '/home/li/ros2_ws/install/dummy-ros2_description/share/dummy-ros2_description/hook/pythonpath.dsv'
[1.055s] INFO:colcon.colcon_core.shell:Creating environment hook '/home/li/ros2_ws/install/dummy-ros2_description/share/dummy-ros2_description/hook/pythonpath.sh'
[1.056s] Level 1:colcon.colcon_core.environment:checking '/home/li/ros2_ws/install/dummy-ros2_description/bin'
[1.056s] Level 1:colcon.colcon_core.environment:create_environment_scripts_only(dummy-ros2_description)
[1.056s] INFO:colcon.colcon_core.shell:Creating package script '/home/li/ros2_ws/install/dummy-ros2_description/share/dummy-ros2_description/package.ps1'
[1.056s] INFO:colcon.colcon_core.shell:Creating package descriptor '/home/li/ros2_ws/install/dummy-ros2_description/share/dummy-ros2_description/package.dsv'
[1.056s] INFO:colcon.colcon_core.shell:Creating package script '/home/li/ros2_ws/install/dummy-ros2_description/share/dummy-ros2_description/package.sh'
[1.057s] INFO:colcon.colcon_core.shell:Creating package script '/home/li/ros2_ws/install/dummy-ros2_description/share/dummy-ros2_description/package.bash'
[1.057s] INFO:colcon.colcon_core.shell:Creating package script '/home/li/ros2_ws/install/dummy-ros2_description/share/dummy-ros2_description/package.zsh'
[1.057s] Level 1:colcon.colcon_core.environment:create_file_with_runtime_dependencies(/home/li/ros2_ws/install/dummy-ros2_description/share/colcon-core/packages/dummy-ros2_description)
[1.057s] INFO:colcon.colcon_ros.task.ament_cmake.build:Building ROS package in '/home/li/ros2_ws/src/dummy_moveit_config' with build type 'ament_cmake'
[1.057s] INFO:colcon.colcon_cmake.task.cmake.build:Building CMake package in '/home/li/ros2_ws/src/dummy_moveit_config'
[1.058s] INFO:colcon.colcon_core.shell:Skip shell extension 'powershell' for command environment: Not usable outside of PowerShell
[1.058s] DEBUG:colcon.colcon_core.shell:Skip shell extension 'dsv' for command environment
[1.060s] Level 1:colcon.colcon_core.environment:checking '/home/li/ros2_ws/install/dummy_controller' for CMake module files
[1.060s] DEBUG:colcon.colcon_core.event_handler.log_command:Invoked command in '/home/li/ros2_ws/src/dummy_controller' returned '0': CONDA_PROMPT_MODIFIER=(base) PYTHONPATH=/home/li/ros2_ws/build/dummy_controller/prefix_override:/usr/lib/python3/dist-packages/colcon_core/task/python/colcon_distutils_commands:/home/li/ros2_ws/install/dummy_controller/lib/python3.10/site-packages:${PYTHONPATH} /usr/bin/python3 -W ignore:setup.py install is deprecated -W ignore:easy_install command is deprecated setup.py egg_info --egg-base ../../build/dummy_controller build --build-base /home/li/ros2_ws/build/dummy_controller/build install --record /home/li/ros2_ws/build/dummy_controller/install.log --single-version-externally-managed install_data
[1.061s] Level 1:colcon.colcon_core.environment:checking '/home/li/ros2_ws/install/dummy_controller' for CMake config files
[1.061s] Level 1:colcon.colcon_core.environment:checking '/home/li/ros2_ws/install/dummy_controller/lib'
[1.061s] Level 1:colcon.colcon_core.environment:checking '/home/li/ros2_ws/install/dummy_controller/bin'
[1.061s] Level 1:colcon.colcon_core.environment:checking '/home/li/ros2_ws/install/dummy_controller/lib/pkgconfig/dummy_controller.pc'
[1.061s] Level 1:colcon.colcon_core.environment:checking '/home/li/ros2_ws/install/dummy_controller/lib/python3.10/site-packages'
[1.061s] Level 1:colcon.colcon_core.shell:create_environment_hook('dummy_controller', 'pythonpath')
[1.061s] INFO:colcon.colcon_core.shell:Creating environment hook '/home/li/ros2_ws/install/dummy_controller/share/dummy_controller/hook/pythonpath.ps1'
[1.062s] INFO:colcon.colcon_core.shell:Creating environment descriptor '/home/li/ros2_ws/install/dummy_controller/share/dummy_controller/hook/pythonpath.dsv'
[1.062s] INFO:colcon.colcon_core.shell:Creating environment hook '/home/li/ros2_ws/install/dummy_controller/share/dummy_controller/hook/pythonpath.sh'
[1.062s] Level 1:colcon.colcon_core.environment:checking '/home/li/ros2_ws/install/dummy_controller/bin'
[1.062s] Level 1:colcon.colcon_core.environment:create_environment_scripts_only(dummy_controller)
[1.062s] INFO:colcon.colcon_core.shell:Creating package script '/home/li/ros2_ws/install/dummy_controller/share/dummy_controller/package.ps1'
[1.062s] INFO:colcon.colcon_core.shell:Creating package descriptor '/home/li/ros2_ws/install/dummy_controller/share/dummy_controller/package.dsv'
[1.063s] INFO:colcon.colcon_core.shell:Creating package script '/home/li/ros2_ws/install/dummy_controller/share/dummy_controller/package.sh'
[1.063s] INFO:colcon.colcon_core.shell:Creating package script '/home/li/ros2_ws/install/dummy_controller/share/dummy_controller/package.bash'
[1.063s] INFO:colcon.colcon_core.shell:Creating package script '/home/li/ros2_ws/install/dummy_controller/share/dummy_controller/package.zsh'
[1.063s] Level 1:colcon.colcon_core.environment:create_file_with_runtime_dependencies(/home/li/ros2_ws/install/dummy_controller/share/colcon-core/packages/dummy_controller)
[1.070s] DEBUG:colcon.colcon_core.event_handler.log_command:Invoking command in '/home/li/ros2_ws/build/dummy_moveit_config': AMENT_PREFIX_PATH=/home/li/ros2_ws/install/dummy-ros2_description:${AMENT_PREFIX_PATH} CMAKE_PREFIX_PATH=/opt/ros/humble CONDA_PROMPT_MODIFIER=(base) PYTHONPATH=/home/li/ros2_ws/install/dummy-ros2_description/lib/python3.10/site-packages:${PYTHONPATH} /usr/bin/cmake --build /home/li/ros2_ws/build/dummy_moveit_config -- -j32 -l32
[1.225s] DEBUG:colcon.colcon_core.event_handler.log_command:Invoked command in '/home/li/ros2_ws/build/dummy_moveit_config' returned '0': AMENT_PREFIX_PATH=/home/li/ros2_ws/install/dummy-ros2_description:${AMENT_PREFIX_PATH} CMAKE_PREFIX_PATH=/opt/ros/humble CONDA_PROMPT_MODIFIER=(base) PYTHONPATH=/home/li/ros2_ws/install/dummy-ros2_description/lib/python3.10/site-packages:${PYTHONPATH} /usr/bin/cmake --build /home/li/ros2_ws/build/dummy_moveit_config -- -j32 -l32
[1.226s] DEBUG:colcon.colcon_core.event_handler.log_command:Invoking command in '/home/li/ros2_ws/build/dummy_moveit_config': AMENT_PREFIX_PATH=/home/li/ros2_ws/install/dummy-ros2_description:${AMENT_PREFIX_PATH} CMAKE_PREFIX_PATH=/opt/ros/humble CONDA_PROMPT_MODIFIER=(base) PYTHONPATH=/home/li/ros2_ws/install/dummy-ros2_description/lib/python3.10/site-packages:${PYTHONPATH} /usr/bin/cmake --install /home/li/ros2_ws/build/dummy_moveit_config
[1.238s] Level 1:colcon.colcon_core.environment:create_environment_scripts_only(dummy_moveit_config)
[1.238s] Level 1:colcon.colcon_core.environment:checking '/home/li/ros2_ws/install/dummy_moveit_config' for CMake module files
[1.239s] DEBUG:colcon.colcon_core.event_handler.log_command:Invoked command in '/home/li/ros2_ws/build/dummy_moveit_config' returned '0': AMENT_PREFIX_PATH=/home/li/ros2_ws/install/dummy-ros2_description:${AMENT_PREFIX_PATH} CMAKE_PREFIX_PATH=/opt/ros/humble CONDA_PROMPT_MODIFIER=(base) PYTHONPATH=/home/li/ros2_ws/install/dummy-ros2_description/lib/python3.10/site-packages:${PYTHONPATH} /usr/bin/cmake --install /home/li/ros2_ws/build/dummy_moveit_config
[1.239s] Level 1:colcon.colcon_core.environment:checking '/home/li/ros2_ws/install/dummy_moveit_config' for CMake config files
[1.239s] Level 1:colcon.colcon_core.shell:create_environment_hook('dummy_moveit_config', 'cmake_prefix_path')
[1.239s] INFO:colcon.colcon_core.shell:Creating environment hook '/home/li/ros2_ws/install/dummy_moveit_config/share/dummy_moveit_config/hook/cmake_prefix_path.ps1'
[1.240s] INFO:colcon.colcon_core.shell:Creating environment descriptor '/home/li/ros2_ws/install/dummy_moveit_config/share/dummy_moveit_config/hook/cmake_prefix_path.dsv'
[1.240s] INFO:colcon.colcon_core.shell:Creating environment hook '/home/li/ros2_ws/install/dummy_moveit_config/share/dummy_moveit_config/hook/cmake_prefix_path.sh'
[1.240s] Level 1:colcon.colcon_core.environment:checking '/home/li/ros2_ws/install/dummy_moveit_config/lib'
[1.240s] Level 1:colcon.colcon_core.environment:checking '/home/li/ros2_ws/install/dummy_moveit_config/bin'
[1.240s] Level 1:colcon.colcon_core.environment:checking '/home/li/ros2_ws/install/dummy_moveit_config/lib/pkgconfig/dummy_moveit_config.pc'
[1.240s] Level 1:colcon.colcon_core.environment:checking '/home/li/ros2_ws/install/dummy_moveit_config/lib/python3.10/site-packages'
[1.240s] Level 1:colcon.colcon_core.environment:checking '/home/li/ros2_ws/install/dummy_moveit_config/bin'
[1.240s] INFO:colcon.colcon_core.shell:Creating package script '/home/li/ros2_ws/install/dummy_moveit_config/share/dummy_moveit_config/package.ps1'
[1.241s] INFO:colcon.colcon_core.shell:Creating package descriptor '/home/li/ros2_ws/install/dummy_moveit_config/share/dummy_moveit_config/package.dsv'
[1.241s] INFO:colcon.colcon_core.shell:Creating package script '/home/li/ros2_ws/install/dummy_moveit_config/share/dummy_moveit_config/package.sh'
[1.241s] INFO:colcon.colcon_core.shell:Creating package script '/home/li/ros2_ws/install/dummy_moveit_config/share/dummy_moveit_config/package.bash'
[1.241s] INFO:colcon.colcon_core.shell:Creating package script '/home/li/ros2_ws/install/dummy_moveit_config/share/dummy_moveit_config/package.zsh'
[1.242s] Level 1:colcon.colcon_core.environment:create_file_with_runtime_dependencies(/home/li/ros2_ws/install/dummy_moveit_config/share/colcon-core/packages/dummy_moveit_config)
[1.242s] Level 1:colcon.colcon_core.environment:create_environment_scripts_only(dummy_moveit_config)
[1.242s] Level 1:colcon.colcon_core.environment:checking '/home/li/ros2_ws/install/dummy_moveit_config' for CMake module files
[1.242s] Level 1:colcon.colcon_core.environment:checking '/home/li/ros2_ws/install/dummy_moveit_config' for CMake config files
[1.242s] Level 1:colcon.colcon_core.shell:create_environment_hook('dummy_moveit_config', 'cmake_prefix_path')
[1.242s] INFO:colcon.colcon_core.shell:Creating environment hook '/home/li/ros2_ws/install/dummy_moveit_config/share/dummy_moveit_config/hook/cmake_prefix_path.ps1'
[1.243s] INFO:colcon.colcon_core.shell:Creating environment descriptor '/home/li/ros2_ws/install/dummy_moveit_config/share/dummy_moveit_config/hook/cmake_prefix_path.dsv'
[1.243s] INFO:colcon.colcon_core.shell:Creating environment hook '/home/li/ros2_ws/install/dummy_moveit_config/share/dummy_moveit_config/hook/cmake_prefix_path.sh'
[1.243s] Level 1:colcon.colcon_core.environment:checking '/home/li/ros2_ws/install/dummy_moveit_config/lib'
[1.243s] Level 1:colcon.colcon_core.environment:checking '/home/li/ros2_ws/install/dummy_moveit_config/bin'
[1.243s] Level 1:colcon.colcon_core.environment:checking '/home/li/ros2_ws/install/dummy_moveit_config/lib/pkgconfig/dummy_moveit_config.pc'
[1.243s] Level 1:colcon.colcon_core.environment:checking '/home/li/ros2_ws/install/dummy_moveit_config/lib/python3.10/site-packages'
[1.243s] Level 1:colcon.colcon_core.environment:checking '/home/li/ros2_ws/install/dummy_moveit_config/bin'
[1.243s] INFO:colcon.colcon_core.shell:Creating package script '/home/li/ros2_ws/install/dummy_moveit_config/share/dummy_moveit_config/package.ps1'
[1.244s] INFO:colcon.colcon_core.shell:Creating package descriptor '/home/li/ros2_ws/install/dummy_moveit_config/share/dummy_moveit_config/package.dsv'
[1.244s] INFO:colcon.colcon_core.shell:Creating package script '/home/li/ros2_ws/install/dummy_moveit_config/share/dummy_moveit_config/package.sh'
[1.244s] INFO:colcon.colcon_core.shell:Creating package script '/home/li/ros2_ws/install/dummy_moveit_config/share/dummy_moveit_config/package.bash'
[1.244s] INFO:colcon.colcon_core.shell:Creating package script '/home/li/ros2_ws/install/dummy_moveit_config/share/dummy_moveit_config/package.zsh'
[1.244s] Level 1:colcon.colcon_core.environment:create_file_with_runtime_dependencies(/home/li/ros2_ws/install/dummy_moveit_config/share/colcon-core/packages/dummy_moveit_config)
[1.245s] DEBUG:colcon.colcon_parallel_executor.executor.parallel:closing loop
[1.245s] DEBUG:colcon.colcon_parallel_executor.executor.parallel:loop closed
[1.245s] DEBUG:colcon.colcon_parallel_executor.executor.parallel:run_until_complete finished with '0'
[1.245s] DEBUG:colcon.colcon_core.event_reactor:joining thread
[1.249s] INFO:colcon.colcon_core.plugin_system:Skipping extension 'colcon_notification.desktop_notification.terminal_notifier': Not used on non-Darwin systems
[1.249s] INFO:colcon.colcon_core.plugin_system:Skipping extension 'colcon_notification.desktop_notification.win32': Not used on non-Windows systems
[1.249s] INFO:colcon.colcon_notification.desktop_notification:Sending desktop notification using 'notify2'
[1.259s] DEBUG:colcon.colcon_core.event_reactor:joined thread
[1.259s] INFO:colcon.colcon_core.shell:Creating prefix script '/home/li/ros2_ws/install/local_setup.ps1'
[1.260s] INFO:colcon.colcon_core.shell:Creating prefix util module '/home/li/ros2_ws/install/_local_setup_util_ps1.py'
[1.261s] INFO:colcon.colcon_core.shell:Creating prefix chain script '/home/li/ros2_ws/install/setup.ps1'
[1.262s] INFO:colcon.colcon_core.shell:Creating prefix script '/home/li/ros2_ws/install/local_setup.sh'
[1.262s] INFO:colcon.colcon_core.shell:Creating prefix util module '/home/li/ros2_ws/install/_local_setup_util_sh.py'
[1.262s] INFO:colcon.colcon_core.shell:Creating prefix chain script '/home/li/ros2_ws/install/setup.sh'
[1.263s] INFO:colcon.colcon_core.shell:Creating prefix script '/home/li/ros2_ws/install/local_setup.bash'
[1.263s] INFO:colcon.colcon_core.shell:Creating prefix chain script '/home/li/ros2_ws/install/setup.bash'
[1.264s] INFO:colcon.colcon_core.shell:Creating prefix script '/home/li/ros2_ws/install/local_setup.zsh'
[1.264s] INFO:colcon.colcon_core.shell:Creating prefix chain script '/home/li/ros2_ws/install/setup.zsh'
