[ 50%] Built target dummy_servo_keyboard_input
[100%] Built target dummy_servo_cpp_interface_demo
-- Install configuration: ""
-- Up-to-date: /home/li/ros2_ws/install/dummy_moveit_config/lib/dummy_moveit_config/dummy_servo_keyboard_input
-- Up-to-date: /home/li/ros2_ws/install/dummy_moveit_config/lib/dummy_moveit_config/dummy_servo_cpp_interface_demo
-- Up-to-date: /home/li/ros2_ws/install/dummy_moveit_config/share/ament_index/resource_index/package_run_dependencies/dummy_moveit_config
-- Up-to-date: /home/li/ros2_ws/install/dummy_moveit_config/share/ament_index/resource_index/parent_prefix_path/dummy_moveit_config
-- Up-to-date: /home/li/ros2_ws/install/dummy_moveit_config/share/dummy_moveit_config/environment/ament_prefix_path.sh
-- Up-to-date: /home/li/ros2_ws/install/dummy_moveit_config/share/dummy_moveit_config/environment/ament_prefix_path.dsv
-- Up-to-date: /home/li/ros2_ws/install/dummy_moveit_config/share/dummy_moveit_config/environment/path.sh
-- Up-to-date: /home/li/ros2_ws/install/dummy_moveit_config/share/dummy_moveit_config/environment/path.dsv
-- Up-to-date: /home/li/ros2_ws/install/dummy_moveit_config/share/dummy_moveit_config/local_setup.bash
-- Up-to-date: /home/li/ros2_ws/install/dummy_moveit_config/share/dummy_moveit_config/local_setup.sh
-- Up-to-date: /home/li/ros2_ws/install/dummy_moveit_config/share/dummy_moveit_config/local_setup.zsh
-- Up-to-date: /home/li/ros2_ws/install/dummy_moveit_config/share/dummy_moveit_config/local_setup.dsv
-- Installing: /home/li/ros2_ws/install/dummy_moveit_config/share/dummy_moveit_config/package.dsv
-- Up-to-date: /home/li/ros2_ws/install/dummy_moveit_config/share/ament_index/resource_index/packages/dummy_moveit_config
-- Up-to-date: /home/li/ros2_ws/install/dummy_moveit_config/share/dummy_moveit_config/cmake/dummy_moveit_configConfig.cmake
-- Up-to-date: /home/li/ros2_ws/install/dummy_moveit_config/share/dummy_moveit_config/cmake/dummy_moveit_configConfig-version.cmake
-- Up-to-date: /home/li/ros2_ws/install/dummy_moveit_config/share/dummy_moveit_config/package.xml
-- Up-to-date: /home/li/ros2_ws/install/dummy_moveit_config/share/dummy_moveit_config/launch
-- Up-to-date: /home/li/ros2_ws/install/dummy_moveit_config/share/dummy_moveit_config/launch/demo.launch.py
-- Up-to-date: /home/li/ros2_ws/install/dummy_moveit_config/share/dummy_moveit_config/launch/demo_custom.launch.py
-- Up-to-date: /home/li/ros2_ws/install/dummy_moveit_config/share/dummy_moveit_config/launch/servo_cpp_interface_demo.launch.py
-- Up-to-date: /home/li/ros2_ws/install/dummy_moveit_config/share/dummy_moveit_config/launch/spawn_controllers.launch.py
-- Up-to-date: /home/li/ros2_ws/install/dummy_moveit_config/share/dummy_moveit_config/launch/setup_assistant.launch.py
-- Up-to-date: /home/li/ros2_ws/install/dummy_moveit_config/share/dummy_moveit_config/launch/static_virtual_joint_tfs.launch.py
-- Up-to-date: /home/li/ros2_ws/install/dummy_moveit_config/share/dummy_moveit_config/launch/warehouse_db.launch.py
-- Up-to-date: /home/li/ros2_ws/install/dummy_moveit_config/share/dummy_moveit_config/launch/moveit_rviz.launch.py
-- Up-to-date: /home/li/ros2_ws/install/dummy_moveit_config/share/dummy_moveit_config/launch/move_group.launch.py
-- Up-to-date: /home/li/ros2_ws/install/dummy_moveit_config/share/dummy_moveit_config/launch/rsp.launch.py
-- Installing: /home/li/ros2_ws/install/dummy_moveit_config/share/dummy_moveit_config/launch/demo_real.launch.py
-- Up-to-date: /home/li/ros2_ws/install/dummy_moveit_config/share/dummy_moveit_config/config
-- Up-to-date: /home/li/ros2_ws/install/dummy_moveit_config/share/dummy_moveit_config/config/moveit.rviz
-- Up-to-date: /home/li/ros2_ws/install/dummy_moveit_config/share/dummy_moveit_config/config/dummy-ros2.srdf
-- Up-to-date: /home/li/ros2_ws/install/dummy_moveit_config/share/dummy_moveit_config/config/joint_limits.yaml
-- Up-to-date: /home/li/ros2_ws/install/dummy_moveit_config/share/dummy_moveit_config/config/dummy-ros2.ros2_control.xacro
-- Up-to-date: /home/li/ros2_ws/install/dummy_moveit_config/share/dummy_moveit_config/config/kinematics.yaml
-- Up-to-date: /home/li/ros2_ws/install/dummy_moveit_config/share/dummy_moveit_config/config/moveit_empty.rviz
-- Up-to-date: /home/li/ros2_ws/install/dummy_moveit_config/share/dummy_moveit_config/config/dummy-ros2.urdf.xacro
-- Installing: /home/li/ros2_ws/install/dummy_moveit_config/share/dummy_moveit_config/config/moveit_controllers.yaml
-- Up-to-date: /home/li/ros2_ws/install/dummy_moveit_config/share/dummy_moveit_config/config/initial_positions.yaml
-- Up-to-date: /home/li/ros2_ws/install/dummy_moveit_config/share/dummy_moveit_config/config/pilz_cartesian_limits.yaml
-- Up-to-date: /home/li/ros2_ws/install/dummy_moveit_config/share/dummy_moveit_config/config/ros2_controllers.yaml
-- Up-to-date: /home/li/ros2_ws/install/dummy_moveit_config/share/dummy_moveit_config/config/dummy_simulated_config.yaml
-- Up-to-date: /home/li/ros2_ws/install/dummy_moveit_config/share/dummy_moveit_config/.setup_assistant
