[0.351s] Invoking command in '/home/li/ros2_ws/build/pymoveit2': CMAKE_PREFIX_PATH=${CMAKE_PREFIX_PATH}:/home/li/ros2_ws/install/dummy_controller:/home/li/ros2_ws/install/dummy-ros2_description:/opt/ros/humble CONDA_PROMPT_MODIFIER=(base) /usr/bin/cmake --build /home/li/ros2_ws/build/pymoveit2 -- -j32 -l32
[0.453s] Built target ament_cmake_python_copy_pymoveit2
[0.674s] running egg_info
[0.683s] writing pymoveit2.egg-info/PKG-INFO
[0.684s] writing dependency_links to pymoveit2.egg-info/dependency_links.txt
[0.684s] writing top-level names to pymoveit2.egg-info/top_level.txt
[0.713s] reading manifest file 'pymoveit2.egg-info/SOURCES.txt'
[0.713s] writing manifest file 'pymoveit2.egg-info/SOURCES.txt'
[0.744s] Built target ament_cmake_python_build_pymoveit2_egg
[0.759s] Invoked command in '/home/li/ros2_ws/build/pymoveit2' returned '0': CMAKE_PREFIX_PATH=${CMAKE_PREFIX_PATH}:/home/li/ros2_ws/install/dummy_controller:/home/li/ros2_ws/install/dummy-ros2_description:/opt/ros/humble CONDA_PROMPT_MODIFIER=(base) /usr/bin/cmake --build /home/li/ros2_ws/build/pymoveit2 -- -j32 -l32
[0.773s] Invoking command in '/home/li/ros2_ws/build/pymoveit2': CMAKE_PREFIX_PATH=${CMAKE_PREFIX_PATH}:/home/li/ros2_ws/install/dummy_controller:/home/li/ros2_ws/install/dummy-ros2_description:/opt/ros/humble CONDA_PROMPT_MODIFIER=(base) /usr/bin/cmake --install /home/li/ros2_ws/build/pymoveit2
[0.786s] -- Install configuration: ""
[0.786s] -- Up-to-date: /home/li/ros2_ws/install/pymoveit2/share/pymoveit2/environment/pythonpath.sh
[0.786s] -- Up-to-date: /home/li/ros2_ws/install/pymoveit2/share/pymoveit2/environment/pythonpath.dsv
[0.786s] -- Up-to-date: /home/li/ros2_ws/install/pymoveit2/lib/python3.11/site-packages/pymoveit2-4.0.0-py3.11.egg-info
[0.786s] -- Installing: /home/li/ros2_ws/install/pymoveit2/lib/python3.11/site-packages/pymoveit2-4.0.0-py3.11.egg-info/top_level.txt
[0.786s] -- Installing: /home/li/ros2_ws/install/pymoveit2/lib/python3.11/site-packages/pymoveit2-4.0.0-py3.11.egg-info/PKG-INFO
[0.786s] -- Installing: /home/li/ros2_ws/install/pymoveit2/lib/python3.11/site-packages/pymoveit2-4.0.0-py3.11.egg-info/SOURCES.txt
[0.786s] -- Installing: /home/li/ros2_ws/install/pymoveit2/lib/python3.11/site-packages/pymoveit2-4.0.0-py3.11.egg-info/dependency_links.txt
[0.786s] -- Up-to-date: /home/li/ros2_ws/install/pymoveit2/lib/python3.11/site-packages/pymoveit2
[0.786s] -- Up-to-date: /home/li/ros2_ws/install/pymoveit2/lib/python3.11/site-packages/pymoveit2/gripper_command.py
[0.786s] -- Up-to-date: /home/li/ros2_ws/install/pymoveit2/lib/python3.11/site-packages/pymoveit2/moveit2_gripper.py
[0.786s] -- Up-to-date: /home/li/ros2_ws/install/pymoveit2/lib/python3.11/site-packages/pymoveit2/moveit2.py
[0.786s] -- Up-to-date: /home/li/ros2_ws/install/pymoveit2/lib/python3.11/site-packages/pymoveit2/utils.py
[0.787s] -- Up-to-date: /home/li/ros2_ws/install/pymoveit2/lib/python3.11/site-packages/pymoveit2/moveit2_servo.py
[0.787s] -- Up-to-date: /home/li/ros2_ws/install/pymoveit2/lib/python3.11/site-packages/pymoveit2/__init__.py
[0.787s] -- Up-to-date: /home/li/ros2_ws/install/pymoveit2/lib/python3.11/site-packages/pymoveit2/gripper_interface.py
[0.787s] -- Up-to-date: /home/li/ros2_ws/install/pymoveit2/lib/python3.11/site-packages/pymoveit2/robots
[0.787s] -- Up-to-date: /home/li/ros2_ws/install/pymoveit2/lib/python3.11/site-packages/pymoveit2/robots/lbr.py
[0.787s] -- Up-to-date: /home/li/ros2_ws/install/pymoveit2/lib/python3.11/site-packages/pymoveit2/robots/ur.py
[0.787s] -- Up-to-date: /home/li/ros2_ws/install/pymoveit2/lib/python3.11/site-packages/pymoveit2/robots/panda.py
[0.787s] -- Up-to-date: /home/li/ros2_ws/install/pymoveit2/lib/python3.11/site-packages/pymoveit2/robots/phantomx_pincher.py
[0.787s] -- Up-to-date: /home/li/ros2_ws/install/pymoveit2/lib/python3.11/site-packages/pymoveit2/robots/.dummy.py.swp
[0.787s] -- Up-to-date: /home/li/ros2_ws/install/pymoveit2/lib/python3.11/site-packages/pymoveit2/robots/crane_x7.py
[0.787s] -- Up-to-date: /home/li/ros2_ws/install/pymoveit2/lib/python3.11/site-packages/pymoveit2/robots/__init__.py
[0.787s] -- Up-to-date: /home/li/ros2_ws/install/pymoveit2/lib/python3.11/site-packages/pymoveit2/robots/kinova.py
[0.787s] -- Up-to-date: /home/li/ros2_ws/install/pymoveit2/lib/python3.11/site-packages/pymoveit2/robots/dummy.py
[0.815s] Listing '/home/li/ros2_ws/install/pymoveit2/lib/python3.11/site-packages/pymoveit2'...
[0.815s] Listing '/home/li/ros2_ws/install/pymoveit2/lib/python3.11/site-packages/pymoveit2/robots'...
[0.817s] -- Up-to-date: /home/li/ros2_ws/install/pymoveit2/lib/pymoveit2/ex_allow_collisions.py
[0.817s] -- Up-to-date: /home/li/ros2_ws/install/pymoveit2/lib/pymoveit2/ex_clear_planning_scene.py
[0.817s] -- Up-to-date: /home/li/ros2_ws/install/pymoveit2/lib/pymoveit2/ex_collision_mesh.py
[0.817s] -- Up-to-date: /home/li/ros2_ws/install/pymoveit2/lib/pymoveit2/ex_collision_primitive.py
[0.817s] -- Up-to-date: /home/li/ros2_ws/install/pymoveit2/lib/pymoveit2/ex_fk.py
[0.817s] -- Up-to-date: /home/li/ros2_ws/install/pymoveit2/lib/pymoveit2/ex_gripper.py
[0.817s] -- Up-to-date: /home/li/ros2_ws/install/pymoveit2/lib/pymoveit2/ex_ik.py
[0.817s] -- Up-to-date: /home/li/ros2_ws/install/pymoveit2/lib/pymoveit2/ex_joint_goal.py
[0.817s] -- Up-to-date: /home/li/ros2_ws/install/pymoveit2/lib/pymoveit2/ex_orientation_path_constraint.py
[0.817s] -- Up-to-date: /home/li/ros2_ws/install/pymoveit2/lib/pymoveit2/ex_pose_goal.py
[0.817s] -- Up-to-date: /home/li/ros2_ws/install/pymoveit2/lib/pymoveit2/ex_servo.py
[0.817s] -- Up-to-date: /home/li/ros2_ws/install/pymoveit2/lib/pymoveit2/ex_collision_custom.py
[0.817s] -- Up-to-date: /home/li/ros2_ws/install/pymoveit2/lib/pymoveit2/ex_pose_goal_custom.py
[0.817s] -- Up-to-date: /home/li/ros2_ws/install/pymoveit2/share/ament_index/resource_index/package_run_dependencies/pymoveit2
[0.817s] -- Up-to-date: /home/li/ros2_ws/install/pymoveit2/share/ament_index/resource_index/parent_prefix_path/pymoveit2
[0.817s] -- Up-to-date: /home/li/ros2_ws/install/pymoveit2/share/pymoveit2/environment/ament_prefix_path.sh
[0.817s] -- Up-to-date: /home/li/ros2_ws/install/pymoveit2/share/pymoveit2/environment/ament_prefix_path.dsv
[0.817s] -- Up-to-date: /home/li/ros2_ws/install/pymoveit2/share/pymoveit2/environment/path.sh
[0.817s] -- Up-to-date: /home/li/ros2_ws/install/pymoveit2/share/pymoveit2/environment/path.dsv
[0.817s] -- Up-to-date: /home/li/ros2_ws/install/pymoveit2/share/pymoveit2/local_setup.bash
[0.818s] -- Up-to-date: /home/li/ros2_ws/install/pymoveit2/share/pymoveit2/local_setup.sh
[0.818s] -- Up-to-date: /home/li/ros2_ws/install/pymoveit2/share/pymoveit2/local_setup.zsh
[0.818s] -- Up-to-date: /home/li/ros2_ws/install/pymoveit2/share/pymoveit2/local_setup.dsv
[0.818s] -- Installing: /home/li/ros2_ws/install/pymoveit2/share/pymoveit2/package.dsv
[0.818s] -- Up-to-date: /home/li/ros2_ws/install/pymoveit2/share/ament_index/resource_index/packages/pymoveit2
[0.818s] -- Up-to-date: /home/li/ros2_ws/install/pymoveit2/share/pymoveit2/cmake/pymoveit2Config.cmake
[0.818s] -- Up-to-date: /home/li/ros2_ws/install/pymoveit2/share/pymoveit2/cmake/pymoveit2Config-version.cmake
[0.818s] -- Up-to-date: /home/li/ros2_ws/install/pymoveit2/share/pymoveit2/package.xml
[0.820s] Invoked command in '/home/li/ros2_ws/build/pymoveit2' returned '0': CMAKE_PREFIX_PATH=${CMAKE_PREFIX_PATH}:/home/li/ros2_ws/install/dummy_controller:/home/li/ros2_ws/install/dummy-ros2_description:/opt/ros/humble CONDA_PROMPT_MODIFIER=(base) /usr/bin/cmake --install /home/li/ros2_ws/build/pymoveit2
