-- The C compiler identification is GNU 11.4.0
-- The CXX compiler identification is GNU 11.4.0
-- Detecting C compiler ABI info
-- Detecting C compiler ABI info - done
-- Check for working C compiler: /usr/bin/cc - skipped
-- Detecting C compile features
-- Detecting C compile features - done
-- Detecting CXX compiler ABI info
-- Detecting CXX compiler ABI info - done
-- Check for working CXX compiler: /usr/bin/c++ - skipped
-- Detecting CXX compile features
-- Detecting CXX compile features - done
-- Found ament_cmake: 1.3.11 (/opt/ros/humble/share/ament_cmake/cmake)
-- Found Python3: /mnt/mydisk/anaconda3/bin/python3 (found version "3.11.7") found components: Interpreter 
-- Found rclcpp: 16.0.12 (/opt/ros/humble/share/rclcpp/cmake)
-- Found rosidl_generator_c: 3.1.6 (/opt/ros/humble/share/rosidl_generator_c/cmake)
-- Found rosidl_adapter: 3.1.6 (/opt/ros/humble/share/rosidl_adapter/cmake)
-- Found rosidl_generator_cpp: 3.1.6 (/opt/ros/humble/share/rosidl_generator_cpp/cmake)
-- Using all available rosidl_typesupport_c: rosidl_typesupport_fastrtps_c;rosidl_typesupport_introspection_c
-- Using all available rosidl_typesupport_cpp: rosidl_typesupport_fastrtps_cpp;rosidl_typesupport_introspection_cpp
-- Found rmw_implementation_cmake: 6.1.2 (/opt/ros/humble/share/rmw_implementation_cmake/cmake)
-- Found rmw_fastrtps_cpp: 6.2.7 (/opt/ros/humble/share/rmw_fastrtps_cpp/cmake)
-- Found OpenSSL: /usr/lib/x86_64-linux-gnu/libcrypto.so (found version "3.0.2")  
-- Found FastRTPS: /opt/ros/humble/include  
-- Using RMW implementation 'rmw_fastrtps_cpp' as default
-- Looking for pthread.h
-- Looking for pthread.h - found
-- Performing Test CMAKE_HAVE_LIBC_PTHREAD
-- Performing Test CMAKE_HAVE_LIBC_PTHREAD - Success
-- Found Threads: TRUE  
-- Found control_msgs: 4.8.0 (/opt/ros/humble/share/control_msgs/cmake)
-- Found moveit_msgs: 2.2.1 (/opt/ros/humble/share/moveit_msgs/cmake)
-- Found moveit_servo: 2.5.9 (/opt/ros/humble/share/moveit_servo/cmake)
-- Found Boost: /mnt/mydisk/anaconda3/lib/cmake/Boost-1.82.0/BoostConfig.cmake (found version "1.82.0") found components: chrono date_time filesystem iostreams program_options regex serialization system thread 
-- Found Boost: /mnt/mydisk/anaconda3/lib/cmake/Boost-1.82.0/BoostConfig.cmake (found version "1.82.0") found components: filesystem 
-- library: /usr/lib/x86_64-linux-gnu/libcurl.so
-- Found Eigen3: TRUE (found version "3.4.0") 
-- Ensuring Eigen3 include directory is part of orocos-kdl CMake target
-- Found Boost: /mnt/mydisk/anaconda3/lib/cmake/Boost-1.82.0/BoostConfig.cmake (found version "1.82.0") found components: system filesystem date_time program_options thread chrono 
-- Configuring done
[33mCMake Warning at CMakeLists.txt:16 (add_executable):
  Cannot generate a safe runtime search path for target
  dummy_servo_cpp_interface_demo because files in some directories may
  conflict with libraries in implicit directories:

    runtime library [libcurl.so.4] in /usr/lib/x86_64-linux-gnu may be hidden by files in:
      /mnt/mydisk/anaconda3/lib

  Some of these libraries may not be found correctly.

[0m
-- Generating done
-- Build files have been written to: /home/li/ros2_ws/build/dummy_moveit_config
[ 25%] [32mBuilding CXX object CMakeFiles/dummy_servo_cpp_interface_demo.dir/src/servo_cpp_interface_demo.cpp.o[0m
[ 50%] [32mBuilding CXX object CMakeFiles/dummy_servo_keyboard_input.dir/src/servo_keyboard_input.cpp.o[0m
[ 75%] [32m[1mLinking CXX executable dummy_servo_keyboard_input[0m
[ 75%] Built target dummy_servo_keyboard_input
[100%] [32m[1mLinking CXX executable dummy_servo_cpp_interface_demo[0m
[100%] Built target dummy_servo_cpp_interface_demo
-- Install configuration: ""
-- Installing: /home/li/ros2_ws/install/dummy_moveit_config/lib/dummy_moveit_config/dummy_servo_keyboard_input
-- Set runtime path of "/home/li/ros2_ws/install/dummy_moveit_config/lib/dummy_moveit_config/dummy_servo_keyboard_input" to ""
-- Installing: /home/li/ros2_ws/install/dummy_moveit_config/lib/dummy_moveit_config/dummy_servo_cpp_interface_demo
-- Set runtime path of "/home/li/ros2_ws/install/dummy_moveit_config/lib/dummy_moveit_config/dummy_servo_cpp_interface_demo" to ""
-- Installing: /home/li/ros2_ws/install/dummy_moveit_config/share/ament_index/resource_index/package_run_dependencies/dummy_moveit_config
-- Installing: /home/li/ros2_ws/install/dummy_moveit_config/share/ament_index/resource_index/parent_prefix_path/dummy_moveit_config
-- Installing: /home/li/ros2_ws/install/dummy_moveit_config/share/dummy_moveit_config/environment/ament_prefix_path.sh
-- Installing: /home/li/ros2_ws/install/dummy_moveit_config/share/dummy_moveit_config/environment/ament_prefix_path.dsv
-- Installing: /home/li/ros2_ws/install/dummy_moveit_config/share/dummy_moveit_config/environment/path.sh
-- Installing: /home/li/ros2_ws/install/dummy_moveit_config/share/dummy_moveit_config/environment/path.dsv
-- Installing: /home/li/ros2_ws/install/dummy_moveit_config/share/dummy_moveit_config/local_setup.bash
-- Installing: /home/li/ros2_ws/install/dummy_moveit_config/share/dummy_moveit_config/local_setup.sh
-- Installing: /home/li/ros2_ws/install/dummy_moveit_config/share/dummy_moveit_config/local_setup.zsh
-- Installing: /home/li/ros2_ws/install/dummy_moveit_config/share/dummy_moveit_config/local_setup.dsv
-- Installing: /home/li/ros2_ws/install/dummy_moveit_config/share/dummy_moveit_config/package.dsv
-- Installing: /home/li/ros2_ws/install/dummy_moveit_config/share/ament_index/resource_index/packages/dummy_moveit_config
-- Installing: /home/li/ros2_ws/install/dummy_moveit_config/share/dummy_moveit_config/cmake/dummy_moveit_configConfig.cmake
-- Installing: /home/li/ros2_ws/install/dummy_moveit_config/share/dummy_moveit_config/cmake/dummy_moveit_configConfig-version.cmake
-- Installing: /home/li/ros2_ws/install/dummy_moveit_config/share/dummy_moveit_config/package.xml
-- Installing: /home/li/ros2_ws/install/dummy_moveit_config/share/dummy_moveit_config/launch
-- Installing: /home/li/ros2_ws/install/dummy_moveit_config/share/dummy_moveit_config/launch/demo.launch.py
-- Installing: /home/li/ros2_ws/install/dummy_moveit_config/share/dummy_moveit_config/launch/demo_custom.launch.py
-- Installing: /home/li/ros2_ws/install/dummy_moveit_config/share/dummy_moveit_config/launch/servo_cpp_interface_demo.launch.py
-- Installing: /home/li/ros2_ws/install/dummy_moveit_config/share/dummy_moveit_config/launch/spawn_controllers.launch.py
-- Installing: /home/li/ros2_ws/install/dummy_moveit_config/share/dummy_moveit_config/launch/setup_assistant.launch.py
-- Installing: /home/li/ros2_ws/install/dummy_moveit_config/share/dummy_moveit_config/launch/static_virtual_joint_tfs.launch.py
-- Installing: /home/li/ros2_ws/install/dummy_moveit_config/share/dummy_moveit_config/launch/warehouse_db.launch.py
-- Installing: /home/li/ros2_ws/install/dummy_moveit_config/share/dummy_moveit_config/launch/moveit_rviz.launch.py
-- Installing: /home/li/ros2_ws/install/dummy_moveit_config/share/dummy_moveit_config/launch/move_group.launch.py
-- Installing: /home/li/ros2_ws/install/dummy_moveit_config/share/dummy_moveit_config/launch/rsp.launch.py
-- Installing: /home/li/ros2_ws/install/dummy_moveit_config/share/dummy_moveit_config/config
-- Installing: /home/li/ros2_ws/install/dummy_moveit_config/share/dummy_moveit_config/config/moveit.rviz
-- Installing: /home/li/ros2_ws/install/dummy_moveit_config/share/dummy_moveit_config/config/dummy-ros2.srdf
-- Installing: /home/li/ros2_ws/install/dummy_moveit_config/share/dummy_moveit_config/config/joint_limits.yaml
-- Installing: /home/li/ros2_ws/install/dummy_moveit_config/share/dummy_moveit_config/config/dummy-ros2.ros2_control.xacro
-- Installing: /home/li/ros2_ws/install/dummy_moveit_config/share/dummy_moveit_config/config/kinematics.yaml
-- Installing: /home/li/ros2_ws/install/dummy_moveit_config/share/dummy_moveit_config/config/moveit_empty.rviz
-- Installing: /home/li/ros2_ws/install/dummy_moveit_config/share/dummy_moveit_config/config/dummy-ros2.urdf.xacro
-- Installing: /home/li/ros2_ws/install/dummy_moveit_config/share/dummy_moveit_config/config/moveit_controllers.yaml
-- Installing: /home/li/ros2_ws/install/dummy_moveit_config/share/dummy_moveit_config/config/initial_positions.yaml
-- Installing: /home/li/ros2_ws/install/dummy_moveit_config/share/dummy_moveit_config/config/pilz_cartesian_limits.yaml
-- Installing: /home/li/ros2_ws/install/dummy_moveit_config/share/dummy_moveit_config/config/ros2_controllers.yaml
-- Installing: /home/li/ros2_ws/install/dummy_moveit_config/share/dummy_moveit_config/config/dummy_simulated_config.yaml
-- Installing: /home/li/ros2_ws/install/dummy_moveit_config/share/dummy_moveit_config/.setup_assistant
