[0.007s] Invoking command in '/home/li/ros2_ws/build/dummy_moveit_config': AMENT_PREFIX_PATH=/home/li/ros2_ws/install/dummy-ros2_description:/home/li/ros2_ws/install/dummy_moveit_config:/home/li/ros2_ws/install/dummy_controller:/opt/ros/humble CMAKE_PREFIX_PATH=${CMAKE_PREFIX_PATH}:/home/li/ros2_ws/install/dummy-ros2_description:/home/li/ros2_ws/install/dummy_controller:/opt/ros/humble CONDA_PROMPT_MODIFIER=(base) PYTHONPATH=/home/li/ros2_ws/install/dummy-ros2_description/lib/python3.10/site-packages:/home/li/ros2_ws/build/dummy_controller:/home/li/ros2_ws/build/dummy-ros2_description:/home/li/ros2_ws/install/dummy_controller/lib/python3.10/site-packages:/opt/ros/humble/lib/python3.10/site-packages:/opt/ros/humble/local/lib/python3.10/dist-packages /usr/bin/cmake /home/li/ros2_ws/src/dummy_moveit_config -DCMAKE_INSTALL_PREFIX=/home/li/ros2_ws/install/dummy_moveit_config
[0.042s] -- The C compiler identification is GNU 11.4.0
[0.075s] -- The CXX compiler identification is GNU 11.4.0
[0.079s] -- Detecting C compiler ABI info
[0.125s] -- Detecting C compiler ABI info - done
[0.129s] -- Check for working C compiler: /usr/bin/cc - skipped
[0.129s] -- Detecting C compile features
[0.129s] -- Detecting C compile features - done
[0.131s] -- Detecting CXX compiler ABI info
[0.182s] -- Detecting CXX compiler ABI info - done
[0.186s] -- Check for working CXX compiler: /usr/bin/c++ - skipped
[0.186s] -- Detecting CXX compile features
[0.187s] -- Detecting CXX compile features - done
[0.189s] -- Found ament_cmake: 1.3.11 (/opt/ros/humble/share/ament_cmake/cmake)
[0.376s] -- Found Python3: /mnt/mydisk/anaconda3/bin/python3 (found version "3.11.7") found components: Interpreter 
[0.434s] -- Found rclcpp: 16.0.12 (/opt/ros/humble/share/rclcpp/cmake)
[0.462s] -- Found rosidl_generator_c: 3.1.6 (/opt/ros/humble/share/rosidl_generator_c/cmake)
[0.465s] -- Found rosidl_adapter: 3.1.6 (/opt/ros/humble/share/rosidl_adapter/cmake)
[0.470s] -- Found rosidl_generator_cpp: 3.1.6 (/opt/ros/humble/share/rosidl_generator_cpp/cmake)
[0.478s] -- Using all available rosidl_typesupport_c: rosidl_typesupport_fastrtps_c;rosidl_typesupport_introspection_c
[0.488s] -- Using all available rosidl_typesupport_cpp: rosidl_typesupport_fastrtps_cpp;rosidl_typesupport_introspection_cpp
[0.515s] -- Found rmw_implementation_cmake: 6.1.2 (/opt/ros/humble/share/rmw_implementation_cmake/cmake)
[0.517s] -- Found rmw_fastrtps_cpp: 6.2.7 (/opt/ros/humble/share/rmw_fastrtps_cpp/cmake)
[0.593s] -- Found OpenSSL: /usr/lib/x86_64-linux-gnu/libcrypto.so (found version "3.0.2")  
[0.615s] -- Found FastRTPS: /opt/ros/humble/include  
[0.648s] -- Using RMW implementation 'rmw_fastrtps_cpp' as default
[0.655s] -- Looking for pthread.h
[0.705s] -- Looking for pthread.h - found
[0.706s] -- Performing Test CMAKE_HAVE_LIBC_PTHREAD
[0.755s] -- Performing Test CMAKE_HAVE_LIBC_PTHREAD - Success
[0.756s] -- Found Threads: TRUE  
[0.785s] -- Found control_msgs: 4.8.0 (/opt/ros/humble/share/control_msgs/cmake)
[0.842s] -- Found moveit_msgs: 2.2.1 (/opt/ros/humble/share/moveit_msgs/cmake)
[0.890s] -- Found moveit_servo: 2.5.9 (/opt/ros/humble/share/moveit_servo/cmake)
[0.981s] -- Found Boost: /mnt/mydisk/anaconda3/lib/cmake/Boost-1.82.0/BoostConfig.cmake (found version "1.82.0") found components: chrono date_time filesystem iostreams program_options regex serialization system thread 
[1.008s] -- Found Boost: /mnt/mydisk/anaconda3/lib/cmake/Boost-1.82.0/BoostConfig.cmake (found version "1.82.0") found components: filesystem 
[1.078s] -- library: /usr/lib/x86_64-linux-gnu/libcurl.so
[1.098s] -- Found Eigen3: TRUE (found version "3.4.0") 
[1.098s] -- Ensuring Eigen3 include directory is part of orocos-kdl CMake target
[1.163s] -- Found Boost: /mnt/mydisk/anaconda3/lib/cmake/Boost-1.82.0/BoostConfig.cmake (found version "1.82.0") found components: system filesystem date_time program_options thread chrono 
[1.236s] -- Configuring done
[1.254s] [33mCMake Warning at CMakeLists.txt:16 (add_executable):
[1.254s]   Cannot generate a safe runtime search path for target
[1.254s]   dummy_servo_cpp_interface_demo because files in some directories may
[1.254s]   conflict with libraries in implicit directories:
[1.254s] 
[1.254s]     runtime library [libcurl.so.4] in /usr/lib/x86_64-linux-gnu may be hidden by files in:
[1.254s]       /mnt/mydisk/anaconda3/lib
[1.254s] 
[1.254s]   Some of these libraries may not be found correctly.
[1.254s] 
[1.254s] [0m
[1.255s] -- Generating done
[1.260s] -- Build files have been written to: /home/li/ros2_ws/build/dummy_moveit_config
[1.269s] Invoked command in '/home/li/ros2_ws/build/dummy_moveit_config' returned '0': AMENT_PREFIX_PATH=/home/li/ros2_ws/install/dummy-ros2_description:/home/li/ros2_ws/install/dummy_moveit_config:/home/li/ros2_ws/install/dummy_controller:/opt/ros/humble CMAKE_PREFIX_PATH=${CMAKE_PREFIX_PATH}:/home/li/ros2_ws/install/dummy-ros2_description:/home/li/ros2_ws/install/dummy_controller:/opt/ros/humble CONDA_PROMPT_MODIFIER=(base) PYTHONPATH=/home/li/ros2_ws/install/dummy-ros2_description/lib/python3.10/site-packages:/home/li/ros2_ws/build/dummy_controller:/home/li/ros2_ws/build/dummy-ros2_description:/home/li/ros2_ws/install/dummy_controller/lib/python3.10/site-packages:/opt/ros/humble/lib/python3.10/site-packages:/opt/ros/humble/local/lib/python3.10/dist-packages /usr/bin/cmake /home/li/ros2_ws/src/dummy_moveit_config -DCMAKE_INSTALL_PREFIX=/home/li/ros2_ws/install/dummy_moveit_config
[1.270s] Invoking command in '/home/li/ros2_ws/build/dummy_moveit_config': AMENT_PREFIX_PATH=/home/li/ros2_ws/install/dummy-ros2_description:/home/li/ros2_ws/install/dummy_moveit_config:/home/li/ros2_ws/install/dummy_controller:/opt/ros/humble CMAKE_PREFIX_PATH=${CMAKE_PREFIX_PATH}:/home/li/ros2_ws/install/dummy-ros2_description:/home/li/ros2_ws/install/dummy_controller:/opt/ros/humble CONDA_PROMPT_MODIFIER=(base) PYTHONPATH=/home/li/ros2_ws/install/dummy-ros2_description/lib/python3.10/site-packages:/home/li/ros2_ws/build/dummy_controller:/home/li/ros2_ws/build/dummy-ros2_description:/home/li/ros2_ws/install/dummy_controller/lib/python3.10/site-packages:/opt/ros/humble/lib/python3.10/site-packages:/opt/ros/humble/local/lib/python3.10/dist-packages /usr/bin/cmake --build /home/li/ros2_ws/build/dummy_moveit_config -- -j32 -l32
[1.307s] [ 25%] [32mBuilding CXX object CMakeFiles/dummy_servo_cpp_interface_demo.dir/src/servo_cpp_interface_demo.cpp.o[0m
[1.308s] [ 50%] [32mBuilding CXX object CMakeFiles/dummy_servo_keyboard_input.dir/src/servo_keyboard_input.cpp.o[0m
[3.802s] [ 75%] [32m[1mLinking CXX executable dummy_servo_keyboard_input[0m
[3.923s] [ 75%] Built target dummy_servo_keyboard_input
[8.635s] [100%] [32m[1mLinking CXX executable dummy_servo_cpp_interface_demo[0m
[8.941s] [100%] Built target dummy_servo_cpp_interface_demo
[8.952s] Invoked command in '/home/li/ros2_ws/build/dummy_moveit_config' returned '0': AMENT_PREFIX_PATH=/home/li/ros2_ws/install/dummy-ros2_description:/home/li/ros2_ws/install/dummy_moveit_config:/home/li/ros2_ws/install/dummy_controller:/opt/ros/humble CMAKE_PREFIX_PATH=${CMAKE_PREFIX_PATH}:/home/li/ros2_ws/install/dummy-ros2_description:/home/li/ros2_ws/install/dummy_controller:/opt/ros/humble CONDA_PROMPT_MODIFIER=(base) PYTHONPATH=/home/li/ros2_ws/install/dummy-ros2_description/lib/python3.10/site-packages:/home/li/ros2_ws/build/dummy_controller:/home/li/ros2_ws/build/dummy-ros2_description:/home/li/ros2_ws/install/dummy_controller/lib/python3.10/site-packages:/opt/ros/humble/lib/python3.10/site-packages:/opt/ros/humble/local/lib/python3.10/dist-packages /usr/bin/cmake --build /home/li/ros2_ws/build/dummy_moveit_config -- -j32 -l32
[8.959s] Invoking command in '/home/li/ros2_ws/build/dummy_moveit_config': AMENT_PREFIX_PATH=/home/li/ros2_ws/install/dummy-ros2_description:/home/li/ros2_ws/install/dummy_moveit_config:/home/li/ros2_ws/install/dummy_controller:/opt/ros/humble CMAKE_PREFIX_PATH=${CMAKE_PREFIX_PATH}:/home/li/ros2_ws/install/dummy-ros2_description:/home/li/ros2_ws/install/dummy_controller:/opt/ros/humble CONDA_PROMPT_MODIFIER=(base) PYTHONPATH=/home/li/ros2_ws/install/dummy-ros2_description/lib/python3.10/site-packages:/home/li/ros2_ws/build/dummy_controller:/home/li/ros2_ws/build/dummy-ros2_description:/home/li/ros2_ws/install/dummy_controller/lib/python3.10/site-packages:/opt/ros/humble/lib/python3.10/site-packages:/opt/ros/humble/local/lib/python3.10/dist-packages /usr/bin/cmake --install /home/li/ros2_ws/build/dummy_moveit_config
[8.964s] -- Install configuration: ""
[8.965s] -- Installing: /home/li/ros2_ws/install/dummy_moveit_config/lib/dummy_moveit_config/dummy_servo_keyboard_input
[8.966s] -- Set runtime path of "/home/li/ros2_ws/install/dummy_moveit_config/lib/dummy_moveit_config/dummy_servo_keyboard_input" to ""
[8.966s] -- Installing: /home/li/ros2_ws/install/dummy_moveit_config/lib/dummy_moveit_config/dummy_servo_cpp_interface_demo
[8.967s] -- Set runtime path of "/home/li/ros2_ws/install/dummy_moveit_config/lib/dummy_moveit_config/dummy_servo_cpp_interface_demo" to ""
[8.967s] -- Installing: /home/li/ros2_ws/install/dummy_moveit_config/share/ament_index/resource_index/package_run_dependencies/dummy_moveit_config
[8.967s] -- Installing: /home/li/ros2_ws/install/dummy_moveit_config/share/ament_index/resource_index/parent_prefix_path/dummy_moveit_config
[8.967s] -- Installing: /home/li/ros2_ws/install/dummy_moveit_config/share/dummy_moveit_config/environment/ament_prefix_path.sh
[8.967s] -- Installing: /home/li/ros2_ws/install/dummy_moveit_config/share/dummy_moveit_config/environment/ament_prefix_path.dsv
[8.968s] -- Installing: /home/li/ros2_ws/install/dummy_moveit_config/share/dummy_moveit_config/environment/path.sh
[8.968s] -- Installing: /home/li/ros2_ws/install/dummy_moveit_config/share/dummy_moveit_config/environment/path.dsv
[8.968s] -- Installing: /home/li/ros2_ws/install/dummy_moveit_config/share/dummy_moveit_config/local_setup.bash
[8.968s] -- Installing: /home/li/ros2_ws/install/dummy_moveit_config/share/dummy_moveit_config/local_setup.sh
[8.968s] -- Installing: /home/li/ros2_ws/install/dummy_moveit_config/share/dummy_moveit_config/local_setup.zsh
[8.968s] -- Installing: /home/li/ros2_ws/install/dummy_moveit_config/share/dummy_moveit_config/local_setup.dsv
[8.968s] -- Installing: /home/li/ros2_ws/install/dummy_moveit_config/share/dummy_moveit_config/package.dsv
[8.968s] -- Installing: /home/li/ros2_ws/install/dummy_moveit_config/share/ament_index/resource_index/packages/dummy_moveit_config
[8.968s] -- Installing: /home/li/ros2_ws/install/dummy_moveit_config/share/dummy_moveit_config/cmake/dummy_moveit_configConfig.cmake
[8.968s] -- Installing: /home/li/ros2_ws/install/dummy_moveit_config/share/dummy_moveit_config/cmake/dummy_moveit_configConfig-version.cmake
[8.968s] -- Installing: /home/li/ros2_ws/install/dummy_moveit_config/share/dummy_moveit_config/package.xml
[8.968s] -- Installing: /home/li/ros2_ws/install/dummy_moveit_config/share/dummy_moveit_config/launch
[8.969s] -- Installing: /home/li/ros2_ws/install/dummy_moveit_config/share/dummy_moveit_config/launch/demo.launch.py
[8.969s] -- Installing: /home/li/ros2_ws/install/dummy_moveit_config/share/dummy_moveit_config/launch/demo_custom.launch.py
[8.969s] -- Installing: /home/li/ros2_ws/install/dummy_moveit_config/share/dummy_moveit_config/launch/servo_cpp_interface_demo.launch.py
[8.969s] -- Installing: /home/li/ros2_ws/install/dummy_moveit_config/share/dummy_moveit_config/launch/spawn_controllers.launch.py
[8.969s] -- Installing: /home/li/ros2_ws/install/dummy_moveit_config/share/dummy_moveit_config/launch/setup_assistant.launch.py
[8.969s] -- Installing: /home/li/ros2_ws/install/dummy_moveit_config/share/dummy_moveit_config/launch/static_virtual_joint_tfs.launch.py
[8.969s] -- Installing: /home/li/ros2_ws/install/dummy_moveit_config/share/dummy_moveit_config/launch/warehouse_db.launch.py
[8.969s] -- Installing: /home/li/ros2_ws/install/dummy_moveit_config/share/dummy_moveit_config/launch/moveit_rviz.launch.py
[8.969s] -- Installing: /home/li/ros2_ws/install/dummy_moveit_config/share/dummy_moveit_config/launch/move_group.launch.py
[8.969s] -- Installing: /home/li/ros2_ws/install/dummy_moveit_config/share/dummy_moveit_config/launch/rsp.launch.py
[8.969s] -- Installing: /home/li/ros2_ws/install/dummy_moveit_config/share/dummy_moveit_config/config
[8.969s] -- Installing: /home/li/ros2_ws/install/dummy_moveit_config/share/dummy_moveit_config/config/moveit.rviz
[8.969s] -- Installing: /home/li/ros2_ws/install/dummy_moveit_config/share/dummy_moveit_config/config/dummy-ros2.srdf
[8.969s] -- Installing: /home/li/ros2_ws/install/dummy_moveit_config/share/dummy_moveit_config/config/joint_limits.yaml
[8.970s] -- Installing: /home/li/ros2_ws/install/dummy_moveit_config/share/dummy_moveit_config/config/dummy-ros2.ros2_control.xacro
[8.970s] -- Installing: /home/li/ros2_ws/install/dummy_moveit_config/share/dummy_moveit_config/config/kinematics.yaml
[8.970s] -- Installing: /home/li/ros2_ws/install/dummy_moveit_config/share/dummy_moveit_config/config/moveit_empty.rviz
[8.970s] -- Installing: /home/li/ros2_ws/install/dummy_moveit_config/share/dummy_moveit_config/config/dummy-ros2.urdf.xacro
[8.970s] -- Installing: /home/li/ros2_ws/install/dummy_moveit_config/share/dummy_moveit_config/config/moveit_controllers.yaml
[8.970s] -- Installing: /home/li/ros2_ws/install/dummy_moveit_config/share/dummy_moveit_config/config/initial_positions.yaml
[8.970s] -- Installing: /home/li/ros2_ws/install/dummy_moveit_config/share/dummy_moveit_config/config/pilz_cartesian_limits.yaml
[8.970s] -- Installing: /home/li/ros2_ws/install/dummy_moveit_config/share/dummy_moveit_config/config/ros2_controllers.yaml
[8.970s] -- Installing: /home/li/ros2_ws/install/dummy_moveit_config/share/dummy_moveit_config/config/dummy_simulated_config.yaml
[8.970s] -- Installing: /home/li/ros2_ws/install/dummy_moveit_config/share/dummy_moveit_config/.setup_assistant
[8.971s] Invoked command in '/home/li/ros2_ws/build/dummy_moveit_config' returned '0': AMENT_PREFIX_PATH=/home/li/ros2_ws/install/dummy-ros2_description:/home/li/ros2_ws/install/dummy_moveit_config:/home/li/ros2_ws/install/dummy_controller:/opt/ros/humble CMAKE_PREFIX_PATH=${CMAKE_PREFIX_PATH}:/home/li/ros2_ws/install/dummy-ros2_description:/home/li/ros2_ws/install/dummy_controller:/opt/ros/humble CONDA_PROMPT_MODIFIER=(base) PYTHONPATH=/home/li/ros2_ws/install/dummy-ros2_description/lib/python3.10/site-packages:/home/li/ros2_ws/build/dummy_controller:/home/li/ros2_ws/build/dummy-ros2_description:/home/li/ros2_ws/install/dummy_controller/lib/python3.10/site-packages:/opt/ros/humble/lib/python3.10/site-packages:/opt/ros/humble/local/lib/python3.10/dist-packages /usr/bin/cmake --install /home/li/ros2_ws/build/dummy_moveit_config
