[0.014s] Invoking command in '/home/li/ros2_ws/build/dummy_moveit_config': AMENT_PREFIX_PATH=/home/li/ros2_ws/install/dummy-ros2_description:/home/li/ros2_ws/install/pymoveit2:/home/li/ros2_ws/install/dummy_moveit_config:/home/li/ros2_ws/install/dummy_controller:/opt/ros/humble CMAKE_PREFIX_PATH=${CMAKE_PREFIX_PATH}:/home/li/ros2_ws/install/dummy_controller:/home/li/ros2_ws/install/dummy-ros2_description:/opt/ros/humble CONDA_PROMPT_MODIFIER=(base) PYTHONPATH=/home/li/ros2_ws/install/dummy-ros2_description/lib/python3.10/site-packages:/home/li/ros2_ws/install/pymoveit2/lib/python3.11/site-packages:/home/li/ros2_ws/install/dummy_controller/lib/python3.10/site-packages:/opt/ros/humble/lib/python3.10/site-packages:/opt/ros/humble/local/lib/python3.10/dist-packages /usr/bin/cmake /home/li/ros2_ws/src/dummy_moveit_config -DAMENT_CMAKE_SYMLINK_INSTALL=1 -DCMAKE_INSTALL_PREFIX=/home/li/ros2_ws/install/dummy_moveit_config
[0.027s] -- Found ament_cmake: 1.3.11 (/opt/ros/humble/share/ament_cmake/cmake)
[0.108s] -- Override CMake install command with custom implementation using symlinks instead of copying resources
[0.114s] -- Found ament_lint_auto: 0.12.12 (/opt/ros/humble/share/ament_lint_auto/cmake)
[0.164s] -- Configuring done
[0.165s] -- Generating done
[0.166s] -- Build files have been written to: /home/li/ros2_ws/build/dummy_moveit_config
[0.169s] Invoked command in '/home/li/ros2_ws/build/dummy_moveit_config' returned '0': AMENT_PREFIX_PATH=/home/li/ros2_ws/install/dummy-ros2_description:/home/li/ros2_ws/install/pymoveit2:/home/li/ros2_ws/install/dummy_moveit_config:/home/li/ros2_ws/install/dummy_controller:/opt/ros/humble CMAKE_PREFIX_PATH=${CMAKE_PREFIX_PATH}:/home/li/ros2_ws/install/dummy_controller:/home/li/ros2_ws/install/dummy-ros2_description:/opt/ros/humble CONDA_PROMPT_MODIFIER=(base) PYTHONPATH=/home/li/ros2_ws/install/dummy-ros2_description/lib/python3.10/site-packages:/home/li/ros2_ws/install/pymoveit2/lib/python3.11/site-packages:/home/li/ros2_ws/install/dummy_controller/lib/python3.10/site-packages:/opt/ros/humble/lib/python3.10/site-packages:/opt/ros/humble/local/lib/python3.10/dist-packages /usr/bin/cmake /home/li/ros2_ws/src/dummy_moveit_config -DAMENT_CMAKE_SYMLINK_INSTALL=1 -DCMAKE_INSTALL_PREFIX=/home/li/ros2_ws/install/dummy_moveit_config
[0.170s] Invoking command in '/home/li/ros2_ws/build/dummy_moveit_config': AMENT_PREFIX_PATH=/home/li/ros2_ws/install/dummy-ros2_description:/home/li/ros2_ws/install/pymoveit2:/home/li/ros2_ws/install/dummy_moveit_config:/home/li/ros2_ws/install/dummy_controller:/opt/ros/humble CMAKE_PREFIX_PATH=${CMAKE_PREFIX_PATH}:/home/li/ros2_ws/install/dummy_controller:/home/li/ros2_ws/install/dummy-ros2_description:/opt/ros/humble CONDA_PROMPT_MODIFIER=(base) PYTHONPATH=/home/li/ros2_ws/install/dummy-ros2_description/lib/python3.10/site-packages:/home/li/ros2_ws/install/pymoveit2/lib/python3.11/site-packages:/home/li/ros2_ws/install/dummy_controller/lib/python3.10/site-packages:/opt/ros/humble/lib/python3.10/site-packages:/opt/ros/humble/local/lib/python3.10/dist-packages /usr/bin/cmake --build /home/li/ros2_ws/build/dummy_moveit_config -- -j32 -l32
[0.222s] Invoked command in '/home/li/ros2_ws/build/dummy_moveit_config' returned '0': AMENT_PREFIX_PATH=/home/li/ros2_ws/install/dummy-ros2_description:/home/li/ros2_ws/install/pymoveit2:/home/li/ros2_ws/install/dummy_moveit_config:/home/li/ros2_ws/install/dummy_controller:/opt/ros/humble CMAKE_PREFIX_PATH=${CMAKE_PREFIX_PATH}:/home/li/ros2_ws/install/dummy_controller:/home/li/ros2_ws/install/dummy-ros2_description:/opt/ros/humble CONDA_PROMPT_MODIFIER=(base) PYTHONPATH=/home/li/ros2_ws/install/dummy-ros2_description/lib/python3.10/site-packages:/home/li/ros2_ws/install/pymoveit2/lib/python3.11/site-packages:/home/li/ros2_ws/install/dummy_controller/lib/python3.10/site-packages:/opt/ros/humble/lib/python3.10/site-packages:/opt/ros/humble/local/lib/python3.10/dist-packages /usr/bin/cmake --build /home/li/ros2_ws/build/dummy_moveit_config -- -j32 -l32
[0.234s] Invoking command in '/home/li/ros2_ws/build/dummy_moveit_config': AMENT_PREFIX_PATH=/home/li/ros2_ws/install/dummy-ros2_description:/home/li/ros2_ws/install/pymoveit2:/home/li/ros2_ws/install/dummy_moveit_config:/home/li/ros2_ws/install/dummy_controller:/opt/ros/humble CMAKE_PREFIX_PATH=${CMAKE_PREFIX_PATH}:/home/li/ros2_ws/install/dummy_controller:/home/li/ros2_ws/install/dummy-ros2_description:/opt/ros/humble CONDA_PROMPT_MODIFIER=(base) PYTHONPATH=/home/li/ros2_ws/install/dummy-ros2_description/lib/python3.10/site-packages:/home/li/ros2_ws/install/pymoveit2/lib/python3.11/site-packages:/home/li/ros2_ws/install/dummy_controller/lib/python3.10/site-packages:/opt/ros/humble/lib/python3.10/site-packages:/opt/ros/humble/local/lib/python3.10/dist-packages /usr/bin/cmake --install /home/li/ros2_ws/build/dummy_moveit_config
[0.243s] -- Install configuration: ""
[0.244s] -- Execute custom install script
[0.244s] -- Symlinking: /home/li/ros2_ws/install/dummy_moveit_config/share/dummy_moveit_config/launch/demo.launch.py
[0.254s] -- Symlinking: /home/li/ros2_ws/install/dummy_moveit_config/share/dummy_moveit_config/launch/demo_custom.launch.py
[0.263s] -- Symlinking: /home/li/ros2_ws/install/dummy_moveit_config/share/dummy_moveit_config/launch/demo_gazebo.launch.py
[0.273s] -- Symlinking: /home/li/ros2_ws/install/dummy_moveit_config/share/dummy_moveit_config/launch/demo_real.launch.py
[0.291s] -- Symlinking: /home/li/ros2_ws/install/dummy_moveit_config/share/dummy_moveit_config/launch/move_group.launch.py
[0.301s] -- Symlinking: /home/li/ros2_ws/install/dummy_moveit_config/share/dummy_moveit_config/launch/moveit_rviz.launch.py
[0.310s] -- Symlinking: /home/li/ros2_ws/install/dummy_moveit_config/share/dummy_moveit_config/launch/rsp.launch.py
[0.319s] -- Symlinking: /home/li/ros2_ws/install/dummy_moveit_config/share/dummy_moveit_config/launch/servo_cpp_interface_demo.launch.py
[0.329s] -- Symlinking: /home/li/ros2_ws/install/dummy_moveit_config/share/dummy_moveit_config/launch/setup_assistant.launch.py
[0.339s] -- Symlinking: /home/li/ros2_ws/install/dummy_moveit_config/share/dummy_moveit_config/launch/spawn_controllers.launch.py
[0.348s] -- Symlinking: /home/li/ros2_ws/install/dummy_moveit_config/share/dummy_moveit_config/launch/static_virtual_joint_tfs.launch.py
[0.357s] -- Symlinking: /home/li/ros2_ws/install/dummy_moveit_config/share/dummy_moveit_config/launch/warehouse_db.launch.py
[0.367s] -- Symlinking: /home/li/ros2_ws/install/dummy_moveit_config/share/dummy_moveit_config/config/dummy-ros2.ros2_control.xacro
[0.377s] -- Symlinking: /home/li/ros2_ws/install/dummy_moveit_config/share/dummy_moveit_config/config/dummy-ros2.srdf
[0.387s] -- Symlinking: /home/li/ros2_ws/install/dummy_moveit_config/share/dummy_moveit_config/config/dummy-ros2.urdf.xacro
[0.396s] -- Symlinking: /home/li/ros2_ws/install/dummy_moveit_config/share/dummy_moveit_config/config/dummy_simulated_config.yaml
[0.406s] -- Symlinking: /home/li/ros2_ws/install/dummy_moveit_config/share/dummy_moveit_config/config/initial_positions.yaml
[0.415s] -- Symlinking: /home/li/ros2_ws/install/dummy_moveit_config/share/dummy_moveit_config/config/joint_limits.yaml
[0.424s] -- Symlinking: /home/li/ros2_ws/install/dummy_moveit_config/share/dummy_moveit_config/config/kinematics.yaml
[0.434s] -- Symlinking: /home/li/ros2_ws/install/dummy_moveit_config/share/dummy_moveit_config/config/moveit.rviz
[0.443s] -- Symlinking: /home/li/ros2_ws/install/dummy_moveit_config/share/dummy_moveit_config/config/moveit_controllers.yaml
[0.452s] -- Symlinking: /home/li/ros2_ws/install/dummy_moveit_config/share/dummy_moveit_config/config/moveit_empty.rviz
[0.463s] -- Symlinking: /home/li/ros2_ws/install/dummy_moveit_config/share/dummy_moveit_config/config/pilz_cartesian_limits.yaml
[0.473s] -- Symlinking: /home/li/ros2_ws/install/dummy_moveit_config/share/dummy_moveit_config/config/ros2_controllers.yaml
[0.483s] -- Symlinking: /home/li/ros2_ws/install/dummy_moveit_config/share/dummy_moveit_config/worlds/dummy_world.world
[0.493s] -- Symlinking: /home/li/ros2_ws/install/dummy_moveit_config/share/dummy_moveit_config/.setup_assistant
[0.503s] -- Symlinking: /home/li/ros2_ws/install/dummy_moveit_config/share/ament_index/resource_index/package_run_dependencies/dummy_moveit_config
[0.513s] -- Symlinking: /home/li/ros2_ws/install/dummy_moveit_config/share/ament_index/resource_index/parent_prefix_path/dummy_moveit_config
[0.523s] -- Symlinking: /home/li/ros2_ws/install/dummy_moveit_config/share/dummy_moveit_config/environment/ament_prefix_path.sh
[0.533s] -- Symlinking: /home/li/ros2_ws/install/dummy_moveit_config/share/dummy_moveit_config/environment/ament_prefix_path.dsv
[0.542s] -- Symlinking: /home/li/ros2_ws/install/dummy_moveit_config/share/dummy_moveit_config/environment/path.sh
[0.552s] -- Symlinking: /home/li/ros2_ws/install/dummy_moveit_config/share/dummy_moveit_config/environment/path.dsv
[0.561s] -- Symlinking: /home/li/ros2_ws/install/dummy_moveit_config/share/dummy_moveit_config/local_setup.bash
[0.571s] -- Symlinking: /home/li/ros2_ws/install/dummy_moveit_config/share/dummy_moveit_config/local_setup.sh
[0.581s] -- Symlinking: /home/li/ros2_ws/install/dummy_moveit_config/share/dummy_moveit_config/local_setup.zsh
[0.591s] -- Symlinking: /home/li/ros2_ws/install/dummy_moveit_config/share/dummy_moveit_config/local_setup.dsv
[0.600s] -- Symlinking: /home/li/ros2_ws/install/dummy_moveit_config/share/dummy_moveit_config/package.dsv
[0.610s] -- Symlinking: /home/li/ros2_ws/install/dummy_moveit_config/share/ament_index/resource_index/packages/dummy_moveit_config
[0.619s] -- Symlinking: /home/li/ros2_ws/install/dummy_moveit_config/share/dummy_moveit_config/cmake/dummy_moveit_configConfig.cmake
[0.631s] -- Symlinking: /home/li/ros2_ws/install/dummy_moveit_config/share/dummy_moveit_config/cmake/dummy_moveit_configConfig-version.cmake
[0.642s] -- Symlinking: /home/li/ros2_ws/install/dummy_moveit_config/share/dummy_moveit_config/package.xml
[0.653s] Invoked command in '/home/li/ros2_ws/build/dummy_moveit_config' returned '0': AMENT_PREFIX_PATH=/home/li/ros2_ws/install/dummy-ros2_description:/home/li/ros2_ws/install/pymoveit2:/home/li/ros2_ws/install/dummy_moveit_config:/home/li/ros2_ws/install/dummy_controller:/opt/ros/humble CMAKE_PREFIX_PATH=${CMAKE_PREFIX_PATH}:/home/li/ros2_ws/install/dummy_controller:/home/li/ros2_ws/install/dummy-ros2_description:/opt/ros/humble CONDA_PROMPT_MODIFIER=(base) PYTHONPATH=/home/li/ros2_ws/install/dummy-ros2_description/lib/python3.10/site-packages:/home/li/ros2_ws/install/pymoveit2/lib/python3.11/site-packages:/home/li/ros2_ws/install/dummy_controller/lib/python3.10/site-packages:/opt/ros/humble/lib/python3.10/site-packages:/opt/ros/humble/local/lib/python3.10/dist-packages /usr/bin/cmake --install /home/li/ros2_ws/build/dummy_moveit_config
