running egg_info
creating ../../build/dummy_controller/dummy_controller.egg-info
writing ../../build/dummy_controller/dummy_controller.egg-info/PKG-INFO
writing dependency_links to ../../build/dummy_controller/dummy_controller.egg-info/dependency_links.txt
writing entry points to ../../build/dummy_controller/dummy_controller.egg-info/entry_points.txt
writing requirements to ../../build/dummy_controller/dummy_controller.egg-info/requires.txt
writing top-level names to ../../build/dummy_controller/dummy_controller.egg-info/top_level.txt
writing manifest file '../../build/dummy_controller/dummy_controller.egg-info/SOURCES.txt'
reading manifest file '../../build/dummy_controller/dummy_controller.egg-info/SOURCES.txt'
writing manifest file '../../build/dummy_controller/dummy_controller.egg-info/SOURCES.txt'
running build
running build_py
creating /home/li/ros2_ws/build/dummy_controller/build
creating /home/li/ros2_ws/build/dummy_controller/build/lib
creating /home/li/ros2_ws/build/dummy_controller/build/lib/dummy_controller
copying dummy_controller/moveit_server.py -> /home/li/ros2_ws/build/dummy_controller/build/lib/dummy_controller
copying dummy_controller/dummy_arm_controller.py -> /home/li/ros2_ws/build/dummy_controller/build/lib/dummy_controller
copying dummy_controller/add_collision_object.py -> /home/li/ros2_ws/build/dummy_controller/build/lib/dummy_controller
copying dummy_controller/__init__.py -> /home/li/ros2_ws/build/dummy_controller/build/lib/dummy_controller
creating /home/li/ros2_ws/build/dummy_controller/build/lib/dummy_controller/dummy_cli_tool
copying dummy_controller/dummy_cli_tool/__init__.py -> /home/li/ros2_ws/build/dummy_controller/build/lib/dummy_controller/dummy_cli_tool
copying dummy_controller/dummy_cli_tool/run_shell.py -> /home/li/ros2_ws/build/dummy_controller/build/lib/dummy_controller/dummy_cli_tool
creating /home/li/ros2_ws/build/dummy_controller/build/lib/dummy_controller/dummy_cli_tool/fibre
copying dummy_controller/dummy_cli_tool/fibre/udp_transport.py -> /home/li/ros2_ws/build/dummy_controller/build/lib/dummy_controller/dummy_cli_tool/fibre
copying dummy_controller/dummy_cli_tool/fibre/remote_object.py -> /home/li/ros2_ws/build/dummy_controller/build/lib/dummy_controller/dummy_cli_tool/fibre
copying dummy_controller/dummy_cli_tool/fibre/serial_transport.py -> /home/li/ros2_ws/build/dummy_controller/build/lib/dummy_controller/dummy_cli_tool/fibre
copying dummy_controller/dummy_cli_tool/fibre/utils.py -> /home/li/ros2_ws/build/dummy_controller/build/lib/dummy_controller/dummy_cli_tool/fibre
copying dummy_controller/dummy_cli_tool/fibre/discovery.py -> /home/li/ros2_ws/build/dummy_controller/build/lib/dummy_controller/dummy_cli_tool/fibre
copying dummy_controller/dummy_cli_tool/fibre/protocol.py -> /home/li/ros2_ws/build/dummy_controller/build/lib/dummy_controller/dummy_cli_tool/fibre
copying dummy_controller/dummy_cli_tool/fibre/__init__.py -> /home/li/ros2_ws/build/dummy_controller/build/lib/dummy_controller/dummy_cli_tool/fibre
copying dummy_controller/dummy_cli_tool/fibre/shell.py -> /home/li/ros2_ws/build/dummy_controller/build/lib/dummy_controller/dummy_cli_tool/fibre
copying dummy_controller/dummy_cli_tool/fibre/tcp_transport.py -> /home/li/ros2_ws/build/dummy_controller/build/lib/dummy_controller/dummy_cli_tool/fibre
copying dummy_controller/dummy_cli_tool/fibre/usbbulk_transport.py -> /home/li/ros2_ws/build/dummy_controller/build/lib/dummy_controller/dummy_cli_tool/fibre
creating /home/li/ros2_ws/build/dummy_controller/build/lib/dummy_controller/dummy_cli_tool/ref_tool
copying dummy_controller/dummy_cli_tool/ref_tool/configuration.py -> /home/li/ros2_ws/build/dummy_controller/build/lib/dummy_controller/dummy_cli_tool/ref_tool
copying dummy_controller/dummy_cli_tool/ref_tool/utils.py -> /home/li/ros2_ws/build/dummy_controller/build/lib/dummy_controller/dummy_cli_tool/ref_tool
copying dummy_controller/dummy_cli_tool/ref_tool/__init__.py -> /home/li/ros2_ws/build/dummy_controller/build/lib/dummy_controller/dummy_cli_tool/ref_tool
copying dummy_controller/dummy_cli_tool/ref_tool/shell.py -> /home/li/ros2_ws/build/dummy_controller/build/lib/dummy_controller/dummy_cli_tool/ref_tool
copying dummy_controller/dummy_cli_tool/ref_tool/code_generator.py -> /home/li/ros2_ws/build/dummy_controller/build/lib/dummy_controller/dummy_cli_tool/ref_tool
copying dummy_controller/dummy_cli_tool/ref_tool/version.py -> /home/li/ros2_ws/build/dummy_controller/build/lib/dummy_controller/dummy_cli_tool/ref_tool
running install
running install_lib
creating /home/li/ros2_ws/install/dummy_controller/lib/python3.10/site-packages/dummy_controller
copying /home/li/ros2_ws/build/dummy_controller/build/lib/dummy_controller/moveit_server.py -> /home/li/ros2_ws/install/dummy_controller/lib/python3.10/site-packages/dummy_controller
copying /home/li/ros2_ws/build/dummy_controller/build/lib/dummy_controller/dummy_arm_controller.py -> /home/li/ros2_ws/install/dummy_controller/lib/python3.10/site-packages/dummy_controller
copying /home/li/ros2_ws/build/dummy_controller/build/lib/dummy_controller/add_collision_object.py -> /home/li/ros2_ws/install/dummy_controller/lib/python3.10/site-packages/dummy_controller
copying /home/li/ros2_ws/build/dummy_controller/build/lib/dummy_controller/__init__.py -> /home/li/ros2_ws/install/dummy_controller/lib/python3.10/site-packages/dummy_controller
creating /home/li/ros2_ws/install/dummy_controller/lib/python3.10/site-packages/dummy_controller/dummy_cli_tool
copying /home/li/ros2_ws/build/dummy_controller/build/lib/dummy_controller/dummy_cli_tool/__init__.py -> /home/li/ros2_ws/install/dummy_controller/lib/python3.10/site-packages/dummy_controller/dummy_cli_tool
creating /home/li/ros2_ws/install/dummy_controller/lib/python3.10/site-packages/dummy_controller/dummy_cli_tool/fibre
copying /home/li/ros2_ws/build/dummy_controller/build/lib/dummy_controller/dummy_cli_tool/fibre/udp_transport.py -> /home/li/ros2_ws/install/dummy_controller/lib/python3.10/site-packages/dummy_controller/dummy_cli_tool/fibre
copying /home/li/ros2_ws/build/dummy_controller/build/lib/dummy_controller/dummy_cli_tool/fibre/remote_object.py -> /home/li/ros2_ws/install/dummy_controller/lib/python3.10/site-packages/dummy_controller/dummy_cli_tool/fibre
copying /home/li/ros2_ws/build/dummy_controller/build/lib/dummy_controller/dummy_cli_tool/fibre/serial_transport.py -> /home/li/ros2_ws/install/dummy_controller/lib/python3.10/site-packages/dummy_controller/dummy_cli_tool/fibre
copying /home/li/ros2_ws/build/dummy_controller/build/lib/dummy_controller/dummy_cli_tool/fibre/utils.py -> /home/li/ros2_ws/install/dummy_controller/lib/python3.10/site-packages/dummy_controller/dummy_cli_tool/fibre
copying /home/li/ros2_ws/build/dummy_controller/build/lib/dummy_controller/dummy_cli_tool/fibre/discovery.py -> /home/li/ros2_ws/install/dummy_controller/lib/python3.10/site-packages/dummy_controller/dummy_cli_tool/fibre
copying /home/li/ros2_ws/build/dummy_controller/build/lib/dummy_controller/dummy_cli_tool/fibre/protocol.py -> /home/li/ros2_ws/install/dummy_controller/lib/python3.10/site-packages/dummy_controller/dummy_cli_tool/fibre
copying /home/li/ros2_ws/build/dummy_controller/build/lib/dummy_controller/dummy_cli_tool/fibre/__init__.py -> /home/li/ros2_ws/install/dummy_controller/lib/python3.10/site-packages/dummy_controller/dummy_cli_tool/fibre
copying /home/li/ros2_ws/build/dummy_controller/build/lib/dummy_controller/dummy_cli_tool/fibre/shell.py -> /home/li/ros2_ws/install/dummy_controller/lib/python3.10/site-packages/dummy_controller/dummy_cli_tool/fibre
copying /home/li/ros2_ws/build/dummy_controller/build/lib/dummy_controller/dummy_cli_tool/fibre/tcp_transport.py -> /home/li/ros2_ws/install/dummy_controller/lib/python3.10/site-packages/dummy_controller/dummy_cli_tool/fibre
copying /home/li/ros2_ws/build/dummy_controller/build/lib/dummy_controller/dummy_cli_tool/fibre/usbbulk_transport.py -> /home/li/ros2_ws/install/dummy_controller/lib/python3.10/site-packages/dummy_controller/dummy_cli_tool/fibre
copying /home/li/ros2_ws/build/dummy_controller/build/lib/dummy_controller/dummy_cli_tool/run_shell.py -> /home/li/ros2_ws/install/dummy_controller/lib/python3.10/site-packages/dummy_controller/dummy_cli_tool
creating /home/li/ros2_ws/install/dummy_controller/lib/python3.10/site-packages/dummy_controller/dummy_cli_tool/ref_tool
copying /home/li/ros2_ws/build/dummy_controller/build/lib/dummy_controller/dummy_cli_tool/ref_tool/configuration.py -> /home/li/ros2_ws/install/dummy_controller/lib/python3.10/site-packages/dummy_controller/dummy_cli_tool/ref_tool
copying /home/li/ros2_ws/build/dummy_controller/build/lib/dummy_controller/dummy_cli_tool/ref_tool/utils.py -> /home/li/ros2_ws/install/dummy_controller/lib/python3.10/site-packages/dummy_controller/dummy_cli_tool/ref_tool
copying /home/li/ros2_ws/build/dummy_controller/build/lib/dummy_controller/dummy_cli_tool/ref_tool/__init__.py -> /home/li/ros2_ws/install/dummy_controller/lib/python3.10/site-packages/dummy_controller/dummy_cli_tool/ref_tool
copying /home/li/ros2_ws/build/dummy_controller/build/lib/dummy_controller/dummy_cli_tool/ref_tool/shell.py -> /home/li/ros2_ws/install/dummy_controller/lib/python3.10/site-packages/dummy_controller/dummy_cli_tool/ref_tool
copying /home/li/ros2_ws/build/dummy_controller/build/lib/dummy_controller/dummy_cli_tool/ref_tool/code_generator.py -> /home/li/ros2_ws/install/dummy_controller/lib/python3.10/site-packages/dummy_controller/dummy_cli_tool/ref_tool
copying /home/li/ros2_ws/build/dummy_controller/build/lib/dummy_controller/dummy_cli_tool/ref_tool/version.py -> /home/li/ros2_ws/install/dummy_controller/lib/python3.10/site-packages/dummy_controller/dummy_cli_tool/ref_tool
byte-compiling /home/li/ros2_ws/install/dummy_controller/lib/python3.10/site-packages/dummy_controller/moveit_server.py to moveit_server.cpython-310.pyc
byte-compiling /home/li/ros2_ws/install/dummy_controller/lib/python3.10/site-packages/dummy_controller/dummy_arm_controller.py to dummy_arm_controller.cpython-310.pyc
byte-compiling /home/li/ros2_ws/install/dummy_controller/lib/python3.10/site-packages/dummy_controller/add_collision_object.py to add_collision_object.cpython-310.pyc
byte-compiling /home/li/ros2_ws/install/dummy_controller/lib/python3.10/site-packages/dummy_controller/__init__.py to __init__.cpython-310.pyc
byte-compiling /home/li/ros2_ws/install/dummy_controller/lib/python3.10/site-packages/dummy_controller/dummy_cli_tool/__init__.py to __init__.cpython-310.pyc
byte-compiling /home/li/ros2_ws/install/dummy_controller/lib/python3.10/site-packages/dummy_controller/dummy_cli_tool/fibre/udp_transport.py to udp_transport.cpython-310.pyc
byte-compiling /home/li/ros2_ws/install/dummy_controller/lib/python3.10/site-packages/dummy_controller/dummy_cli_tool/fibre/remote_object.py to remote_object.cpython-310.pyc
byte-compiling /home/li/ros2_ws/install/dummy_controller/lib/python3.10/site-packages/dummy_controller/dummy_cli_tool/fibre/serial_transport.py to serial_transport.cpython-310.pyc
byte-compiling /home/li/ros2_ws/install/dummy_controller/lib/python3.10/site-packages/dummy_controller/dummy_cli_tool/fibre/utils.py to utils.cpython-310.pyc
byte-compiling /home/li/ros2_ws/install/dummy_controller/lib/python3.10/site-packages/dummy_controller/dummy_cli_tool/fibre/discovery.py to discovery.cpython-310.pyc
byte-compiling /home/li/ros2_ws/install/dummy_controller/lib/python3.10/site-packages/dummy_controller/dummy_cli_tool/fibre/protocol.py to protocol.cpython-310.pyc
byte-compiling /home/li/ros2_ws/install/dummy_controller/lib/python3.10/site-packages/dummy_controller/dummy_cli_tool/fibre/__init__.py to __init__.cpython-310.pyc
byte-compiling /home/li/ros2_ws/install/dummy_controller/lib/python3.10/site-packages/dummy_controller/dummy_cli_tool/fibre/shell.py to shell.cpython-310.pyc
byte-compiling /home/li/ros2_ws/install/dummy_controller/lib/python3.10/site-packages/dummy_controller/dummy_cli_tool/fibre/tcp_transport.py to tcp_transport.cpython-310.pyc
byte-compiling /home/li/ros2_ws/install/dummy_controller/lib/python3.10/site-packages/dummy_controller/dummy_cli_tool/fibre/usbbulk_transport.py to usbbulk_transport.cpython-310.pyc
byte-compiling /home/li/ros2_ws/install/dummy_controller/lib/python3.10/site-packages/dummy_controller/dummy_cli_tool/run_shell.py to run_shell.cpython-310.pyc
byte-compiling /home/li/ros2_ws/install/dummy_controller/lib/python3.10/site-packages/dummy_controller/dummy_cli_tool/ref_tool/configuration.py to configuration.cpython-310.pyc
byte-compiling /home/li/ros2_ws/install/dummy_controller/lib/python3.10/site-packages/dummy_controller/dummy_cli_tool/ref_tool/utils.py to utils.cpython-310.pyc
byte-compiling /home/li/ros2_ws/install/dummy_controller/lib/python3.10/site-packages/dummy_controller/dummy_cli_tool/ref_tool/__init__.py to __init__.cpython-310.pyc
byte-compiling /home/li/ros2_ws/install/dummy_controller/lib/python3.10/site-packages/dummy_controller/dummy_cli_tool/ref_tool/shell.py to shell.cpython-310.pyc
byte-compiling /home/li/ros2_ws/install/dummy_controller/lib/python3.10/site-packages/dummy_controller/dummy_cli_tool/ref_tool/code_generator.py to code_generator.cpython-310.pyc
byte-compiling /home/li/ros2_ws/install/dummy_controller/lib/python3.10/site-packages/dummy_controller/dummy_cli_tool/ref_tool/version.py to version.cpython-310.pyc
running install_data
creating /home/li/ros2_ws/install/dummy_controller/share/ament_index
creating /home/li/ros2_ws/install/dummy_controller/share/ament_index/resource_index
creating /home/li/ros2_ws/install/dummy_controller/share/ament_index/resource_index/packages
copying resource/dummy_controller -> /home/li/ros2_ws/install/dummy_controller/share/ament_index/resource_index/packages
copying package.xml -> /home/li/ros2_ws/install/dummy_controller/share/dummy_controller
running install_egg_info
Copying ../../build/dummy_controller/dummy_controller.egg-info to /home/li/ros2_ws/install/dummy_controller/lib/python3.10/site-packages/dummy_controller-0.0.0-py3.10.egg-info
running install_scripts
Installing add_collision_object script to /home/li/ros2_ws/install/dummy_controller/lib/dummy_controller
Installing dummy_arm_controller script to /home/li/ros2_ws/install/dummy_controller/lib/dummy_controller
Installing moveit_server script to /home/li/ros2_ws/install/dummy_controller/lib/dummy_controller
writing list of installed files to '/home/li/ros2_ws/build/dummy_controller/install.log'
