[0.373s] Invoking command in '/home/li/ros2_ws/src/dummy_controller': PYTHONPATH=/home/li/ros2_ws/build/dummy_controller/prefix_override:/usr/lib/python3/dist-packages/colcon_core/task/python/colcon_distutils_commands:/home/li/ros2_ws/install/dummy_controller/lib/python3.10/site-packages:${PYTHONPATH} /usr/bin/python3 -W ignore:setup.py install is deprecated -W ignore:easy_install command is deprecated setup.py egg_info --egg-base ../../build/dummy_controller build --build-base /home/li/ros2_ws/build/dummy_controller/build install --record /home/li/ros2_ws/build/dummy_controller/install.log --single-version-externally-managed install_data
[0.520s] running egg_info
[0.520s] creating ../../build/dummy_controller/dummy_controller.egg-info
[0.520s] writing ../../build/dummy_controller/dummy_controller.egg-info/PKG-INFO
[0.520s] writing dependency_links to ../../build/dummy_controller/dummy_controller.egg-info/dependency_links.txt
[0.520s] writing entry points to ../../build/dummy_controller/dummy_controller.egg-info/entry_points.txt
[0.520s] writing requirements to ../../build/dummy_controller/dummy_controller.egg-info/requires.txt
[0.520s] writing top-level names to ../../build/dummy_controller/dummy_controller.egg-info/top_level.txt
[0.521s] writing manifest file '../../build/dummy_controller/dummy_controller.egg-info/SOURCES.txt'
[0.522s] reading manifest file '../../build/dummy_controller/dummy_controller.egg-info/SOURCES.txt'
[0.523s] writing manifest file '../../build/dummy_controller/dummy_controller.egg-info/SOURCES.txt'
[0.523s] running build
[0.523s] running build_py
[0.523s] creating /home/li/ros2_ws/build/dummy_controller/build
[0.523s] creating /home/li/ros2_ws/build/dummy_controller/build/lib
[0.523s] creating /home/li/ros2_ws/build/dummy_controller/build/lib/dummy_controller
[0.523s] copying dummy_controller/moveit_server.py -> /home/li/ros2_ws/build/dummy_controller/build/lib/dummy_controller
[0.523s] copying dummy_controller/dummy_arm_controller.py -> /home/li/ros2_ws/build/dummy_controller/build/lib/dummy_controller
[0.523s] copying dummy_controller/add_collision_object.py -> /home/li/ros2_ws/build/dummy_controller/build/lib/dummy_controller
[0.523s] copying dummy_controller/depth_image_visualizer.py -> /home/li/ros2_ws/build/dummy_controller/build/lib/dummy_controller
[0.523s] copying dummy_controller/__init__.py -> /home/li/ros2_ws/build/dummy_controller/build/lib/dummy_controller
[0.523s] copying dummy_controller/add_collision_object_simple.py -> /home/li/ros2_ws/build/dummy_controller/build/lib/dummy_controller
[0.523s] creating /home/li/ros2_ws/build/dummy_controller/build/lib/dummy_controller/dummy_cli_tool
[0.523s] copying dummy_controller/dummy_cli_tool/__init__.py -> /home/li/ros2_ws/build/dummy_controller/build/lib/dummy_controller/dummy_cli_tool
[0.523s] copying dummy_controller/dummy_cli_tool/run_shell.py -> /home/li/ros2_ws/build/dummy_controller/build/lib/dummy_controller/dummy_cli_tool
[0.523s] creating /home/li/ros2_ws/build/dummy_controller/build/lib/dummy_controller/dummy_cli_tool/fibre
[0.523s] copying dummy_controller/dummy_cli_tool/fibre/udp_transport.py -> /home/li/ros2_ws/build/dummy_controller/build/lib/dummy_controller/dummy_cli_tool/fibre
[0.524s] copying dummy_controller/dummy_cli_tool/fibre/remote_object.py -> /home/li/ros2_ws/build/dummy_controller/build/lib/dummy_controller/dummy_cli_tool/fibre
[0.524s] copying dummy_controller/dummy_cli_tool/fibre/serial_transport.py -> /home/li/ros2_ws/build/dummy_controller/build/lib/dummy_controller/dummy_cli_tool/fibre
[0.524s] copying dummy_controller/dummy_cli_tool/fibre/utils.py -> /home/li/ros2_ws/build/dummy_controller/build/lib/dummy_controller/dummy_cli_tool/fibre
[0.524s] copying dummy_controller/dummy_cli_tool/fibre/discovery.py -> /home/li/ros2_ws/build/dummy_controller/build/lib/dummy_controller/dummy_cli_tool/fibre
[0.524s] copying dummy_controller/dummy_cli_tool/fibre/protocol.py -> /home/li/ros2_ws/build/dummy_controller/build/lib/dummy_controller/dummy_cli_tool/fibre
[0.524s] copying dummy_controller/dummy_cli_tool/fibre/__init__.py -> /home/li/ros2_ws/build/dummy_controller/build/lib/dummy_controller/dummy_cli_tool/fibre
[0.524s] copying dummy_controller/dummy_cli_tool/fibre/shell.py -> /home/li/ros2_ws/build/dummy_controller/build/lib/dummy_controller/dummy_cli_tool/fibre
[0.524s] copying dummy_controller/dummy_cli_tool/fibre/tcp_transport.py -> /home/li/ros2_ws/build/dummy_controller/build/lib/dummy_controller/dummy_cli_tool/fibre
[0.524s] copying dummy_controller/dummy_cli_tool/fibre/usbbulk_transport.py -> /home/li/ros2_ws/build/dummy_controller/build/lib/dummy_controller/dummy_cli_tool/fibre
[0.524s] creating /home/li/ros2_ws/build/dummy_controller/build/lib/dummy_controller/dummy_cli_tool/ref_tool
[0.524s] copying dummy_controller/dummy_cli_tool/ref_tool/configuration.py -> /home/li/ros2_ws/build/dummy_controller/build/lib/dummy_controller/dummy_cli_tool/ref_tool
[0.524s] copying dummy_controller/dummy_cli_tool/ref_tool/utils.py -> /home/li/ros2_ws/build/dummy_controller/build/lib/dummy_controller/dummy_cli_tool/ref_tool
[0.524s] copying dummy_controller/dummy_cli_tool/ref_tool/__init__.py -> /home/li/ros2_ws/build/dummy_controller/build/lib/dummy_controller/dummy_cli_tool/ref_tool
[0.524s] copying dummy_controller/dummy_cli_tool/ref_tool/shell.py -> /home/li/ros2_ws/build/dummy_controller/build/lib/dummy_controller/dummy_cli_tool/ref_tool
[0.524s] copying dummy_controller/dummy_cli_tool/ref_tool/code_generator.py -> /home/li/ros2_ws/build/dummy_controller/build/lib/dummy_controller/dummy_cli_tool/ref_tool
[0.524s] copying dummy_controller/dummy_cli_tool/ref_tool/version.py -> /home/li/ros2_ws/build/dummy_controller/build/lib/dummy_controller/dummy_cli_tool/ref_tool
[0.525s] running install
[0.525s] running install_lib
[0.525s] copying /home/li/ros2_ws/build/dummy_controller/build/lib/dummy_controller/dummy_arm_controller.py -> /home/li/ros2_ws/install/dummy_controller/lib/python3.10/site-packages/dummy_controller
[0.526s] byte-compiling /home/li/ros2_ws/install/dummy_controller/lib/python3.10/site-packages/dummy_controller/dummy_arm_controller.py to dummy_arm_controller.cpython-310.pyc
[0.527s] running install_data
[0.527s] running install_egg_info
[0.528s] removing '/home/li/ros2_ws/install/dummy_controller/lib/python3.10/site-packages/dummy_controller-0.0.0-py3.10.egg-info' (and everything under it)
[0.528s] Copying ../../build/dummy_controller/dummy_controller.egg-info to /home/li/ros2_ws/install/dummy_controller/lib/python3.10/site-packages/dummy_controller-0.0.0-py3.10.egg-info
[0.529s] running install_scripts
[0.539s] Installing add_collision_object script to /home/li/ros2_ws/install/dummy_controller/lib/dummy_controller
[0.539s] Installing add_collision_object_simple script to /home/li/ros2_ws/install/dummy_controller/lib/dummy_controller
[0.539s] Installing depth_image_visualizer script to /home/li/ros2_ws/install/dummy_controller/lib/dummy_controller
[0.539s] Installing dummy_arm_controller script to /home/li/ros2_ws/install/dummy_controller/lib/dummy_controller
[0.539s] Installing moveit_server script to /home/li/ros2_ws/install/dummy_controller/lib/dummy_controller
[0.540s] writing list of installed files to '/home/li/ros2_ws/build/dummy_controller/install.log'
[0.552s] Invoked command in '/home/li/ros2_ws/src/dummy_controller' returned '0': PYTHONPATH=/home/li/ros2_ws/build/dummy_controller/prefix_override:/usr/lib/python3/dist-packages/colcon_core/task/python/colcon_distutils_commands:/home/li/ros2_ws/install/dummy_controller/lib/python3.10/site-packages:${PYTHONPATH} /usr/bin/python3 -W ignore:setup.py install is deprecated -W ignore:easy_install command is deprecated setup.py egg_info --egg-base ../../build/dummy_controller build --build-base /home/li/ros2_ws/build/dummy_controller/build install --record /home/li/ros2_ws/build/dummy_controller/install.log --single-version-externally-managed install_data
