[0.384s] Invoking command in '/home/li/ros2_ws/src/dummy_controller': PYTHONPATH=/home/li/ros2_ws/build/dummy_controller/prefix_override:/usr/lib/python3/dist-packages/colcon_core/task/python/colcon_distutils_commands:/home/li/ros2_ws/install/dummy_controller/lib/python3.10/site-packages:${PYTHONPATH} /usr/bin/python3 -W ignore:setup.py install is deprecated -W ignore:easy_install command is deprecated setup.py egg_info --egg-base ../../build/dummy_controller build --build-base /home/li/ros2_ws/build/dummy_controller/build install --record /home/li/ros2_ws/build/dummy_controller/install.log --single-version-externally-managed install_data
[0.533s] running egg_info
[0.533s] writing ../../build/dummy_controller/dummy_controller.egg-info/PKG-INFO
[0.533s] writing dependency_links to ../../build/dummy_controller/dummy_controller.egg-info/dependency_links.txt
[0.533s] writing entry points to ../../build/dummy_controller/dummy_controller.egg-info/entry_points.txt
[0.533s] writing requirements to ../../build/dummy_controller/dummy_controller.egg-info/requires.txt
[0.533s] writing top-level names to ../../build/dummy_controller/dummy_controller.egg-info/top_level.txt
[0.535s] reading manifest file '../../build/dummy_controller/dummy_controller.egg-info/SOURCES.txt'
[0.536s] writing manifest file '../../build/dummy_controller/dummy_controller.egg-info/SOURCES.txt'
[0.536s] running build
[0.536s] running build_py
[0.536s] copying dummy_controller/dummy_arm_controller.py -> /home/li/ros2_ws/build/dummy_controller/build/lib/dummy_controller
[0.537s] running install
[0.537s] running install_lib
[0.538s] copying /home/li/ros2_ws/build/dummy_controller/build/lib/dummy_controller/dummy_arm_controller.py -> /home/li/ros2_ws/install/dummy_controller/lib/python3.10/site-packages/dummy_controller
[0.538s] byte-compiling /home/li/ros2_ws/install/dummy_controller/lib/python3.10/site-packages/dummy_controller/dummy_arm_controller.py to dummy_arm_controller.cpython-310.pyc
[0.540s] running install_data
[0.540s] running install_egg_info
[0.541s] removing '/home/li/ros2_ws/install/dummy_controller/lib/python3.10/site-packages/dummy_controller-0.0.0-py3.10.egg-info' (and everything under it)
[0.541s] Copying ../../build/dummy_controller/dummy_controller.egg-info to /home/li/ros2_ws/install/dummy_controller/lib/python3.10/site-packages/dummy_controller-0.0.0-py3.10.egg-info
[0.542s] running install_scripts
[0.552s] Installing add_collision_object script to /home/li/ros2_ws/install/dummy_controller/lib/dummy_controller
[0.552s] Installing add_collision_object_simple script to /home/li/ros2_ws/install/dummy_controller/lib/dummy_controller
[0.552s] Installing depth_image_visualizer script to /home/li/ros2_ws/install/dummy_controller/lib/dummy_controller
[0.552s] Installing dummy_arm_controller script to /home/li/ros2_ws/install/dummy_controller/lib/dummy_controller
[0.552s] Installing moveit_server script to /home/li/ros2_ws/install/dummy_controller/lib/dummy_controller
[0.553s] writing list of installed files to '/home/li/ros2_ws/build/dummy_controller/install.log'
[0.565s] Invoked command in '/home/li/ros2_ws/src/dummy_controller' returned '0': PYTHONPATH=/home/li/ros2_ws/build/dummy_controller/prefix_override:/usr/lib/python3/dist-packages/colcon_core/task/python/colcon_distutils_commands:/home/li/ros2_ws/install/dummy_controller/lib/python3.10/site-packages:${PYTHONPATH} /usr/bin/python3 -W ignore:setup.py install is deprecated -W ignore:easy_install command is deprecated setup.py egg_info --egg-base ../../build/dummy_controller build --build-base /home/li/ros2_ws/build/dummy_controller/build install --record /home/li/ros2_ws/build/dummy_controller/install.log --single-version-externally-managed install_data
