[0.370s] Invoking command in '/home/li/ros2_ws/src/dummy_controller': PYTHONPATH=/home/li/ros2_ws/build/dummy_controller/prefix_override:/usr/lib/python3/dist-packages/colcon_core/task/python/colcon_distutils_commands:/home/li/ros2_ws/install/dummy_controller/lib/python3.10/site-packages:${PYTHONPATH} /usr/bin/python3 -W ignore:setup.py install is deprecated -W ignore:easy_install command is deprecated setup.py egg_info --egg-base ../../build/dummy_controller build --build-base /home/li/ros2_ws/build/dummy_controller/build install --record /home/li/ros2_ws/build/dummy_controller/install.log --single-version-externally-managed install_data
[0.515s] running egg_info
[0.515s] writing ../../build/dummy_controller/dummy_controller.egg-info/PKG-INFO
[0.515s] writing dependency_links to ../../build/dummy_controller/dummy_controller.egg-info/dependency_links.txt
[0.515s] writing entry points to ../../build/dummy_controller/dummy_controller.egg-info/entry_points.txt
[0.515s] writing requirements to ../../build/dummy_controller/dummy_controller.egg-info/requires.txt
[0.515s] writing top-level names to ../../build/dummy_controller/dummy_controller.egg-info/top_level.txt
[0.517s] reading manifest file '../../build/dummy_controller/dummy_controller.egg-info/SOURCES.txt'
[0.518s] writing manifest file '../../build/dummy_controller/dummy_controller.egg-info/SOURCES.txt'
[0.518s] running build
[0.518s] running build_py
[0.519s] running install
[0.519s] running install_lib
[0.520s] running install_data
[0.520s] running install_egg_info
[0.521s] removing '/home/li/ros2_ws/install/dummy_controller/lib/python3.10/site-packages/dummy_controller-0.0.0-py3.10.egg-info' (and everything under it)
[0.521s] Copying ../../build/dummy_controller/dummy_controller.egg-info to /home/li/ros2_ws/install/dummy_controller/lib/python3.10/site-packages/dummy_controller-0.0.0-py3.10.egg-info
[0.522s] running install_scripts
[0.533s] Installing add_collision_object script to /home/li/ros2_ws/install/dummy_controller/lib/dummy_controller
[0.533s] Installing add_collision_object_simple script to /home/li/ros2_ws/install/dummy_controller/lib/dummy_controller
[0.533s] Installing depth_image_visualizer script to /home/li/ros2_ws/install/dummy_controller/lib/dummy_controller
[0.533s] Installing dummy_arm_controller script to /home/li/ros2_ws/install/dummy_controller/lib/dummy_controller
[0.533s] Installing moveit_server script to /home/li/ros2_ws/install/dummy_controller/lib/dummy_controller
[0.534s] writing list of installed files to '/home/li/ros2_ws/build/dummy_controller/install.log'
[0.546s] Invoked command in '/home/li/ros2_ws/src/dummy_controller' returned '0': PYTHONPATH=/home/li/ros2_ws/build/dummy_controller/prefix_override:/usr/lib/python3/dist-packages/colcon_core/task/python/colcon_distutils_commands:/home/li/ros2_ws/install/dummy_controller/lib/python3.10/site-packages:${PYTHONPATH} /usr/bin/python3 -W ignore:setup.py install is deprecated -W ignore:easy_install command is deprecated setup.py egg_info --egg-base ../../build/dummy_controller build --build-base /home/li/ros2_ws/build/dummy_controller/build install --record /home/li/ros2_ws/build/dummy_controller/install.log --single-version-externally-managed install_data
