[0.057s] DEBUG:colcon:Command line arguments: ['/usr/bin/colcon', 'list', '-p', '--base-paths', '/home/li/ros2_ws']
[0.058s] DEBUG:colcon:Parsed command line arguments: Namespace(log_base=None, log_level=None, verb_name='list', build_base='build', ignore_user_meta=False, metas=['./colcon.meta'], base_paths=['/home/li/ros2_ws'], packages_ignore=None, packages_ignore_regex=None, paths=None, packages_up_to=None, packages_up_to_regex=None, packages_above=None, packages_above_and_dependencies=None, packages_above_depth=None, packages_select_by_dep=None, packages_skip_by_dep=None, packages_skip_up_to=None, packages_select_build_failed=False, packages_skip_build_finished=False, packages_select_test_failures=False, packages_skip_test_passed=False, packages_select=None, packages_skip=None, packages_select_regex=None, packages_skip_regex=None, packages_start=None, packages_end=None, allow_overriding=[], topological_order=False, names_only=False, paths_only=True, topological_graph=False, topological_graph_dot=False, topological_graph_density=False, topological_graph_legend=False, topological_graph_dot_cluster=False, topological_graph_dot_include_skipped=False, mixin_files=None, mixin=None, verb_parser=<colcon_mixin.mixin.mixin_argument.MixinArgumentDecorator object at 0x75a56b695900>, verb_extension=<colcon_package_information.verb.list.ListVerb object at 0x75a56b694a30>, main=<bound method ListVerb.main of <colcon_package_information.verb.list.ListVerb object at 0x75a56b694a30>>, mixin_verb=('list',))
[0.171s] Level 1:colcon.colcon_core.package_discovery:discover_packages(colcon_meta) check parameters
[0.171s] Level 1:colcon.colcon_core.package_discovery:discover_packages(recursive) check parameters
[0.171s] Level 1:colcon.colcon_core.package_discovery:discover_packages(ignore) check parameters
[0.171s] Level 1:colcon.colcon_core.package_discovery:discover_packages(path) check parameters
[0.171s] Level 1:colcon.colcon_core.package_discovery:discover_packages(recursive) discover
[0.171s] INFO:colcon.colcon_core.package_discovery:Crawling recursively for packages in '/home/li/ros2_ws'
[0.171s] Level 1:colcon.colcon_core.package_identification:_identify(/home/li/ros2_ws) by extensions ['ignore', 'ignore_ament_install']
[0.171s] Level 1:colcon.colcon_core.package_identification:_identify(/home/li/ros2_ws) by extension 'ignore'
[0.171s] Level 1:colcon.colcon_core.package_identification:_identify(/home/li/ros2_ws) by extension 'ignore_ament_install'
[0.171s] Level 1:colcon.colcon_core.package_identification:_identify(/home/li/ros2_ws) by extensions ['colcon_pkg']
[0.171s] Level 1:colcon.colcon_core.package_identification:_identify(/home/li/ros2_ws) by extension 'colcon_pkg'
[0.171s] Level 1:colcon.colcon_core.package_identification:_identify(/home/li/ros2_ws) by extensions ['colcon_meta']
[0.171s] Level 1:colcon.colcon_core.package_identification:_identify(/home/li/ros2_ws) by extension 'colcon_meta'
[0.172s] Level 1:colcon.colcon_core.package_identification:_identify(/home/li/ros2_ws) by extensions ['ros']
[0.172s] Level 1:colcon.colcon_core.package_identification:_identify(/home/li/ros2_ws) by extension 'ros'
[0.186s] Level 1:colcon.colcon_core.package_identification:_identify(/home/li/ros2_ws) by extensions ['cmake', 'python']
[0.186s] Level 1:colcon.colcon_core.package_identification:_identify(/home/li/ros2_ws) by extension 'cmake'
[0.186s] Level 1:colcon.colcon_core.package_identification:_identify(/home/li/ros2_ws) by extension 'python'
[0.186s] Level 1:colcon.colcon_core.package_identification:_identify(/home/li/ros2_ws) by extensions ['python_setup_py']
[0.186s] Level 1:colcon.colcon_core.package_identification:_identify(/home/li/ros2_ws) by extension 'python_setup_py'
[0.186s] Level 1:colcon.colcon_core.package_identification:_identify(/home/li/ros2_ws/build) by extensions ['ignore', 'ignore_ament_install']
[0.186s] Level 1:colcon.colcon_core.package_identification:_identify(/home/li/ros2_ws/build) by extension 'ignore'
[0.186s] Level 1:colcon.colcon_core.package_identification:_identify(/home/li/ros2_ws/build) ignored
[0.186s] Level 1:colcon.colcon_core.package_identification:_identify(/home/li/ros2_ws/install) by extensions ['ignore', 'ignore_ament_install']
[0.186s] Level 1:colcon.colcon_core.package_identification:_identify(/home/li/ros2_ws/install) by extension 'ignore'
[0.186s] Level 1:colcon.colcon_core.package_identification:_identify(/home/li/ros2_ws/install) ignored
[0.186s] Level 1:colcon.colcon_core.package_identification:_identify(/home/li/ros2_ws/log) by extensions ['ignore', 'ignore_ament_install']
[0.186s] Level 1:colcon.colcon_core.package_identification:_identify(/home/li/ros2_ws/log) by extension 'ignore'
[0.186s] Level 1:colcon.colcon_core.package_identification:_identify(/home/li/ros2_ws/log) ignored
[0.186s] Level 1:colcon.colcon_core.package_identification:_identify(/home/li/ros2_ws/src) by extensions ['ignore', 'ignore_ament_install']
[0.186s] Level 1:colcon.colcon_core.package_identification:_identify(/home/li/ros2_ws/src) by extension 'ignore'
[0.186s] Level 1:colcon.colcon_core.package_identification:_identify(/home/li/ros2_ws/src) by extension 'ignore_ament_install'
[0.186s] Level 1:colcon.colcon_core.package_identification:_identify(/home/li/ros2_ws/src) by extensions ['colcon_pkg']
[0.186s] Level 1:colcon.colcon_core.package_identification:_identify(/home/li/ros2_ws/src) by extension 'colcon_pkg'
[0.186s] Level 1:colcon.colcon_core.package_identification:_identify(/home/li/ros2_ws/src) by extensions ['colcon_meta']
[0.186s] Level 1:colcon.colcon_core.package_identification:_identify(/home/li/ros2_ws/src) by extension 'colcon_meta'
[0.186s] Level 1:colcon.colcon_core.package_identification:_identify(/home/li/ros2_ws/src) by extensions ['ros']
[0.186s] Level 1:colcon.colcon_core.package_identification:_identify(/home/li/ros2_ws/src) by extension 'ros'
[0.186s] Level 1:colcon.colcon_core.package_identification:_identify(/home/li/ros2_ws/src) by extensions ['cmake', 'python']
[0.186s] Level 1:colcon.colcon_core.package_identification:_identify(/home/li/ros2_ws/src) by extension 'cmake'
[0.186s] Level 1:colcon.colcon_core.package_identification:_identify(/home/li/ros2_ws/src) by extension 'python'
[0.186s] Level 1:colcon.colcon_core.package_identification:_identify(/home/li/ros2_ws/src) by extensions ['python_setup_py']
[0.186s] Level 1:colcon.colcon_core.package_identification:_identify(/home/li/ros2_ws/src) by extension 'python_setup_py'
[0.187s] Level 1:colcon.colcon_core.package_identification:_identify(/home/li/ros2_ws/src/dummy-ros2_description) by extensions ['ignore', 'ignore_ament_install']
[0.187s] Level 1:colcon.colcon_core.package_identification:_identify(/home/li/ros2_ws/src/dummy-ros2_description) by extension 'ignore'
[0.187s] Level 1:colcon.colcon_core.package_identification:_identify(/home/li/ros2_ws/src/dummy-ros2_description) by extension 'ignore_ament_install'
[0.187s] Level 1:colcon.colcon_core.package_identification:_identify(/home/li/ros2_ws/src/dummy-ros2_description) by extensions ['colcon_pkg']
[0.187s] Level 1:colcon.colcon_core.package_identification:_identify(/home/li/ros2_ws/src/dummy-ros2_description) by extension 'colcon_pkg'
[0.187s] Level 1:colcon.colcon_core.package_identification:_identify(/home/li/ros2_ws/src/dummy-ros2_description) by extensions ['colcon_meta']
[0.187s] Level 1:colcon.colcon_core.package_identification:_identify(/home/li/ros2_ws/src/dummy-ros2_description) by extension 'colcon_meta'
[0.187s] Level 1:colcon.colcon_core.package_identification:_identify(/home/li/ros2_ws/src/dummy-ros2_description) by extensions ['ros']
[0.187s] Level 1:colcon.colcon_core.package_identification:_identify(/home/li/ros2_ws/src/dummy-ros2_description) by extension 'ros'
[0.188s] DEBUG:colcon.colcon_core.package_identification:Package '/home/li/ros2_ws/src/dummy-ros2_description' with type 'ros.ament_python' and name 'dummy-ros2_description'
[0.188s] Level 1:colcon.colcon_core.package_identification:_identify(/home/li/ros2_ws/src/dummy_controller) by extensions ['ignore', 'ignore_ament_install']
[0.188s] Level 1:colcon.colcon_core.package_identification:_identify(/home/li/ros2_ws/src/dummy_controller) by extension 'ignore'
[0.188s] Level 1:colcon.colcon_core.package_identification:_identify(/home/li/ros2_ws/src/dummy_controller) by extension 'ignore_ament_install'
[0.188s] Level 1:colcon.colcon_core.package_identification:_identify(/home/li/ros2_ws/src/dummy_controller) by extensions ['colcon_pkg']
[0.188s] Level 1:colcon.colcon_core.package_identification:_identify(/home/li/ros2_ws/src/dummy_controller) by extension 'colcon_pkg'
[0.188s] Level 1:colcon.colcon_core.package_identification:_identify(/home/li/ros2_ws/src/dummy_controller) by extensions ['colcon_meta']
[0.188s] Level 1:colcon.colcon_core.package_identification:_identify(/home/li/ros2_ws/src/dummy_controller) by extension 'colcon_meta'
[0.189s] Level 1:colcon.colcon_core.package_identification:_identify(/home/li/ros2_ws/src/dummy_controller) by extensions ['ros']
[0.189s] Level 1:colcon.colcon_core.package_identification:_identify(/home/li/ros2_ws/src/dummy_controller) by extension 'ros'
[0.189s] DEBUG:colcon.colcon_core.package_identification:Package '/home/li/ros2_ws/src/dummy_controller' with type 'ros.ament_python' and name 'dummy_controller'
[0.189s] Level 1:colcon.colcon_core.package_identification:_identify(/home/li/ros2_ws/src/dummy_moveit_config) by extensions ['ignore', 'ignore_ament_install']
[0.189s] Level 1:colcon.colcon_core.package_identification:_identify(/home/li/ros2_ws/src/dummy_moveit_config) by extension 'ignore'
[0.189s] Level 1:colcon.colcon_core.package_identification:_identify(/home/li/ros2_ws/src/dummy_moveit_config) by extension 'ignore_ament_install'
[0.189s] Level 1:colcon.colcon_core.package_identification:_identify(/home/li/ros2_ws/src/dummy_moveit_config) by extensions ['colcon_pkg']
[0.189s] Level 1:colcon.colcon_core.package_identification:_identify(/home/li/ros2_ws/src/dummy_moveit_config) by extension 'colcon_pkg'
[0.189s] Level 1:colcon.colcon_core.package_identification:_identify(/home/li/ros2_ws/src/dummy_moveit_config) by extensions ['colcon_meta']
[0.189s] Level 1:colcon.colcon_core.package_identification:_identify(/home/li/ros2_ws/src/dummy_moveit_config) by extension 'colcon_meta'
[0.189s] Level 1:colcon.colcon_core.package_identification:_identify(/home/li/ros2_ws/src/dummy_moveit_config) by extensions ['ros']
[0.189s] Level 1:colcon.colcon_core.package_identification:_identify(/home/li/ros2_ws/src/dummy_moveit_config) by extension 'ros'
[0.190s] DEBUG:colcon.colcon_core.package_identification:Package '/home/li/ros2_ws/src/dummy_moveit_config' with type 'ros.ament_cmake' and name 'dummy_moveit_config'
[0.190s] Level 1:colcon.colcon_core.package_identification:_identify(/home/li/ros2_ws/src/dummy_server) by extensions ['ignore', 'ignore_ament_install']
[0.190s] Level 1:colcon.colcon_core.package_identification:_identify(/home/li/ros2_ws/src/dummy_server) by extension 'ignore'
[0.190s] Level 1:colcon.colcon_core.package_identification:_identify(/home/li/ros2_ws/src/dummy_server) by extension 'ignore_ament_install'
[0.190s] Level 1:colcon.colcon_core.package_identification:_identify(/home/li/ros2_ws/src/dummy_server) by extensions ['colcon_pkg']
[0.190s] Level 1:colcon.colcon_core.package_identification:_identify(/home/li/ros2_ws/src/dummy_server) by extension 'colcon_pkg'
[0.190s] Level 1:colcon.colcon_core.package_identification:_identify(/home/li/ros2_ws/src/dummy_server) by extensions ['colcon_meta']
[0.190s] Level 1:colcon.colcon_core.package_identification:_identify(/home/li/ros2_ws/src/dummy_server) by extension 'colcon_meta'
[0.190s] Level 1:colcon.colcon_core.package_identification:_identify(/home/li/ros2_ws/src/dummy_server) by extensions ['ros']
[0.190s] Level 1:colcon.colcon_core.package_identification:_identify(/home/li/ros2_ws/src/dummy_server) by extension 'ros'
[0.190s] DEBUG:colcon.colcon_core.package_identification:Package '/home/li/ros2_ws/src/dummy_server' with type 'ros.ament_cmake' and name 'pymoveit2'
[0.190s] Level 1:colcon.colcon_core.package_discovery:discover_packages(recursive) using defaults
