[0.062s] DEBUG:colcon:Command line arguments: ['/usr/bin/colcon', 'build', '--packages-select', 'dummy_moveit_config', 'dummy_controller']
[0.062s] DEBUG:colcon:Parsed command line arguments: Namespace(log_base=None, log_level=None, verb_name='build', build_base='build', install_base='install', merge_install=False, symlink_install=False, test_result_base=None, continue_on_error=False, executor='parallel', parallel_workers=32, event_handlers=None, ignore_user_meta=False, metas=['./colcon.meta'], base_paths=['.'], packages_ignore=None, packages_ignore_regex=None, paths=None, packages_up_to=None, packages_up_to_regex=None, packages_above=None, packages_above_and_dependencies=None, packages_above_depth=None, packages_select_by_dep=None, packages_skip_by_dep=None, packages_skip_up_to=None, packages_select_build_failed=False, packages_skip_build_finished=False, packages_select_test_failures=False, packages_skip_test_passed=False, packages_select=['dummy_moveit_config', 'dummy_controller'], packages_skip=None, packages_select_regex=None, packages_skip_regex=None, packages_start=None, packages_end=None, allow_overriding=[], cmake_args=None, cmake_target=None, cmake_target_skip_unavailable=False, cmake_clean_cache=False, cmake_clean_first=False, cmake_force_configure=False, ament_cmake_args=None, catkin_cmake_args=None, catkin_skip_building_tests=False, mixin_files=None, mixin=None, verb_parser=<colcon_mixin.mixin.mixin_argument.MixinArgumentDecorator object at 0x76272f3a5150>, verb_extension=<colcon_core.verb.build.BuildVerb object at 0x76272f3a4ca0>, main=<bound method BuildVerb.main of <colcon_core.verb.build.BuildVerb object at 0x76272f3a4ca0>>, mixin_verb=('build',))
[0.176s] Level 1:colcon.colcon_core.package_discovery:discover_packages(colcon_meta) check parameters
[0.176s] Level 1:colcon.colcon_core.package_discovery:discover_packages(recursive) check parameters
[0.176s] Level 1:colcon.colcon_core.package_discovery:discover_packages(ignore) check parameters
[0.176s] Level 1:colcon.colcon_core.package_discovery:discover_packages(path) check parameters
[0.176s] Level 1:colcon.colcon_core.package_discovery:discover_packages(colcon_meta) discover
[0.176s] Level 1:colcon.colcon_core.package_discovery:discover_packages(recursive) discover
[0.176s] INFO:colcon.colcon_core.package_discovery:Crawling recursively for packages in '/home/li/ros2_ws'
[0.176s] Level 1:colcon.colcon_core.package_identification:_identify(.) by extensions ['ignore', 'ignore_ament_install']
[0.176s] Level 1:colcon.colcon_core.package_identification:_identify(.) by extension 'ignore'
[0.176s] Level 1:colcon.colcon_core.package_identification:_identify(.) by extension 'ignore_ament_install'
[0.176s] Level 1:colcon.colcon_core.package_identification:_identify(.) by extensions ['colcon_pkg']
[0.176s] Level 1:colcon.colcon_core.package_identification:_identify(.) by extension 'colcon_pkg'
[0.176s] Level 1:colcon.colcon_core.package_identification:_identify(.) by extensions ['colcon_meta']
[0.176s] Level 1:colcon.colcon_core.package_identification:_identify(.) by extension 'colcon_meta'
[0.176s] Level 1:colcon.colcon_core.package_identification:_identify(.) by extensions ['ros']
[0.176s] Level 1:colcon.colcon_core.package_identification:_identify(.) by extension 'ros'
[0.182s] Level 1:colcon.colcon_core.package_identification:_identify(.) by extensions ['cmake', 'python']
[0.182s] Level 1:colcon.colcon_core.package_identification:_identify(.) by extension 'cmake'
[0.182s] Level 1:colcon.colcon_core.package_identification:_identify(.) by extension 'python'
[0.182s] Level 1:colcon.colcon_core.package_identification:_identify(.) by extensions ['python_setup_py']
[0.182s] Level 1:colcon.colcon_core.package_identification:_identify(.) by extension 'python_setup_py'
[0.182s] Level 1:colcon.colcon_core.package_identification:_identify(build) by extensions ['ignore', 'ignore_ament_install']
[0.182s] Level 1:colcon.colcon_core.package_identification:_identify(build) by extension 'ignore'
[0.182s] Level 1:colcon.colcon_core.package_identification:_identify(build) ignored
[0.182s] Level 1:colcon.colcon_core.package_identification:_identify(install) by extensions ['ignore', 'ignore_ament_install']
[0.182s] Level 1:colcon.colcon_core.package_identification:_identify(install) by extension 'ignore'
[0.182s] Level 1:colcon.colcon_core.package_identification:_identify(install) ignored
[0.182s] Level 1:colcon.colcon_core.package_identification:_identify(log) by extensions ['ignore', 'ignore_ament_install']
[0.182s] Level 1:colcon.colcon_core.package_identification:_identify(log) by extension 'ignore'
[0.182s] Level 1:colcon.colcon_core.package_identification:_identify(log) ignored
[0.182s] Level 1:colcon.colcon_core.package_identification:_identify(src) by extensions ['ignore', 'ignore_ament_install']
[0.182s] Level 1:colcon.colcon_core.package_identification:_identify(src) by extension 'ignore'
[0.182s] Level 1:colcon.colcon_core.package_identification:_identify(src) by extension 'ignore_ament_install'
[0.182s] Level 1:colcon.colcon_core.package_identification:_identify(src) by extensions ['colcon_pkg']
[0.182s] Level 1:colcon.colcon_core.package_identification:_identify(src) by extension 'colcon_pkg'
[0.182s] Level 1:colcon.colcon_core.package_identification:_identify(src) by extensions ['colcon_meta']
[0.183s] Level 1:colcon.colcon_core.package_identification:_identify(src) by extension 'colcon_meta'
[0.183s] Level 1:colcon.colcon_core.package_identification:_identify(src) by extensions ['ros']
[0.183s] Level 1:colcon.colcon_core.package_identification:_identify(src) by extension 'ros'
[0.183s] Level 1:colcon.colcon_core.package_identification:_identify(src) by extensions ['cmake', 'python']
[0.183s] Level 1:colcon.colcon_core.package_identification:_identify(src) by extension 'cmake'
[0.183s] Level 1:colcon.colcon_core.package_identification:_identify(src) by extension 'python'
[0.183s] Level 1:colcon.colcon_core.package_identification:_identify(src) by extensions ['python_setup_py']
[0.183s] Level 1:colcon.colcon_core.package_identification:_identify(src) by extension 'python_setup_py'
[0.183s] Level 1:colcon.colcon_core.package_identification:_identify(src/dummy-ros2_description) by extensions ['ignore', 'ignore_ament_install']
[0.183s] Level 1:colcon.colcon_core.package_identification:_identify(src/dummy-ros2_description) by extension 'ignore'
[0.183s] Level 1:colcon.colcon_core.package_identification:_identify(src/dummy-ros2_description) by extension 'ignore_ament_install'
[0.183s] Level 1:colcon.colcon_core.package_identification:_identify(src/dummy-ros2_description) by extensions ['colcon_pkg']
[0.183s] Level 1:colcon.colcon_core.package_identification:_identify(src/dummy-ros2_description) by extension 'colcon_pkg'
[0.183s] Level 1:colcon.colcon_core.package_identification:_identify(src/dummy-ros2_description) by extensions ['colcon_meta']
[0.183s] Level 1:colcon.colcon_core.package_identification:_identify(src/dummy-ros2_description) by extension 'colcon_meta'
[0.183s] Level 1:colcon.colcon_core.package_identification:_identify(src/dummy-ros2_description) by extensions ['ros']
[0.183s] Level 1:colcon.colcon_core.package_identification:_identify(src/dummy-ros2_description) by extension 'ros'
[0.184s] DEBUG:colcon.colcon_core.package_identification:Package 'src/dummy-ros2_description' with type 'ros.ament_python' and name 'dummy-ros2_description'
[0.184s] Level 1:colcon.colcon_core.package_identification:_identify(src/dummy_controller) by extensions ['ignore', 'ignore_ament_install']
[0.184s] Level 1:colcon.colcon_core.package_identification:_identify(src/dummy_controller) by extension 'ignore'
[0.184s] Level 1:colcon.colcon_core.package_identification:_identify(src/dummy_controller) by extension 'ignore_ament_install'
[0.184s] Level 1:colcon.colcon_core.package_identification:_identify(src/dummy_controller) by extensions ['colcon_pkg']
[0.184s] Level 1:colcon.colcon_core.package_identification:_identify(src/dummy_controller) by extension 'colcon_pkg'
[0.184s] Level 1:colcon.colcon_core.package_identification:_identify(src/dummy_controller) by extensions ['colcon_meta']
[0.184s] Level 1:colcon.colcon_core.package_identification:_identify(src/dummy_controller) by extension 'colcon_meta'
[0.184s] Level 1:colcon.colcon_core.package_identification:_identify(src/dummy_controller) by extensions ['ros']
[0.184s] Level 1:colcon.colcon_core.package_identification:_identify(src/dummy_controller) by extension 'ros'
[0.185s] DEBUG:colcon.colcon_core.package_identification:Package 'src/dummy_controller' with type 'ros.ament_python' and name 'dummy_controller'
[0.185s] Level 1:colcon.colcon_core.package_identification:_identify(src/dummy_moveit_config) by extensions ['ignore', 'ignore_ament_install']
[0.185s] Level 1:colcon.colcon_core.package_identification:_identify(src/dummy_moveit_config) by extension 'ignore'
[0.185s] Level 1:colcon.colcon_core.package_identification:_identify(src/dummy_moveit_config) by extension 'ignore_ament_install'
[0.185s] Level 1:colcon.colcon_core.package_identification:_identify(src/dummy_moveit_config) by extensions ['colcon_pkg']
[0.185s] Level 1:colcon.colcon_core.package_identification:_identify(src/dummy_moveit_config) by extension 'colcon_pkg'
[0.185s] Level 1:colcon.colcon_core.package_identification:_identify(src/dummy_moveit_config) by extensions ['colcon_meta']
[0.185s] Level 1:colcon.colcon_core.package_identification:_identify(src/dummy_moveit_config) by extension 'colcon_meta'
[0.185s] Level 1:colcon.colcon_core.package_identification:_identify(src/dummy_moveit_config) by extensions ['ros']
[0.185s] Level 1:colcon.colcon_core.package_identification:_identify(src/dummy_moveit_config) by extension 'ros'
[0.185s] DEBUG:colcon.colcon_core.package_identification:Package 'src/dummy_moveit_config' with type 'ros.ament_cmake' and name 'dummy_moveit_config'
[0.186s] Level 1:colcon.colcon_core.package_identification:_identify(src/dummy_server) by extensions ['ignore', 'ignore_ament_install']
[0.186s] Level 1:colcon.colcon_core.package_identification:_identify(src/dummy_server) by extension 'ignore'
[0.186s] Level 1:colcon.colcon_core.package_identification:_identify(src/dummy_server) by extension 'ignore_ament_install'
[0.186s] Level 1:colcon.colcon_core.package_identification:_identify(src/dummy_server) by extensions ['colcon_pkg']
[0.186s] Level 1:colcon.colcon_core.package_identification:_identify(src/dummy_server) by extension 'colcon_pkg'
[0.186s] Level 1:colcon.colcon_core.package_identification:_identify(src/dummy_server) by extensions ['colcon_meta']
[0.186s] Level 1:colcon.colcon_core.package_identification:_identify(src/dummy_server) by extension 'colcon_meta'
[0.186s] Level 1:colcon.colcon_core.package_identification:_identify(src/dummy_server) by extensions ['ros']
[0.186s] Level 1:colcon.colcon_core.package_identification:_identify(src/dummy_server) by extension 'ros'
[0.186s] DEBUG:colcon.colcon_core.package_identification:Package 'src/dummy_server' with type 'ros.ament_cmake' and name 'pymoveit2'
[0.186s] Level 1:colcon.colcon_core.package_discovery:discover_packages(recursive) using defaults
[0.186s] Level 1:colcon.colcon_core.package_discovery:discover_packages(ignore) discover
[0.186s] Level 1:colcon.colcon_core.package_discovery:discover_packages(ignore) using defaults
[0.186s] Level 1:colcon.colcon_core.package_discovery:discover_packages(path) discover
[0.186s] Level 1:colcon.colcon_core.package_discovery:discover_packages(path) using defaults
[0.196s] INFO:colcon.colcon_core.package_selection:Skipping not selected package 'dummy-ros2_description' in 'src/dummy-ros2_description'
[0.196s] INFO:colcon.colcon_core.package_selection:Skipping not selected package 'pymoveit2' in 'src/dummy_server'
[0.197s] Level 1:colcon.colcon_core.package_discovery:discover_packages(prefix_path) check parameters
[0.197s] Level 1:colcon.colcon_core.package_discovery:discover_packages(prefix_path) discover
[0.198s] DEBUG:colcon.colcon_installed_package_information.package_discovery:Found 4 installed packages in /home/li/ros2_ws/install
[0.199s] DEBUG:colcon.colcon_installed_package_information.package_discovery:Found 385 installed packages in /opt/ros/humble
[0.200s] Level 1:colcon.colcon_core.package_discovery:discover_packages(prefix_path) using defaults
[0.224s] Level 5:colcon.colcon_core.verb:set package 'dummy_controller' build argument 'cmake_args' from command line to 'None'
[0.224s] Level 5:colcon.colcon_core.verb:set package 'dummy_controller' build argument 'cmake_target' from command line to 'None'
[0.224s] Level 5:colcon.colcon_core.verb:set package 'dummy_controller' build argument 'cmake_target_skip_unavailable' from command line to 'False'
[0.224s] Level 5:colcon.colcon_core.verb:set package 'dummy_controller' build argument 'cmake_clean_cache' from command line to 'False'
[0.224s] Level 5:colcon.colcon_core.verb:set package 'dummy_controller' build argument 'cmake_clean_first' from command line to 'False'
[0.224s] Level 5:colcon.colcon_core.verb:set package 'dummy_controller' build argument 'cmake_force_configure' from command line to 'False'
[0.224s] Level 5:colcon.colcon_core.verb:set package 'dummy_controller' build argument 'ament_cmake_args' from command line to 'None'
[0.224s] Level 5:colcon.colcon_core.verb:set package 'dummy_controller' build argument 'catkin_cmake_args' from command line to 'None'
[0.224s] Level 5:colcon.colcon_core.verb:set package 'dummy_controller' build argument 'catkin_skip_building_tests' from command line to 'False'
[0.224s] DEBUG:colcon.colcon_core.verb:Building package 'dummy_controller' with the following arguments: {'ament_cmake_args': None, 'build_base': '/home/li/ros2_ws/build/dummy_controller', 'catkin_cmake_args': None, 'catkin_skip_building_tests': False, 'cmake_args': None, 'cmake_clean_cache': False, 'cmake_clean_first': False, 'cmake_force_configure': False, 'cmake_target': None, 'cmake_target_skip_unavailable': False, 'install_base': '/home/li/ros2_ws/install/dummy_controller', 'merge_install': False, 'path': '/home/li/ros2_ws/src/dummy_controller', 'symlink_install': False, 'test_result_base': None}
[0.225s] Level 5:colcon.colcon_core.verb:set package 'dummy_moveit_config' build argument 'cmake_args' from command line to 'None'
[0.225s] Level 5:colcon.colcon_core.verb:set package 'dummy_moveit_config' build argument 'cmake_target' from command line to 'None'
[0.225s] Level 5:colcon.colcon_core.verb:set package 'dummy_moveit_config' build argument 'cmake_target_skip_unavailable' from command line to 'False'
[0.225s] Level 5:colcon.colcon_core.verb:set package 'dummy_moveit_config' build argument 'cmake_clean_cache' from command line to 'False'
[0.225s] Level 5:colcon.colcon_core.verb:set package 'dummy_moveit_config' build argument 'cmake_clean_first' from command line to 'False'
[0.225s] Level 5:colcon.colcon_core.verb:set package 'dummy_moveit_config' build argument 'cmake_force_configure' from command line to 'False'
[0.225s] Level 5:colcon.colcon_core.verb:set package 'dummy_moveit_config' build argument 'ament_cmake_args' from command line to 'None'
[0.225s] Level 5:colcon.colcon_core.verb:set package 'dummy_moveit_config' build argument 'catkin_cmake_args' from command line to 'None'
[0.225s] Level 5:colcon.colcon_core.verb:set package 'dummy_moveit_config' build argument 'catkin_skip_building_tests' from command line to 'False'
[0.225s] DEBUG:colcon.colcon_core.verb:Building package 'dummy_moveit_config' with the following arguments: {'ament_cmake_args': None, 'build_base': '/home/li/ros2_ws/build/dummy_moveit_config', 'catkin_cmake_args': None, 'catkin_skip_building_tests': False, 'cmake_args': None, 'cmake_clean_cache': False, 'cmake_clean_first': False, 'cmake_force_configure': False, 'cmake_target': None, 'cmake_target_skip_unavailable': False, 'install_base': '/home/li/ros2_ws/install/dummy_moveit_config', 'merge_install': False, 'path': '/home/li/ros2_ws/src/dummy_moveit_config', 'symlink_install': False, 'test_result_base': None}
[0.225s] INFO:colcon.colcon_core.executor:Executing jobs using 'parallel' executor
[0.225s] DEBUG:colcon.colcon_parallel_executor.executor.parallel:run_until_complete
[0.226s] INFO:colcon.colcon_ros.task.ament_python.build:Building ROS package in '/home/li/ros2_ws/src/dummy_controller' with build type 'ament_python'
[0.226s] Level 1:colcon.colcon_core.shell:create_environment_hook('dummy_controller', 'ament_prefix_path')
[0.227s] INFO:colcon.colcon_core.plugin_system:Skipping extension 'colcon_core.shell.bat': Not used on non-Windows systems
[0.227s] INFO:colcon.colcon_core.shell:Creating environment hook '/home/li/ros2_ws/install/dummy_controller/share/dummy_controller/hook/ament_prefix_path.ps1'
[0.227s] INFO:colcon.colcon_core.shell:Creating environment descriptor '/home/li/ros2_ws/install/dummy_controller/share/dummy_controller/hook/ament_prefix_path.dsv'
[0.227s] INFO:colcon.colcon_core.shell:Creating environment hook '/home/li/ros2_ws/install/dummy_controller/share/dummy_controller/hook/ament_prefix_path.sh'
[0.228s] INFO:colcon.colcon_core.shell:Skip shell extension 'powershell' for command environment: Not usable outside of PowerShell
[0.228s] DEBUG:colcon.colcon_core.shell:Skip shell extension 'dsv' for command environment
[0.230s] INFO:colcon.colcon_ros.task.ament_cmake.build:Building ROS package in '/home/li/ros2_ws/src/dummy_moveit_config' with build type 'ament_cmake'
[0.230s] INFO:colcon.colcon_cmake.task.cmake.build:Building CMake package in '/home/li/ros2_ws/src/dummy_moveit_config'
[0.230s] INFO:colcon.colcon_core.shell:Skip shell extension 'powershell' for command environment: Not usable outside of PowerShell
[0.230s] DEBUG:colcon.colcon_core.shell:Skip shell extension 'dsv' for command environment
[0.404s] INFO:colcon.colcon_core.task.python.build:Building Python package in '/home/li/ros2_ws/src/dummy_controller'
[0.404s] INFO:colcon.colcon_core.shell:Skip shell extension 'powershell' for command environment: Not usable outside of PowerShell
[0.404s] DEBUG:colcon.colcon_core.shell:Skip shell extension 'dsv' for command environment
[0.410s] DEBUG:colcon.colcon_core.event_handler.log_command:Invoking command in '/home/li/ros2_ws/build/dummy_moveit_config': AMENT_PREFIX_PATH=/home/li/ros2_ws/install/dummy-ros2_description:/home/li/ros2_ws/install/pymoveit2:/home/li/ros2_ws/install/dummy_moveit_config:/home/li/ros2_ws/install/dummy_controller:/opt/ros/humble CMAKE_PREFIX_PATH=${CMAKE_PREFIX_PATH}:/home/li/ros2_ws/install/dummy_controller:/home/li/ros2_ws/install/dummy-ros2_description:/opt/ros/humble CONDA_PROMPT_MODIFIER=(base) PYTHONPATH=/home/li/ros2_ws/install/dummy-ros2_description/lib/python3.10/site-packages:/home/li/ros2_ws/install/pymoveit2/lib/python3.11/site-packages:/home/li/ros2_ws/install/dummy_controller/lib/python3.10/site-packages:/opt/ros/humble/lib/python3.10/site-packages:/opt/ros/humble/local/lib/python3.10/dist-packages /usr/bin/cmake --build /home/li/ros2_ws/build/dummy_moveit_config -- -j32 -l32
[0.648s] DEBUG:colcon.colcon_core.event_handler.log_command:Invoking command in '/home/li/ros2_ws/src/dummy_controller': CONDA_PROMPT_MODIFIER=(base) PYTHONPATH=/home/li/ros2_ws/build/dummy_controller/prefix_override:/usr/lib/python3/dist-packages/colcon_core/task/python/colcon_distutils_commands:/home/li/ros2_ws/install/dummy_controller/lib/python3.10/site-packages:${PYTHONPATH} /usr/bin/python3 -W ignore:setup.py install is deprecated -W ignore:easy_install command is deprecated setup.py egg_info --egg-base ../../build/dummy_controller build --build-base /home/li/ros2_ws/build/dummy_controller/build install --record /home/li/ros2_ws/build/dummy_controller/install.log --single-version-externally-managed install_data
[0.689s] DEBUG:colcon.colcon_core.event_handler.log_command:Invoked command in '/home/li/ros2_ws/build/dummy_moveit_config' returned '0': AMENT_PREFIX_PATH=/home/li/ros2_ws/install/dummy-ros2_description:/home/li/ros2_ws/install/pymoveit2:/home/li/ros2_ws/install/dummy_moveit_config:/home/li/ros2_ws/install/dummy_controller:/opt/ros/humble CMAKE_PREFIX_PATH=${CMAKE_PREFIX_PATH}:/home/li/ros2_ws/install/dummy_controller:/home/li/ros2_ws/install/dummy-ros2_description:/opt/ros/humble CONDA_PROMPT_MODIFIER=(base) PYTHONPATH=/home/li/ros2_ws/install/dummy-ros2_description/lib/python3.10/site-packages:/home/li/ros2_ws/install/pymoveit2/lib/python3.11/site-packages:/home/li/ros2_ws/install/dummy_controller/lib/python3.10/site-packages:/opt/ros/humble/lib/python3.10/site-packages:/opt/ros/humble/local/lib/python3.10/dist-packages /usr/bin/cmake --build /home/li/ros2_ws/build/dummy_moveit_config -- -j32 -l32
[0.702s] DEBUG:colcon.colcon_core.event_handler.log_command:Invoking command in '/home/li/ros2_ws/build/dummy_moveit_config': AMENT_PREFIX_PATH=/home/li/ros2_ws/install/dummy-ros2_description:/home/li/ros2_ws/install/pymoveit2:/home/li/ros2_ws/install/dummy_moveit_config:/home/li/ros2_ws/install/dummy_controller:/opt/ros/humble CMAKE_PREFIX_PATH=${CMAKE_PREFIX_PATH}:/home/li/ros2_ws/install/dummy_controller:/home/li/ros2_ws/install/dummy-ros2_description:/opt/ros/humble CONDA_PROMPT_MODIFIER=(base) PYTHONPATH=/home/li/ros2_ws/install/dummy-ros2_description/lib/python3.10/site-packages:/home/li/ros2_ws/install/pymoveit2/lib/python3.11/site-packages:/home/li/ros2_ws/install/dummy_controller/lib/python3.10/site-packages:/opt/ros/humble/lib/python3.10/site-packages:/opt/ros/humble/local/lib/python3.10/dist-packages /usr/bin/cmake --install /home/li/ros2_ws/build/dummy_moveit_config
[0.714s] Level 1:colcon.colcon_core.environment:create_environment_scripts_only(dummy_moveit_config)
[0.715s] DEBUG:colcon.colcon_core.event_handler.log_command:Invoked command in '/home/li/ros2_ws/build/dummy_moveit_config' returned '0': AMENT_PREFIX_PATH=/home/li/ros2_ws/install/dummy-ros2_description:/home/li/ros2_ws/install/pymoveit2:/home/li/ros2_ws/install/dummy_moveit_config:/home/li/ros2_ws/install/dummy_controller:/opt/ros/humble CMAKE_PREFIX_PATH=${CMAKE_PREFIX_PATH}:/home/li/ros2_ws/install/dummy_controller:/home/li/ros2_ws/install/dummy-ros2_description:/opt/ros/humble CONDA_PROMPT_MODIFIER=(base) PYTHONPATH=/home/li/ros2_ws/install/dummy-ros2_description/lib/python3.10/site-packages:/home/li/ros2_ws/install/pymoveit2/lib/python3.11/site-packages:/home/li/ros2_ws/install/dummy_controller/lib/python3.10/site-packages:/opt/ros/humble/lib/python3.10/site-packages:/opt/ros/humble/local/lib/python3.10/dist-packages /usr/bin/cmake --install /home/li/ros2_ws/build/dummy_moveit_config
[0.716s] Level 1:colcon.colcon_core.environment:checking '/home/li/ros2_ws/install/dummy_moveit_config' for CMake module files
[0.716s] Level 1:colcon.colcon_core.environment:checking '/home/li/ros2_ws/install/dummy_moveit_config' for CMake config files
[0.716s] Level 1:colcon.colcon_core.shell:create_environment_hook('dummy_moveit_config', 'cmake_prefix_path')
[0.716s] INFO:colcon.colcon_core.shell:Creating environment hook '/home/li/ros2_ws/install/dummy_moveit_config/share/dummy_moveit_config/hook/cmake_prefix_path.ps1'
[0.717s] INFO:colcon.colcon_core.shell:Creating environment descriptor '/home/li/ros2_ws/install/dummy_moveit_config/share/dummy_moveit_config/hook/cmake_prefix_path.dsv'
[0.717s] INFO:colcon.colcon_core.shell:Creating environment hook '/home/li/ros2_ws/install/dummy_moveit_config/share/dummy_moveit_config/hook/cmake_prefix_path.sh'
[0.717s] Level 1:colcon.colcon_core.environment:checking '/home/li/ros2_ws/install/dummy_moveit_config/lib'
[0.717s] Level 1:colcon.colcon_core.environment:checking '/home/li/ros2_ws/install/dummy_moveit_config/bin'
[0.717s] Level 1:colcon.colcon_core.environment:checking '/home/li/ros2_ws/install/dummy_moveit_config/lib/pkgconfig/dummy_moveit_config.pc'
[0.717s] Level 1:colcon.colcon_core.environment:checking '/home/li/ros2_ws/install/dummy_moveit_config/lib/python3.10/site-packages'
[0.718s] Level 1:colcon.colcon_core.environment:checking '/home/li/ros2_ws/install/dummy_moveit_config/bin'
[0.718s] INFO:colcon.colcon_core.shell:Creating package script '/home/li/ros2_ws/install/dummy_moveit_config/share/dummy_moveit_config/package.ps1'
[0.718s] INFO:colcon.colcon_core.shell:Creating package descriptor '/home/li/ros2_ws/install/dummy_moveit_config/share/dummy_moveit_config/package.dsv'
[0.718s] INFO:colcon.colcon_core.shell:Creating package script '/home/li/ros2_ws/install/dummy_moveit_config/share/dummy_moveit_config/package.sh'
[0.719s] INFO:colcon.colcon_core.shell:Creating package script '/home/li/ros2_ws/install/dummy_moveit_config/share/dummy_moveit_config/package.bash'
[0.719s] INFO:colcon.colcon_core.shell:Creating package script '/home/li/ros2_ws/install/dummy_moveit_config/share/dummy_moveit_config/package.zsh'
[0.719s] Level 1:colcon.colcon_core.environment:create_file_with_runtime_dependencies(/home/li/ros2_ws/install/dummy_moveit_config/share/colcon-core/packages/dummy_moveit_config)
[0.720s] Level 1:colcon.colcon_core.environment:create_environment_scripts_only(dummy_moveit_config)
[0.720s] Level 1:colcon.colcon_core.environment:checking '/home/li/ros2_ws/install/dummy_moveit_config' for CMake module files
[0.720s] Level 1:colcon.colcon_core.environment:checking '/home/li/ros2_ws/install/dummy_moveit_config' for CMake config files
[0.720s] Level 1:colcon.colcon_core.shell:create_environment_hook('dummy_moveit_config', 'cmake_prefix_path')
[0.720s] INFO:colcon.colcon_core.shell:Creating environment hook '/home/li/ros2_ws/install/dummy_moveit_config/share/dummy_moveit_config/hook/cmake_prefix_path.ps1'
[0.721s] INFO:colcon.colcon_core.shell:Creating environment descriptor '/home/li/ros2_ws/install/dummy_moveit_config/share/dummy_moveit_config/hook/cmake_prefix_path.dsv'
[0.721s] INFO:colcon.colcon_core.shell:Creating environment hook '/home/li/ros2_ws/install/dummy_moveit_config/share/dummy_moveit_config/hook/cmake_prefix_path.sh'
[0.721s] Level 1:colcon.colcon_core.environment:checking '/home/li/ros2_ws/install/dummy_moveit_config/lib'
[0.721s] Level 1:colcon.colcon_core.environment:checking '/home/li/ros2_ws/install/dummy_moveit_config/bin'
[0.721s] Level 1:colcon.colcon_core.environment:checking '/home/li/ros2_ws/install/dummy_moveit_config/lib/pkgconfig/dummy_moveit_config.pc'
[0.721s] Level 1:colcon.colcon_core.environment:checking '/home/li/ros2_ws/install/dummy_moveit_config/lib/python3.10/site-packages'
[0.721s] Level 1:colcon.colcon_core.environment:checking '/home/li/ros2_ws/install/dummy_moveit_config/bin'
[0.722s] INFO:colcon.colcon_core.shell:Creating package script '/home/li/ros2_ws/install/dummy_moveit_config/share/dummy_moveit_config/package.ps1'
[0.722s] INFO:colcon.colcon_core.shell:Creating package descriptor '/home/li/ros2_ws/install/dummy_moveit_config/share/dummy_moveit_config/package.dsv'
[0.722s] INFO:colcon.colcon_core.shell:Creating package script '/home/li/ros2_ws/install/dummy_moveit_config/share/dummy_moveit_config/package.sh'
[0.722s] INFO:colcon.colcon_core.shell:Creating package script '/home/li/ros2_ws/install/dummy_moveit_config/share/dummy_moveit_config/package.bash'
[0.723s] INFO:colcon.colcon_core.shell:Creating package script '/home/li/ros2_ws/install/dummy_moveit_config/share/dummy_moveit_config/package.zsh'
[0.723s] Level 1:colcon.colcon_core.environment:create_file_with_runtime_dependencies(/home/li/ros2_ws/install/dummy_moveit_config/share/colcon-core/packages/dummy_moveit_config)
[0.835s] Level 1:colcon.colcon_core.environment:checking '/home/li/ros2_ws/install/dummy_controller' for CMake module files
[0.835s] DEBUG:colcon.colcon_core.event_handler.log_command:Invoked command in '/home/li/ros2_ws/src/dummy_controller' returned '0': CONDA_PROMPT_MODIFIER=(base) PYTHONPATH=/home/li/ros2_ws/build/dummy_controller/prefix_override:/usr/lib/python3/dist-packages/colcon_core/task/python/colcon_distutils_commands:/home/li/ros2_ws/install/dummy_controller/lib/python3.10/site-packages:${PYTHONPATH} /usr/bin/python3 -W ignore:setup.py install is deprecated -W ignore:easy_install command is deprecated setup.py egg_info --egg-base ../../build/dummy_controller build --build-base /home/li/ros2_ws/build/dummy_controller/build install --record /home/li/ros2_ws/build/dummy_controller/install.log --single-version-externally-managed install_data
[0.836s] Level 1:colcon.colcon_core.environment:checking '/home/li/ros2_ws/install/dummy_controller' for CMake config files
[0.836s] Level 1:colcon.colcon_core.environment:checking '/home/li/ros2_ws/install/dummy_controller/lib'
[0.836s] Level 1:colcon.colcon_core.environment:checking '/home/li/ros2_ws/install/dummy_controller/bin'
[0.836s] Level 1:colcon.colcon_core.environment:checking '/home/li/ros2_ws/install/dummy_controller/lib/pkgconfig/dummy_controller.pc'
[0.836s] Level 1:colcon.colcon_core.environment:checking '/home/li/ros2_ws/install/dummy_controller/lib/python3.10/site-packages'
[0.836s] Level 1:colcon.colcon_core.shell:create_environment_hook('dummy_controller', 'pythonpath')
[0.836s] INFO:colcon.colcon_core.shell:Creating environment hook '/home/li/ros2_ws/install/dummy_controller/share/dummy_controller/hook/pythonpath.ps1'
[0.837s] INFO:colcon.colcon_core.shell:Creating environment descriptor '/home/li/ros2_ws/install/dummy_controller/share/dummy_controller/hook/pythonpath.dsv'
[0.837s] INFO:colcon.colcon_core.shell:Creating environment hook '/home/li/ros2_ws/install/dummy_controller/share/dummy_controller/hook/pythonpath.sh'
[0.837s] Level 1:colcon.colcon_core.environment:checking '/home/li/ros2_ws/install/dummy_controller/bin'
[0.837s] Level 1:colcon.colcon_core.environment:create_environment_scripts_only(dummy_controller)
[0.837s] INFO:colcon.colcon_core.shell:Creating package script '/home/li/ros2_ws/install/dummy_controller/share/dummy_controller/package.ps1'
[0.838s] INFO:colcon.colcon_core.shell:Creating package descriptor '/home/li/ros2_ws/install/dummy_controller/share/dummy_controller/package.dsv'
[0.838s] INFO:colcon.colcon_core.shell:Creating package script '/home/li/ros2_ws/install/dummy_controller/share/dummy_controller/package.sh'
[0.838s] INFO:colcon.colcon_core.shell:Creating package script '/home/li/ros2_ws/install/dummy_controller/share/dummy_controller/package.bash'
[0.838s] INFO:colcon.colcon_core.shell:Creating package script '/home/li/ros2_ws/install/dummy_controller/share/dummy_controller/package.zsh'
[0.839s] Level 1:colcon.colcon_core.environment:create_file_with_runtime_dependencies(/home/li/ros2_ws/install/dummy_controller/share/colcon-core/packages/dummy_controller)
[0.839s] DEBUG:colcon.colcon_parallel_executor.executor.parallel:closing loop
[0.839s] DEBUG:colcon.colcon_parallel_executor.executor.parallel:loop closed
[0.839s] DEBUG:colcon.colcon_parallel_executor.executor.parallel:run_until_complete finished with '0'
[0.839s] DEBUG:colcon.colcon_core.event_reactor:joining thread
[0.843s] INFO:colcon.colcon_core.plugin_system:Skipping extension 'colcon_notification.desktop_notification.terminal_notifier': Not used on non-Darwin systems
[0.843s] INFO:colcon.colcon_core.plugin_system:Skipping extension 'colcon_notification.desktop_notification.win32': Not used on non-Windows systems
[0.843s] INFO:colcon.colcon_notification.desktop_notification:Sending desktop notification using 'notify2'
[0.850s] DEBUG:colcon.colcon_core.event_reactor:joined thread
[0.851s] INFO:colcon.colcon_core.shell:Creating prefix script '/home/li/ros2_ws/install/local_setup.ps1'
[0.851s] INFO:colcon.colcon_core.shell:Creating prefix util module '/home/li/ros2_ws/install/_local_setup_util_ps1.py'
[0.852s] INFO:colcon.colcon_core.shell:Creating prefix chain script '/home/li/ros2_ws/install/setup.ps1'
[0.853s] INFO:colcon.colcon_core.shell:Creating prefix script '/home/li/ros2_ws/install/local_setup.sh'
[0.853s] INFO:colcon.colcon_core.shell:Creating prefix util module '/home/li/ros2_ws/install/_local_setup_util_sh.py'
[0.853s] INFO:colcon.colcon_core.shell:Creating prefix chain script '/home/li/ros2_ws/install/setup.sh'
[0.854s] INFO:colcon.colcon_core.shell:Creating prefix script '/home/li/ros2_ws/install/local_setup.bash'
[0.854s] INFO:colcon.colcon_core.shell:Creating prefix chain script '/home/li/ros2_ws/install/setup.bash'
[0.855s] INFO:colcon.colcon_core.shell:Creating prefix script '/home/li/ros2_ws/install/local_setup.zsh'
[0.855s] INFO:colcon.colcon_core.shell:Creating prefix chain script '/home/li/ros2_ws/install/setup.zsh'
